core   0: 0x00001000 (0x00000297) auipc   x5, 0x0
core   0: 3 0x00001000 (0x00000297) x5  0x00001000
core   0: 0x00001004 (0x02028593) addi    x11, x5, 32
core   0: 3 0x00001004 (0x02028593) x11 0x00001020
core   0: 0x00001008 (0xf1402573) csrr    x10, mhartid
core   0: 3 0x00001008 (0xf1402573) x10 0x00000000
core   0: 0x0000100c (0x0182a283) lw      x5, 24(x5)
core   0: 3 0x0000100c (0x0182a283) x5  0x80000000 mem 0x00001018
core   0: 0x00001010 (0x00028067) jr      x5
core   0: 3 0x00001010 (0x00028067)
core   0: 0x80000000 (0x00004197) auipc   x3, 0x4
core   0: 3 0x80000000 (0x00004197) x3  0x80004000
core   0: 0x80000004 (0x80818193) addi    x3, x3, -2040
core   0: 3 0x80000004 (0x80818193) x3  0x80003808
core   0: 0x80000008 (0x02000e93) li      x29, 32
core   0: 3 0x80000008 (0x02000e93) x29 0x00000020
core   0: 0x8000000c (0x0d0efed7) vsetvli x29, x29, e32, m1, ta, ma
core   0: 3 0x8000000c (0x0d0efed7) x29 0x00000020 c8_vstart 0x00000000 c3104_vl 0x00000020 c3105_vtype 0x000000d0 c768_mstatus 0x80000600
core   0: 0x80000010 (0x00002eb7) lui     x29, 0x2
core   0: 3 0x80000010 (0x00002eb7) x29 0x00002000
core   0: 0x80000014 (0x300eaef3) csrrs   x29, mstatus, x29
core   0: 3 0x80000014 (0x300eaef3) x29 0x80000600 c768_mstatus 0x80006600
core   0: 0x80000018 (0x00000e93) li      x29, 0
core   0: 3 0x80000018 (0x00000e93) x29 0x00000000
core   0: 0x8000001c (0x80502373) csrr    x6, wid
core   0: 3 0x8000001c (0x80502373) x6  0x00000000
core   0: 0x80000020 (0x806023f3) csrr    x7, lds
core   0: 3 0x80000020 (0x806023f3) x7  0x70000000
core   0: 0x80000024 (0x40000e13) li      x28, 1024
core   0: 3 0x80000024 (0x40000e13) x28 0x00000400
core   0: 0x80000028 (0x03c30333) mul     x6, x6, x28
core   0: 3 0x80000028 (0x03c30333) x6  0x00000000
core   0: 0x8000002c (0x00730133) add     x2, x6, x7
core   0: 3 0x8000002c (0x00730133) x2  0x70000000
core   0: 0x80000030 (0x00000213) li      x4, 0
core   0: 3 0x80000030 (0x00000213) x4  0x00000000
core   0: 0x80000034 (0x80102f73) csrr    x30, numw
core   0: 3 0x80000034 (0x80102f73) x30 0x00000001
core   0: 0x80000038 (0x40000e13) li      x28, 1024
core   0: 3 0x80000038 (0x40000e13) x28 0x00000400
core   0: 0x8000003c (0x03cf0f33) mul     x30, x30, x28
core   0: 3 0x8000003c (0x03cf0f33) x30 0x00000400
core   0: 0x80000040 (0x01e38433) add     x8, x7, x30
core   0: 3 0x80000040 (0x01e38433) x8  0x70000400
core   0: 0x80000044 (0x00003517) auipc   x10, 0x3
core   0: 3 0x80000044 (0x00003517) x10 0x80003044
core   0: 0x80000048 (0xfc450513) addi    x10, x10, -60
core   0: 3 0x80000048 (0xfc450513) x10 0x80003008
core   0: 0x8000004c (0x00003617) auipc   x12, 0x3
core   0: 3 0x8000004c (0x00003617) x12 0x8000304c
core   0: 0x80000050 (0xfbc60613) addi    x12, x12, -68
core   0: 3 0x80000050 (0xfbc60613) x12 0x80003008
core   0: 0x80000054 (0x00c50863) beq     x10, x12, pc + 16
core   0: 3 0x80000054 (0x00c50863)
core   0: 0x80000064 (0x803022f3) csrr    x5, knl
core   0: 3 0x80000064 (0x803022f3) x5  0x90023000
core   0: 0x80000068 (0x0002a303) lw      x6, 0(x5)
core   0: 3 0x80000068 (0x0002a303) x6  0x800000b8 mem 0x90023000
core   0: 0x8000006c (0x0042a503) lw      x10, 4(x5)
core   0: 3 0x8000006c (0x0042a503) x10 0x90002000 mem 0x90023004
core   0: 0x80000070 (0x0302a383) lw      x7, 48(x5)
core   0: 3 0x80000070 (0x0302a383) x7  0x00000000 mem 0x90023030
core   0: 0x80000074 (0x0342ae03) lw      x28, 52(x5)
core   0: 3 0x80000074 (0x0342ae03) x28 0x00000000 mem 0x90023034
core   0: 0x80000078 (0x00003e97) auipc   x29, 0x3
core   0: 3 0x80000078 (0x00003e97) x29 0x80003078
core   0: 0x8000007c (0xf88e8e93) addi    x29, x29, -120
core   0: 3 0x8000007c (0xf88e8e93) x29 0x80003000
core   0: 0x80000080 (0x00003f17) auipc   x30, 0x3
core   0: 3 0x80000080 (0x00003f17) x30 0x80003080
core   0: 0x80000084 (0xf84f0f13) addi    x30, x30, -124
core   0: 3 0x80000084 (0xf84f0f13) x30 0x80003004
core   0: 0x80000088 (0x007ea023) sw      x7, 0(x29)
core   0: 3 0x80000088 (0x007ea023) mem 0x80003000 0x00000000
core   0: 0x8000008c (0x01cf2023) sw      x28, 0(x30)
core   0: 3 0x8000008c (0x01cf2023) mem 0x80003004 0x00000000
core   0: 0x80000090 (0x00000f97) auipc   x31, 0x0
core   0: 3 0x80000090 (0x00000f97) x31 0x80000090
core   0: 0x80000094 (0x018f8f93) addi    x31, x31, 24
core   0: 3 0x80000094 (0x018f8f93) x31 0x800000a8
core   0: 0x80000098 (0x305f9073) csrw    mtvec, x31
core   0: 3 0x80000098 (0x305f9073) c773_mtvec 0x800000a8
core   0: 0x8000009c (0x000300e7) jalr    x6
core   0: 3 0x8000009c (0x000300e7) x1  0x800000a0
core   0: 0x800000b8 (0x01010113) addi    x2, x2, 16
core   0: 3 0x800000b8 (0x01010113) x2  0x70000010
core   0: 0x800000bc (0xfe112823) sw      x1, -16(x2)
core   0: 3 0x800000bc (0xfe112823) mem 0x70000000 0x800000a0
core   0: 0x800000c0 (0x00452283) lw      x5, 4(x10)
core   0: 3 0x800000c0 (0x00452283) x5  0x90001000 mem 0x90002004
core   0: 0x800000c4 (0xfe512e23) sw      x5, -4(x2)
core   0: 3 0x800000c4 (0xfe512e23) mem 0x7000000c 0x90001000
core   0: 0x800000c8 (0x00852283) lw      x5, 8(x10)
core   0: 3 0x800000c8 (0x00852283) x5  0x7ffff000 mem 0x90002008
core   0: 0x800000cc (0xfe512c23) sw      x5, -8(x2)
core   0: 3 0x800000cc (0xfe512c23) mem 0x70000008 0x7ffff000
core   0: 0x800000d0 (0x00052283) lw      x5, 0(x10)
core   0: 3 0x800000d0 (0x00052283) x5  0x90000000 mem 0x90002000
core   0: 0x800000d4 (0xfe512a23) sw      x5, -12(x2)
core   0: 3 0x800000d4 (0xfe512a23) mem 0x70000004 0x90000000
core   0: 0x800000d8 (0x5e004057) vmv.v.x v0, x0
core   0: 3 0x800000d8 (0x5e004057) c8_vstart 0x00000000 e32 m1 l32 v0  ffffffff 0x00000000 00000000 00000000 00000000 00000000 00000000 00000000 00000000 00000000 00000000 00000000 00000000 00000000 00000000 00000000 00000000 00000000 00000000 00000000 00000000 00000000 00000000 00000000 00000000 00000000 00000000 00000000 00000000 00000000 00000000 00000000 00000000 
core   0: 0x800000dc (0x048000ef) jal     pc + 0x48
core   0: 3 0x800000dc (0x048000ef) x1  0x800000e0
core   0: 0x80000124 (0x00410113) addi    x2, x2, 4
core   0: 3 0x80000124 (0x00410113) x2  0x70000014
core   0: 0x80000128 (0xfe112e23) sw      x1, -4(x2)
core   0: 3 0x80000128 (0xfe112e23) mem 0x70000010 0x800000e0
core   0: 0x8000012c (0x00200293) li      x5, 2
core   0: 3 0x8000012c (0x00200293) x5  0x00000002
core   0: 0x80000130 (0x5e02c0d7) vmv.v.x v1, x5
core   0: 3 0x80000130 (0x5e02c0d7) c8_vstart 0x00000000 e32 m1 l32 v1  ffffffff 0x00000002 00000002 00000002 00000002 00000002 00000002 00000002 00000002 00000002 00000002 00000002 00000002 00000002 00000002 00000002 00000002 00000002 00000002 00000002 00000002 00000002 00000002 00000002 00000002 00000002 00000002 00000002 00000002 00000002 00000002 00000002 00000002 
core   0: 0x80000134 (0x00000317) auipc   x6, 0x0
core   0: 3 0x80000134 (0x00000317) x6  0x80000134
core   0: 0x80000138 (0x04c3305b) setrpc  x0, x6, 76
core   0: 3 0x80000138 (0x04c3305b) c2060_rpc 0x80000180 current mask:	ffffffff current npc:	00000000 stack size: 0
core   0: 0x8000013c (0x0200885b) vbeq    v0, v1, pc + 48
core   0: 3 0x8000013c (0x0200885b) c8_vstart 0x00000000 e32 m1 l32 current mask:	ffffffff current npc:	80000140 stack size: 0
core   0: 0x80000140 (0x00100293) li      x5, 1
core   0: 3 0x80000140 (0x00100293) x5  0x00000001
core   0: 0x80000144 (0x5e02c0d7) vmv.v.x v1, x5
core   0: 3 0x80000144 (0x5e02c0d7) c8_vstart 0x00000000 e32 m1 l32 v1  ffffffff 0x00000001 00000001 00000001 00000001 00000001 00000001 00000001 00000001 00000001 00000001 00000001 00000001 00000001 00000001 00000001 00000001 00000001 00000001 00000001 00000001 00000001 00000001 00000001 00000001 00000001 00000001 00000001 00000001 00000001 00000001 00000001 00000001 
core   0: 0x80000148 (0x00000317) auipc   x6, 0x0
core   0: 3 0x80000148 (0x00000317) x6  0x80000148
core   0: 0x8000014c (0x0383305b) setrpc  x0, x6, 56
core   0: 3 0x8000014c (0x0383305b) c2060_rpc 0x80000180 current mask:	ffffffff current npc:	80000140 stack size: 0
core   0: 0x80000150 (0x0200825b) vbeq    v0, v1, pc + 36
core   0: 3 0x80000150 (0x0200825b) c8_vstart 0x00000000 e32 m1 l32 current mask:	ffffffff current npc:	80000154 stack size: 0
core   0: 0x80000154 (0x5e0040d7) vmv.v.x v1, x0
core   0: 3 0x80000154 (0x5e0040d7) c8_vstart 0x00000000 e32 m1 l32 v1  ffffffff 0x00000000 00000000 00000000 00000000 00000000 00000000 00000000 00000000 00000000 00000000 00000000 00000000 00000000 00000000 00000000 00000000 00000000 00000000 00000000 00000000 00000000 00000000 00000000 00000000 00000000 00000000 00000000 00000000 00000000 00000000 00000000 00000000 
core   0: 0x80000158 (0x00000317) auipc   x6, 0x0
core   0: 3 0x80000158 (0x00000317) x6  0x80000158
core   0: 0x8000015c (0x0283305b) setrpc  x0, x6, 40
core   0: 3 0x8000015c (0x0283305b) c2060_rpc 0x80000180 current mask:	ffffffff current npc:	80000154 stack size: 0
core   0: 0x80000160 (0x00009e5b) vbne    v0, v1, pc + 28
core   0: 3 0x80000160 (0x00009e5b) c8_vstart 0x00000000 e32 m1 l32 current mask:	ffffffff current npc:	80000164 stack size: 0
core   0: 0x80000164 (0x0c4000ef) jal     pc + 0xc4
core   0: 3 0x80000164 (0x0c4000ef) x1  0x80000168
core   0: 0x80000228 (0x00410113) addi    x2, x2, 4
core   0: 3 0x80000228 (0x00410113) x2  0x70000018
core   0: 0x8000022c (0xfe112e23) sw      x1, -4(x2)
core   0: 3 0x8000022c (0xfe112e23) mem 0x70000014 0x80000168
core   0: 0x80000230 (0x80302573) csrr    x10, knl
core   0: 3 0x80000230 (0x80302573) x10 0x90023000
core   0: 0x80000234 (0x00852283) lw      x5, 8(x10)
core   0: 3 0x80000234 (0x00852283) x5  0x00000001 mem 0x90023008
core   0: 0x80000238 (0x80002373) csrr    x6, tid
core   0: 3 0x80000238 (0x80002373) x6  0x00000000
core   0: 0x8000023c (0x5208a157) vid.v   v2
core   0: 3 0x8000023c (0x5208a157) c8_vstart 0x00000000 e32 m1 l32 v2  ffffffff 0x0000001f 0000001e 0000001d 0000001c 0000001b 0000001a 00000019 00000018 00000017 00000016 00000015 00000014 00000013 00000012 00000011 00000010 0000000f 0000000e 0000000d 0000000c 0000000b 0000000a 00000009 00000008 00000007 00000006 00000005 00000004 00000003 00000002 00000001 00000000 
core   0: 0x80000240 (0x02234057) vadd.vx v0, v2, x6
core   0: 3 0x80000240 (0x02234057) c8_vstart 0x00000000 e32 m1 l32 v0  ffffffff 0x0000001f 0000001e 0000001d 0000001c 0000001b 0000001a 00000019 00000018 00000017 00000016 00000015 00000014 00000013 00000012 00000011 00000010 0000000f 0000000e 0000000d 0000000c 0000000b 0000000a 00000009 00000008 00000007 00000006 00000005 00000004 00000003 00000002 00000001 00000000 
core   0: 0x80000244 (0x01852e03) lw      x28, 24(x10)
core   0: 3 0x80000244 (0x01852e03) x28 0x00000020 mem 0x90023018
core   0: 0x80000248 (0x8a0e6057) vremu.vx v0, v0, x28
core   0: 3 0x80000248 (0x8a0e6057) c8_vstart 0x00000000 e32 m1 l32 v0  ffffffff 0x0000001f 0000001e 0000001d 0000001c 0000001b 0000001a 00000019 00000018 00000017 00000016 00000015 00000014 00000013 00000012 00000011 00000010 0000000f 0000000e 0000000d 0000000c 0000000b 0000000a 00000009 00000008 00000007 00000006 00000005 00000004 00000003 00000002 00000001 00000000 
core   0: 0x8000024c (0xffc12083) lw      x1, -4(x2)
core   0: 3 0x8000024c (0xffc12083) x1  0x80000168 mem 0x70000014
core   0: 0x80000250 (0xffc10113) addi    x2, x2, -4
core   0: 3 0x80000250 (0xffc10113) x2  0x70000014
core   0: 0x80000254 (0x00008067) ret
core   0: 3 0x80000254 (0x00008067)
core   0: 0x80000168 (0x0180006f) j       pc + 0x18
core   0: 3 0x80000168 (0x0180006f)
core   0: 0x80000180 (0x0000205b) join    v0, v0, pc + 0
core   0: 3 0x80000180 (0x0000205b) current mask:	ffffffff current npc:	80000164 stack size: 0
core   0: 0x80000184 (0xffc12083) lw      x1, -4(x2)
core   0: 3 0x80000184 (0xffc12083) x1  0x800000e0 mem 0x70000010
core   0: 0x80000188 (0xffc10113) addi    x2, x2, -4
core   0: 3 0x80000188 (0xffc10113) x2  0x70000010
core   0: 0x8000018c (0x00008067) ret
core   0: 3 0x8000018c (0x00008067)
core   0: 0x800000e0 (0x0400c00b) barrier x0, x0, 1
core   0: 3 0x800000e0 (0x0400c00b)
core   0: 0x800000e4 (0x96013057) vsll.vi v0, v0, 2
core   0: 3 0x800000e4 (0x96013057) c8_vstart 0x00000000 e32 m1 l32 v0  ffffffff 0x0000007c 00000078 00000074 00000070 0000006c 00000068 00000064 00000060 0000005c 00000058 00000054 00000050 0000004c 00000048 00000044 00000040 0000003c 00000038 00000034 00000030 0000002c 00000028 00000024 00000020 0000001c 00000018 00000014 00000010 0000000c 00000008 00000004 00000000 
core   0: 0x800000e8 (0xff412303) lw      x6, -12(x2)
core   0: 3 0x800000e8 (0xff412303) x6  0x90000000 mem 0x70000004
core   0: 0x800000ec (0x020340d7) vadd.vx v1, v0, x6
core   0: 3 0x800000ec (0x020340d7) c8_vstart 0x00000000 e32 m1 l32 v1  ffffffff 0x9000007c 90000078 90000074 90000070 9000006c 90000068 90000064 90000060 9000005c 90000058 90000054 90000050 9000004c 90000048 90000044 90000040 9000003c 90000038 90000034 90000030 9000002c 90000028 90000024 90000020 9000001c 90000018 90000014 90000010 9000000c 90000008 90000004 90000000 
core   0: 0x800000f0 (0x0000a0fb) vlw12.v v1, v1, 0
core   0: 3 0x800000f0 (0x0000a0fb) e32 m1 l32 v1  ffffffff 0x422c0000 427c0000 40a00000 42be0000 42bc0000 41000000 41f80000 41700000 42300000 424c0000 42380000 42a60000 41880000 42400000 41c00000 41500000 41f00000 42b80000 42900000 42280000 42480000 42300000 42be0000 41900000 42500000 40000000 42940000 42ba0000 42180000 41980000 3f800000 42400000  c8_vstart 0x00000000 mem 0x90000000 mem 0x90000004 mem 0x90000008 mem 0x9000000c mem 0x90000010 mem 0x90000014 mem 0x90000018 mem 0x9000001c mem 0x90000020 mem 0x90000024 mem 0x90000028 mem 0x9000002c mem 0x90000030 mem 0x90000034 mem 0x90000038 mem 0x9000003c mem 0x90000040 mem 0x90000044 mem 0x90000048 mem 0x9000004c mem 0x90000050 mem 0x90000054 mem 0x90000058 mem 0x9000005c mem 0x90000060 mem 0x90000064 mem 0x90000068 mem 0x9000006c mem 0x90000070 mem 0x90000074 mem 0x90000078 mem 0x9000007c
core   0: 0x800000f4 (0xff812283) lw      x5, -8(x2)
core   0: 3 0x800000f4 (0xff812283) x5  0x7ffff000 mem 0x70000008
core   0: 0x800000f8 (0x0202c157) vadd.vx v2, v0, x5
core   0: 3 0x800000f8 (0x0202c157) c8_vstart 0x00000000 e32 m1 l32 v2  ffffffff 0x7ffff07c 7ffff078 7ffff074 7ffff070 7ffff06c 7ffff068 7ffff064 7ffff060 7ffff05c 7ffff058 7ffff054 7ffff050 7ffff04c 7ffff048 7ffff044 7ffff040 7ffff03c 7ffff038 7ffff034 7ffff030 7ffff02c 7ffff028 7ffff024 7ffff020 7ffff01c 7ffff018 7ffff014 7ffff010 7ffff00c 7ffff008 7ffff004 7ffff000 
core   0: 0x800000fc (0x0011607b) vsw12.v v1, v2, 0
core   0: 3 0x800000fc (0x0011607b) c8_vstart 0x00000000 e32 m1 l32 mem 0x7ffff000 0x42400000 mem 0x7ffff004 0x3f800000 mem 0x7ffff008 0x41980000 mem 0x7ffff00c 0x42180000 mem 0x7ffff010 0x42ba0000 mem 0x7ffff014 0x42940000 mem 0x7ffff018 0x40000000 mem 0x7ffff01c 0x42500000 mem 0x7ffff020 0x41900000 mem 0x7ffff024 0x42be0000 mem 0x7ffff028 0x42300000 mem 0x7ffff02c 0x42480000 mem 0x7ffff030 0x42280000 mem 0x7ffff034 0x42900000 mem 0x7ffff038 0x42b80000 mem 0x7ffff03c 0x41f00000 mem 0x7ffff040 0x41500000 mem 0x7ffff044 0x41c00000 mem 0x7ffff048 0x42400000 mem 0x7ffff04c 0x41880000 mem 0x7ffff050 0x42a60000 mem 0x7ffff054 0x42380000 mem 0x7ffff058 0x424c0000 mem 0x7ffff05c 0x42300000 mem 0x7ffff060 0x41700000 mem 0x7ffff064 0x41f80000 mem 0x7ffff068 0x41000000 mem 0x7ffff06c 0x42bc0000 mem 0x7ffff070 0x42be0000 mem 0x7ffff074 0x40a00000 mem 0x7ffff078 0x427c0000 mem 0x7ffff07c 0x422c0000
core   0: 0x80000100 (0x0400c00b) barrier x0, x0, 1
core   0: 3 0x80000100 (0x0400c00b)
core   0: 0x80000104 (0x000120fb) vlw12.v v1, v2, 0
core   0: 3 0x80000104 (0x000120fb) e32 m1 l32 v1  ffffffff 0x422c0000 427c0000 40a00000 42be0000 42bc0000 41000000 41f80000 41700000 42300000 424c0000 42380000 42a60000 41880000 42400000 41c00000 41500000 41f00000 42b80000 42900000 42280000 42480000 42300000 42be0000 41900000 42500000 40000000 42940000 42ba0000 42180000 41980000 3f800000 42400000  c8_vstart 0x00000000 mem 0x7ffff000 mem 0x7ffff004 mem 0x7ffff008 mem 0x7ffff00c mem 0x7ffff010 mem 0x7ffff014 mem 0x7ffff018 mem 0x7ffff01c mem 0x7ffff020 mem 0x7ffff024 mem 0x7ffff028 mem 0x7ffff02c mem 0x7ffff030 mem 0x7ffff034 mem 0x7ffff038 mem 0x7ffff03c mem 0x7ffff040 mem 0x7ffff044 mem 0x7ffff048 mem 0x7ffff04c mem 0x7ffff050 mem 0x7ffff054 mem 0x7ffff058 mem 0x7ffff05c mem 0x7ffff060 mem 0x7ffff064 mem 0x7ffff068 mem 0x7ffff06c mem 0x7ffff070 mem 0x7ffff074 mem 0x7ffff078 mem 0x7ffff07c
core   0: 0x80000108 (0x021090d7) vfadd.vv v1, v1, v1
core   0: 3 0x80000108 (0x021090d7) c8_vstart 0x00000000 e32 m1 l32 v1  ffffffff 0x42ac0000 42fc0000 41200000 433e0000 433c0000 41800000 42780000 41f00000 42b00000 42cc0000 42b80000 43260000 42080000 42c00000 42400000 41d00000 42700000 43380000 43100000 42a80000 42c80000 42b00000 433e0000 42100000 42d00000 40800000 43140000 433a0000 42980000 42180000 40000000 42c00000 
core   0: 0x8000010c (0xffc12283) lw      x5, -4(x2)
core   0: 3 0x8000010c (0xffc12283) x5  0x90001000 mem 0x7000000c
core   0: 0x80000110 (0x0202c057) vadd.vx v0, v0, x5
core   0: 3 0x80000110 (0x0202c057) c8_vstart 0x00000000 e32 m1 l32 v0  ffffffff 0x9000107c 90001078 90001074 90001070 9000106c 90001068 90001064 90001060 9000105c 90001058 90001054 90001050 9000104c 90001048 90001044 90001040 9000103c 90001038 90001034 90001030 9000102c 90001028 90001024 90001020 9000101c 90001018 90001014 90001010 9000100c 90001008 90001004 90001000 
core   0: 0x80000114 (0x0010607b) vsw12.v v1, v0, 0
core   0: 3 0x80000114 (0x0010607b) c8_vstart 0x00000000 e32 m1 l32 mem 0x90001000 0x42c00000 mem 0x90001004 0x40000000 mem 0x90001008 0x42180000 mem 0x9000100c 0x42980000 mem 0x90001010 0x433a0000 mem 0x90001014 0x43140000 mem 0x90001018 0x40800000 mem 0x9000101c 0x42d00000 mem 0x90001020 0x42100000 mem 0x90001024 0x433e0000 mem 0x90001028 0x42b00000 mem 0x9000102c 0x42c80000 mem 0x90001030 0x42a80000 mem 0x90001034 0x43100000 mem 0x90001038 0x43380000 mem 0x9000103c 0x42700000 mem 0x90001040 0x41d00000 mem 0x90001044 0x42400000 mem 0x90001048 0x42c00000 mem 0x9000104c 0x42080000 mem 0x90001050 0x43260000 mem 0x90001054 0x42b80000 mem 0x90001058 0x42cc0000 mem 0x9000105c 0x42b00000 mem 0x90001060 0x41f00000 mem 0x90001064 0x42780000 mem 0x90001068 0x41800000 mem 0x9000106c 0x433c0000 mem 0x90001070 0x433e0000 mem 0x90001074 0x41200000 mem 0x90001078 0x42fc0000 mem 0x9000107c 0x42ac0000
core   0: 0x80000118 (0xff012083) lw      x1, -16(x2)
core   0: 3 0x80000118 (0xff012083) x1  0x800000a0 mem 0x70000000
core   0: 0x8000011c (0xff010113) addi    x2, x2, -16
core   0: 3 0x8000011c (0xff010113) x2  0x70000000
core   0: 0x80000120 (0x00008067) ret
core   0: 3 0x80000120 (0x00008067)
core   0: 0x800000a0 (0x0000400b) endprg  x0, x0, x0
core   0: 3 0x800000a0 (0x0000400b)
core   0: 0x800000a4 (0x0040006f) j       pc + 0x4
core   0: 3 0x800000a4 (0x0040006f)
core   0: 0x800000a8 (0x00100313) li      x6, 1
core   0: 3 0x800000a8 (0x00100313) x6  0x00000001
core   0: 0x800000ac (0x00001297) auipc   x5, 0x1
core   0: 3 0x800000ac (0x00001297) x5  0x800010ac
core   0: 0x800000b0 (0xf5428293) addi    x5, x5, -172
core   0: 3 0x800000b0 (0xf5428293) x5  0x80001000
core   0: 0x800000b4 (0x0062a023) sw      x6, 0(x5)
core   0: 3 0x800000b4 (0x0062a023) mem 0x80001000 0x00000001
