core   0: 0x00001000 (0x00000297) auipc   x5, 0x0
core   0: 3 0x00001000 (0x00000297) x5  0x00001000
core   0: 0x00001004 (0x02028593) addi    x11, x5, 32
core   0: 3 0x00001004 (0x02028593) x11 0x00001020
core   0: 0x00001008 (0xf1402573) csrr    x10, mhartid
core   0: 3 0x00001008 (0xf1402573) x10 0x00000000
core   0: 0x0000100c (0x0182a283) lw      x5, 24(x5)
core   0: 3 0x0000100c (0x0182a283) x5  0x80000000 mem 0x00001018
core   0: 0x00001010 (0x00028067) jr      x5
core   0: 3 0x00001010 (0x00028067)
core   0: 0x80000000 (0x00004197) auipc   x3, 0x4
core   0: 3 0x80000000 (0x00004197) x3  0x80004000
core   0: 0x80000004 (0x80818193) addi    x3, x3, -2040
core   0: 3 0x80000004 (0x80818193) x3  0x80003808
core   0: 0x80000008 (0x02000e93) li      x29, 32
core   0: 3 0x80000008 (0x02000e93) x29 0x00000020
core   0: 0x8000000c (0x0d0efed7) vsetvli x29, x29, e32, m1, ta, ma
core   0: 3 0x8000000c (0x0d0efed7) x29 0x00000004 c8_vstart 0x00000000 c3104_vl 0x00000004 c3105_vtype 0x000000d0 c768_mstatus 0x80000600
core   0: 0x80000010 (0x00002eb7) lui     x29, 0x2
core   0: 3 0x80000010 (0x00002eb7) x29 0x00002000
core   0: 0x80000014 (0x300eaef3) csrrs   x29, mstatus, x29
core   0: 3 0x80000014 (0x300eaef3) x29 0x80000600 c768_mstatus 0x80006600
core   0: 0x80000018 (0x00000e93) li      x29, 0
core   0: 3 0x80000018 (0x00000e93) x29 0x00000000
core   0: 0x8000001c (0x80502373) csrr    x6, wid
core   0: 3 0x8000001c (0x80502373) x6  0x00000000
core   0: 0x80000020 (0x806023f3) csrr    x7, lds
core   0: 3 0x80000020 (0x806023f3) x7  0x70000000
core   0: 0x80000024 (0x40000e13) li      x28, 1024
core   0: 3 0x80000024 (0x40000e13) x28 0x00000400
core   0: 0x80000028 (0x03c30333) mul     x6, x6, x28
core   0: 3 0x80000028 (0x03c30333) x6  0x00000000
core   0: 0x8000002c (0x00730133) add     x2, x6, x7
core   0: 3 0x8000002c (0x00730133) x2  0x70000000
core   0: 0x80000030 (0x00000213) li      x4, 0
core   0: 3 0x80000030 (0x00000213) x4  0x00000000
core   0: 0x80000034 (0x00003517) auipc   x10, 0x3
core   0: 3 0x80000034 (0x00003517) x10 0x80003034
core   0: 0x80000038 (0xfd450513) addi    x10, x10, -44
core   0: 3 0x80000038 (0xfd450513) x10 0x80003008
core   0: 0x8000003c (0x00003617) auipc   x12, 0x3
core   0: 3 0x8000003c (0x00003617) x12 0x8000303c
core   0: 0x80000040 (0xfcc60613) addi    x12, x12, -52
core   0: 3 0x80000040 (0xfcc60613) x12 0x80003008
core   0: 0x80000044 (0x00c50863) beq     x10, x12, pc + 16
core   0: 3 0x80000044 (0x00c50863)
core   0: 0x80000054 (0x803022f3) csrr    x5, knl
core   0: 3 0x80000054 (0x803022f3) x5  0x90008000
core   0: 0x80000058 (0x0002a303) lw      x6, 0(x5)
core   0: 3 0x80000058 (0x0002a303) x6  0x800000a8 mem 0x90008000
core   0: 0x8000005c (0x0042a503) lw      x10, 4(x5)
core   0: 3 0x8000005c (0x0042a503) x10 0x90003000 mem 0x90008004
core   0: 0x80000060 (0x0302a383) lw      x7, 48(x5)
core   0: 3 0x80000060 (0x0302a383) x7  0x00000000 mem 0x90008030
core   0: 0x80000064 (0x0342ae03) lw      x28, 52(x5)
core   0: 3 0x80000064 (0x0342ae03) x28 0x00000000 mem 0x90008034
core   0: 0x80000068 (0x00003e97) auipc   x29, 0x3
core   0: 3 0x80000068 (0x00003e97) x29 0x80003068
core   0: 0x8000006c (0xf98e8e93) addi    x29, x29, -104
core   0: 3 0x8000006c (0xf98e8e93) x29 0x80003000
core   0: 0x80000070 (0x00003f17) auipc   x30, 0x3
core   0: 3 0x80000070 (0x00003f17) x30 0x80003070
core   0: 0x80000074 (0xf94f0f13) addi    x30, x30, -108
core   0: 3 0x80000074 (0xf94f0f13) x30 0x80003004
core   0: 0x80000078 (0x007ea023) sw      x7, 0(x29)
core   0: 3 0x80000078 (0x007ea023) mem 0x80003000 0x00000000
core   0: 0x8000007c (0x01cf2023) sw      x28, 0(x30)
core   0: 3 0x8000007c (0x01cf2023) mem 0x80003004 0x00000000
core   0: 0x80000080 (0x00000f97) auipc   x31, 0x0
core   0: 3 0x80000080 (0x00000f97) x31 0x80000080
core   0: 0x80000084 (0x018f8f93) addi    x31, x31, 24
core   0: 3 0x80000084 (0x018f8f93) x31 0x80000098
core   0: 0x80000088 (0x305f9073) csrw    mtvec, x31
core   0: 3 0x80000088 (0x305f9073) c773_mtvec 0x80000098
core   0: 0x8000008c (0x000300e7) jalr    x6
core   0: 3 0x8000008c (0x000300e7) x1  0x80000090
core   0: 0x800000a8 (0x01010113) addi    x2, x2, 16
core   0: 3 0x800000a8 (0x01010113) x2  0x70000010
core   0: 0x800000ac (0x00112023) sw      x1, 0(x2)
core   0: 3 0x800000ac (0x00112023) mem 0x70000010 0x80000090
core   0: 0x800000b0 (0x00c52283) lw      x5, 12(x10)
core   0: 3 0x800000b0 (0x00c52283) x5  0x00000004 mem 0x9000300c
core   0: 0x800000b4 (0xfe512a23) sw      x5, -12(x2)
core   0: 3 0x800000b4 (0xfe512a23) mem 0x70000004 0x00000004
core   0: 0x800000b8 (0xfea12e23) sw      x10, -4(x2)
core   0: 3 0x800000b8 (0xfea12e23) mem 0x7000000c 0x90003000
core   0: 0x800000bc (0x01052283) lw      x5, 16(x10)
core   0: 3 0x800000bc (0x01052283) x5  0x00000000 mem 0x90003010
core   0: 0x800000c0 (0xfe512c23) sw      x5, -8(x2)
core   0: 3 0x800000c0 (0xfe512c23) mem 0x70000008 0x00000000
core   0: 0x800000c4 (0x5e004057) vmv.v.x v0, x0
core   0: 3 0x800000c4 (0x5e004057) c8_vstart 0x00000000 e32 m1 l4 v0  0000000f 0x00000000 00000000 00000000 00000000 
core   0: 0x800000c8 (0x1e0000ef) jal     pc + 0x1e0
core   0: 3 0x800000c8 (0x1e0000ef) x1  0x800000cc
core   0: 0x800002a8 (0x00410113) addi    x2, x2, 4
core   0: 3 0x800002a8 (0x00410113) x2  0x70000014
core   0: 0x800002ac (0x00112023) sw      x1, 0(x2)
core   0: 3 0x800002ac (0x00112023) mem 0x70000014 0x800000cc
core   0: 0x800002b0 (0x00200293) li      x5, 2
core   0: 3 0x800002b0 (0x00200293) x5  0x00000002
core   0: 0x800002b4 (0x5e02c0d7) vmv.v.x v1, x5
core   0: 3 0x800002b4 (0x5e02c0d7) c8_vstart 0x00000000 e32 m1 l4 v1  0000000f 0x00000002 00000002 00000002 00000002 
core   0: 0x800002b8 (0x00000317) auipc   x6, 0x0
core   0: 3 0x800002b8 (0x00000317) x6  0x800002b8
core   0: 0x800002bc (0x04c3305b) setrpc  x0, x6, 76
core   0: 3 0x800002bc (0x04c3305b) c2060_rpc 0x80000304 current mask:	0000000f current npc:	00000000 stack size: 0
core   0: 0x800002c0 (0x0200885b) vbeq    v0, v1, pc + 48
core   0: 3 0x800002c0 (0x0200885b) c8_vstart 0x00000000 e32 m1 l4 current mask:	0000000f current npc:	800002c4 stack size: 0
core   0: 0x800002c4 (0x00100293) li      x5, 1
core   0: 3 0x800002c4 (0x00100293) x5  0x00000001
core   0: 0x800002c8 (0x5e02c0d7) vmv.v.x v1, x5
core   0: 3 0x800002c8 (0x5e02c0d7) c8_vstart 0x00000000 e32 m1 l4 v1  0000000f 0x00000001 00000001 00000001 00000001 
core   0: 0x800002cc (0x00000317) auipc   x6, 0x0
core   0: 3 0x800002cc (0x00000317) x6  0x800002cc
core   0: 0x800002d0 (0x0383305b) setrpc  x0, x6, 56
core   0: 3 0x800002d0 (0x0383305b) c2060_rpc 0x80000304 current mask:	0000000f current npc:	800002c4 stack size: 0
core   0: 0x800002d4 (0x0200825b) vbeq    v0, v1, pc + 36
core   0: 3 0x800002d4 (0x0200825b) c8_vstart 0x00000000 e32 m1 l4 current mask:	0000000f current npc:	800002d8 stack size: 0
core   0: 0x800002d8 (0x5e0040d7) vmv.v.x v1, x0
core   0: 3 0x800002d8 (0x5e0040d7) c8_vstart 0x00000000 e32 m1 l4 v1  0000000f 0x00000000 00000000 00000000 00000000 
core   0: 0x800002dc (0x00000317) auipc   x6, 0x0
core   0: 3 0x800002dc (0x00000317) x6  0x800002dc
core   0: 0x800002e0 (0x0283305b) setrpc  x0, x6, 40
core   0: 3 0x800002e0 (0x0283305b) c2060_rpc 0x80000304 current mask:	0000000f current npc:	800002d8 stack size: 0
core   0: 0x800002e4 (0x00009e5b) vbne    v0, v1, pc + 28
core   0: 3 0x800002e4 (0x00009e5b) c8_vstart 0x00000000 e32 m1 l4 current mask:	0000000f current npc:	800002e8 stack size: 0
core   0: 0x800002e8 (0x160000ef) jal     pc + 0x160
core   0: 3 0x800002e8 (0x160000ef) x1  0x800002ec
core   0: 0x80000448 (0x00410113) addi    x2, x2, 4
core   0: 3 0x80000448 (0x00410113) x2  0x70000018
core   0: 0x8000044c (0x00112023) sw      x1, 0(x2)
core   0: 3 0x8000044c (0x00112023) mem 0x70000018 0x800002ec
core   0: 0x80000450 (0xf71ff0ef) jal     pc - 0x90
core   0: 3 0x80000450 (0xf71ff0ef) x1  0x80000454
core   0: 0x800003c0 (0x80302573) csrr    x10, knl
core   0: 3 0x800003c0 (0x80302573) x10 0x90008000
core   0: 0x800003c4 (0x00852283) lw      x5, 8(x10)
core   0: 3 0x800003c4 (0x00852283) x5  0x00000001 mem 0x90008008
core   0: 0x800003c8 (0x80002373) csrr    x6, tid
core   0: 3 0x800003c8 (0x80002373) x6  0x00000000
core   0: 0x800003cc (0x5208a157) vid.v   v2
core   0: 3 0x800003cc (0x5208a157) c8_vstart 0x00000000 e32 m1 l4 v2  0000000f 0x00000003 00000002 00000001 00000000 
core   0: 0x800003d0 (0x02234057) vadd.vx v0, v2, x6
core   0: 3 0x800003d0 (0x02234057) c8_vstart 0x00000000 e32 m1 l4 v0  0000000f 0x00000003 00000002 00000001 00000000 
core   0: 0x800003d4 (0x00100393) li      x7, 1
core   0: 3 0x800003d4 (0x00100393) x7  0x00000001
core   0: 0x800003d8 (0x00728663) beq     x5, x7, pc + 12
core   0: 3 0x800003d8 (0x00728663)
core   0: 0x800003e4 (0x00008067) ret
core   0: 3 0x800003e4 (0x00008067)
core   0: 0x80000454 (0x80302573) csrr    x10, knl
core   0: 3 0x80000454 (0x80302573) x10 0x90008000
core   0: 0x80000458 (0x80802373) csrr    x6, gidx
core   0: 3 0x80000458 (0x80802373) x6  0x00000000
core   0: 0x8000045c (0x01852e03) lw      x28, 24(x10)
core   0: 3 0x8000045c (0x01852e03) x28 0x00000004 mem 0x90008018
core   0: 0x80000460 (0x03c30fb3) mul     x31, x6, x28
core   0: 3 0x80000460 (0x03c30fb3) x31 0x00000000
core   0: 0x80000464 (0x020fc057) vadd.vx v0, v0, x31
core   0: 3 0x80000464 (0x020fc057) c8_vstart 0x00000000 e32 m1 l4 v0  0000000f 0x00000003 00000002 00000001 00000000 
core   0: 0x80000468 (0x00012083) lw      x1, 0(x2)
core   0: 3 0x80000468 (0x00012083) x1  0x800002ec mem 0x70000018
core   0: 0x8000046c (0xffc10113) addi    x2, x2, -4
core   0: 3 0x8000046c (0xffc10113) x2  0x70000014
core   0: 0x80000470 (0x00008067) ret
core   0: 3 0x80000470 (0x00008067)
core   0: 0x800002ec (0x0180006f) j       pc + 0x18
core   0: 3 0x800002ec (0x0180006f)
core   0: 0x80000304 (0x0000205b) join    v0, v0, pc + 0
core   0: 3 0x80000304 (0x0000205b) current mask:	0000000f current npc:	800002e8 stack size: 0
core   0: 0x80000308 (0x00012083) lw      x1, 0(x2)
core   0: 3 0x80000308 (0x00012083) x1  0x800000cc mem 0x70000014
core   0: 0x8000030c (0xffc10113) addi    x2, x2, -4
core   0: 3 0x8000030c (0xffc10113) x2  0x70000010
core   0: 0x80000310 (0x00008067) ret
core   0: 3 0x80000310 (0x00008067)
core   0: 0x800000cc (0xff812403) lw      x8, -8(x2)
core   0: 3 0x800000cc (0xff812403) x8  0x00000000 mem 0x70000008
core   0: 0x800000d0 (0xff412383) lw      x7, -12(x2)
core   0: 3 0x800000d0 (0xff412383) x7  0x00000004 mem 0x70000004
core   0: 0x800000d4 (0xfff44293) not     x5, x8
core   0: 3 0x800000d4 (0xfff44293) x5  0xffffffff
core   0: 0x800000d8 (0x007282b3) add     x5, x5, x7
core   0: 3 0x800000d8 (0x007282b3) x5  0x00000003
core   0: 0x800000dc (0x5e02c0d7) vmv.v.x v1, x5
core   0: 3 0x800000dc (0x5e02c0d7) c8_vstart 0x00000000 e32 m1 l4 v1  0000000f 0x00000003 00000003 00000003 00000003 
core   0: 0x800000e0 (0x00000317) auipc   x6, 0x0
core   0: 3 0x800000e0 (0x00000317) x6  0x800000e0
core   0: 0x800000e4 (0x0683305b) setrpc  x0, x6, 104
core   0: 3 0x800000e4 (0x0683305b) c2060_rpc 0x80000148 current mask:	0000000f current npc:	800002e8 stack size: 0
core   0: 0x800000e8 (0x0600d05b) vbge    v0, v1, pc + 96
core   0: 3 0x800000e8 (0x0600d05b) c8_vstart 0x00000000 e32 m1 l4 current mask:	00000008 current npc:	80000148 stack size: 2
[r_pc] 80000148 [else_pc] 800000ec [else_mask] 00000007 
[r_pc] 80000148 [else_pc] 80000148 [else_mask] 0000000f 
core   0: 0x80000148 (0x0000205b) join    v0, v0, pc + 0
core   0: 3 0x80000148 (0x0000205b) current mask:	00000007 current npc:	800000ec stack size: 1
[r_pc] 80000148 [else_pc] 80000148 [else_mask] 0000000f 
core   0: 0x800000ec (0xffc12303) lw      x6, -4(x2)
core   0: 3 0x800000ec (0xffc12303) x6  0x90003000 mem 0x7000000c
core   0: 0x800000f0 (0x00432283) lw      x5, 4(x6)
core   0: 3 0x800000f0 (0x00432283) x5  0x90000000 mem 0x90003004
core   0: 0x800000f4 (0x00032303) lw      x6, 0(x6)
core   0: 3 0x800000f4 (0x00032303) x6  0x90002000 mem 0x90003000
core   0: 0x800000f8 (0x02044057) vadd.vx v0, v0, x8
core   0: 3 0x800000f8 (0x02044057) c8_vstart 0x00000000 e32 m1 l4 v0  00000007 0x00000003 00000002 00000001 00000000 
core   0: 0x800000fc (0x0200b057) vadd.vi v0, v0, 1
core   0: 3 0x800000fc (0x0200b057) c8_vstart 0x00000000 e32 m1 l4 v0  00000007 0x00000003 00000003 00000002 00000001 
core   0: 0x80000100 (0x9603e057) vmul.vx v0, v0, x7
core   0: 3 0x80000100 (0x9603e057) c8_vstart 0x00000000 e32 m1 l4 v0  00000007 0x00000003 0000000c 00000008 00000004 
core   0: 0x80000104 (0x96013057) vsll.vi v0, v0, 2
core   0: 3 0x80000104 (0x96013057) c8_vstart 0x00000000 e32 m1 l4 v0  00000007 0x00000003 00000030 00000020 00000010 
core   0: 0x80000108 (0x027403b3) mul     x7, x8, x7
core   0: 3 0x80000108 (0x027403b3) x7  0x00000000
core   0: 0x8000010c (0x0202c0d7) vadd.vx v1, v0, x5
core   0: 3 0x8000010c (0x0202c0d7) c8_vstart 0x00000000 e32 m1 l4 v1  00000007 0x00000003 90000030 90000020 90000010 
core   0: 0x80000110 (0x00241413) slli    x8, x8, 2
core   0: 3 0x80000110 (0x00241413) x8  0x00000000
core   0: 0x80000114 (0x021440d7) vadd.vx v1, v1, x8
core   0: 3 0x80000114 (0x021440d7) c8_vstart 0x00000000 e32 m1 l4 v1  00000007 0x00000003 90000030 90000020 90000010 
core   0: 0x80000118 (0x00239393) slli    x7, x7, 2
core   0: 3 0x80000118 (0x00239393) x7  0x00000000
core   0: 0x8000011c (0x007282b3) add     x5, x5, x7
core   0: 3 0x8000011c (0x007282b3) x5  0x90000000
core   0: 0x80000120 (0x008282b3) add     x5, x5, x8
core   0: 3 0x80000120 (0x008282b3) x5  0x90000000
core   0: 0x80000124 (0x0002a283) lw      x5, 0(x5)
core   0: 3 0x80000124 (0x0002a283) x5  0xbf19999a mem 0x90000000
core   0: 0x80000128 (0x0000a0fb) vlw12.v v1, v1, 0
core   0: 3 0x80000128 (0x0000a0fb) e32 m1 l4 v1  00000007 0x00000003 00000000 becccccd be99999a  c8_vstart 0x00000000 mem 0x90000010 mem 0x90000020 mem 0x90000030
core   0: 0x8000012c (0xf00282d3) fmv.w.x ft5, x5
core   0: 3 0x8000012c (0xf00282d3) f5  0xffffffffbf19999a
core   0: 0x80000130 (0x5e044157) vmv.v.x v2, x8
core   0: 3 0x80000130 (0x5e044157) c8_vstart 0x00000000 e32 m1 l4 v2  00000007 0x00000003 00000000 00000000 00000000 
core   0: 0x80000134 (0x5e02c1d7) vmv.v.x v3, x5
core   0: 3 0x80000134 (0x5e02c1d7) c8_vstart 0x00000000 e32 m1 l4 v3  00000007 0x00000000 bf19999a bf19999a bf19999a 
core   0: 0x80000138 (0x821190d7) vfdiv.vv v1, v1, v3
core   0: 3 0x80000138 (0x821190d7) c8_vstart 0x00000000 c1_fflags 0x00000001 e32 m1 l4 v1  00000007 0x00000003 80000000 3f2aaaaa 3f000000 
core   0: 0x8000013c (0x02034057) vadd.vx v0, v0, x6
core   0: 3 0x8000013c (0x02034057) c8_vstart 0x00000000 e32 m1 l4 v0  00000007 0x00000003 90002030 90002020 90002010 
core   0: 0x80000140 (0x02010057) vadd.vv v0, v0, v2
core   0: 3 0x80000140 (0x02010057) c8_vstart 0x00000000 e32 m1 l4 v0  00000007 0x00000003 90002030 90002020 90002010 
core   0: 0x80000144 (0x0010607b) vsw12.v v1, v0, 0
core   0: 3 0x80000144 (0x0010607b) c8_vstart 0x00000000 e32 m1 l4 mem 0x90002010 0x3f000000 mem 0x90002020 0x3f2aaaaa mem 0x90002030 0x80000000
core   0: 0x80000148 (0x0000205b) join    v0, v0, pc + 0
core   0: 3 0x80000148 (0x0000205b) current mask:	0000000f current npc:	80000148 stack size: 0
core   0: 3 0x80000148 (0x0000205b) current mask:	0000000f current npc:	80000148 stack size: 0
core   0: Executed 2 times
core   0: 0x8000014c (0x00012083) lw      x1, 0(x2)
core   0: 3 0x8000014c (0x00012083) x1  0x80000090 mem 0x70000010
core   0: 0x80000150 (0xff010113) addi    x2, x2, -16
core   0: 3 0x80000150 (0xff010113) x2  0x70000000
core   0: 0x80000154 (0x00008067) ret
core   0: 3 0x80000154 (0x00008067)
core   0: 0x80000090 (0x0000400b) endprg  x0, x0, x0
core   0: 3 0x80000090 (0x0000400b)
core   0: 0x80000094 (0x0040006f) j       pc + 0x4
core   0: 3 0x80000094 (0x0040006f)
core   0: 0x80000098 (0x00100313) li      x6, 1
core   0: 3 0x80000098 (0x00100313) x6  0x00000001
core   0: 0x8000009c (0x00001297) auipc   x5, 0x1
core   0: 3 0x8000009c (0x00001297) x5  0x8000109c
core   0: 0x800000a0 (0xf6428293) addi    x5, x5, -156
core   0: 3 0x800000a0 (0xf6428293) x5  0x80001000
core   0: 0x800000a4 (0x0062a023) sw      x6, 0(x5)
core   0: 3 0x800000a4 (0x0062a023) mem 0x80001000 0x00000001
