core   0: 0x00001000 (0x00000297) auipc   x5, 0x0
core   0: 3 0x00001000 (0x00000297) x5  0x00001000
core   1: 0x00001000 (0x00000297) auipc   x5, 0x0
core   1: 3 0x00001000 (0x00000297) x5  0x00001000
core   2: 0x00001000 (0x00000297) auipc   x5, 0x0
core   2: 3 0x00001000 (0x00000297) x5  0x00001000
core   3: 0x00001000 (0x00000297) auipc   x5, 0x0
core   3: 3 0x00001000 (0x00000297) x5  0x00001000
core   0: 0x00001004 (0x02028593) addi    x11, x5, 32
core   0: 3 0x00001004 (0x02028593) x11 0x00001020
core   1: 0x00001004 (0x02028593) addi    x11, x5, 32
core   1: 3 0x00001004 (0x02028593) x11 0x00001020
core   2: 0x00001004 (0x02028593) addi    x11, x5, 32
core   2: 3 0x00001004 (0x02028593) x11 0x00001020
core   3: 0x00001004 (0x02028593) addi    x11, x5, 32
core   3: 3 0x00001004 (0x02028593) x11 0x00001020
core   0: 0x00001008 (0xf1402573) csrr    x10, mhartid
core   0: 3 0x00001008 (0xf1402573) x10 0x00000000
core   1: 0x00001008 (0xf1402573) csrr    x10, mhartid
core   1: 3 0x00001008 (0xf1402573) x10 0x00000001
core   2: 0x00001008 (0xf1402573) csrr    x10, mhartid
core   2: 3 0x00001008 (0xf1402573) x10 0x00000002
core   3: 0x00001008 (0xf1402573) csrr    x10, mhartid
core   3: 3 0x00001008 (0xf1402573) x10 0x00000003
core   0: 0x0000100c (0x0182a283) lw      x5, 24(x5)
core   0: 3 0x0000100c (0x0182a283) x5  0x80000000 mem 0x00001018
core   1: 0x0000100c (0x0182a283) lw      x5, 24(x5)
core   1: 3 0x0000100c (0x0182a283) x5  0x80000000 mem 0x00001018
core   2: 0x0000100c (0x0182a283) lw      x5, 24(x5)
core   2: 3 0x0000100c (0x0182a283) x5  0x80000000 mem 0x00001018
core   3: 0x0000100c (0x0182a283) lw      x5, 24(x5)
core   3: 3 0x0000100c (0x0182a283) x5  0x80000000 mem 0x00001018
core   0: 0x00001010 (0x00028067) jr      x5
core   0: 3 0x00001010 (0x00028067)
core   1: 0x00001010 (0x00028067) jr      x5
core   1: 3 0x00001010 (0x00028067)
core   2: 0x00001010 (0x00028067) jr      x5
core   2: 3 0x00001010 (0x00028067)
core   3: 0x00001010 (0x00028067) jr      x5
core   3: 3 0x00001010 (0x00028067)
core   0: 0x80000000 (0x00004197) auipc   x3, 0x4
core   0: 3 0x80000000 (0x00004197) x3  0x80004000
core   1: 0x80000000 (0x00004197) auipc   x3, 0x4
core   1: 3 0x80000000 (0x00004197) x3  0x80004000
core   2: 0x80000000 (0x00004197) auipc   x3, 0x4
core   2: 3 0x80000000 (0x00004197) x3  0x80004000
core   3: 0x80000000 (0x00004197) auipc   x3, 0x4
core   3: 3 0x80000000 (0x00004197) x3  0x80004000
core   0: 0x80000004 (0x80818193) addi    x3, x3, -2040
core   0: 3 0x80000004 (0x80818193) x3  0x80003808
core   1: 0x80000004 (0x80818193) addi    x3, x3, -2040
core   1: 3 0x80000004 (0x80818193) x3  0x80003808
core   2: 0x80000004 (0x80818193) addi    x3, x3, -2040
core   2: 3 0x80000004 (0x80818193) x3  0x80003808
core   3: 0x80000004 (0x80818193) addi    x3, x3, -2040
core   3: 3 0x80000004 (0x80818193) x3  0x80003808
core   0: 0x80000008 (0x02000e93) li      x29, 32
core   0: 3 0x80000008 (0x02000e93) x29 0x00000020
core   1: 0x80000008 (0x02000e93) li      x29, 32
core   1: 3 0x80000008 (0x02000e93) x29 0x00000020
core   2: 0x80000008 (0x02000e93) li      x29, 32
core   2: 3 0x80000008 (0x02000e93) x29 0x00000020
core   3: 0x80000008 (0x02000e93) li      x29, 32
core   3: 3 0x80000008 (0x02000e93) x29 0x00000020
core   0: 0x8000000c (0x0d0efed7) vsetvli x29, x29, e32, m1, ta, ma
core   0: 3 0x8000000c (0x0d0efed7) x29 0x00000004 c8_vstart 0x00000000 c3104_vl 0x00000004 c3105_vtype 0x000000d0 c768_mstatus 0x80000600
core   1: 0x8000000c (0x0d0efed7) vsetvli x29, x29, e32, m1, ta, ma
core   1: 3 0x8000000c (0x0d0efed7) x29 0x00000004 c8_vstart 0x00000000 c3104_vl 0x00000004 c3105_vtype 0x000000d0 c768_mstatus 0x80000600
core   2: 0x8000000c (0x0d0efed7) vsetvli x29, x29, e32, m1, ta, ma
core   2: 3 0x8000000c (0x0d0efed7) x29 0x00000004 c8_vstart 0x00000000 c3104_vl 0x00000004 c3105_vtype 0x000000d0 c768_mstatus 0x80000600
core   3: 0x8000000c (0x0d0efed7) vsetvli x29, x29, e32, m1, ta, ma
core   3: 3 0x8000000c (0x0d0efed7) x29 0x00000004 c8_vstart 0x00000000 c3104_vl 0x00000004 c3105_vtype 0x000000d0 c768_mstatus 0x80000600
core   0: 0x80000010 (0x00002eb7) lui     x29, 0x2
core   0: 3 0x80000010 (0x00002eb7) x29 0x00002000
core   1: 0x80000010 (0x00002eb7) lui     x29, 0x2
core   1: 3 0x80000010 (0x00002eb7) x29 0x00002000
core   2: 0x80000010 (0x00002eb7) lui     x29, 0x2
core   2: 3 0x80000010 (0x00002eb7) x29 0x00002000
core   3: 0x80000010 (0x00002eb7) lui     x29, 0x2
core   3: 3 0x80000010 (0x00002eb7) x29 0x00002000
core   0: 0x80000014 (0x300eaef3) csrrs   x29, mstatus, x29
core   0: 3 0x80000014 (0x300eaef3) x29 0x80000600 c768_mstatus 0x80006600
core   1: 0x80000014 (0x300eaef3) csrrs   x29, mstatus, x29
core   1: 3 0x80000014 (0x300eaef3) x29 0x80000600 c768_mstatus 0x80006600
core   2: 0x80000014 (0x300eaef3) csrrs   x29, mstatus, x29
core   2: 3 0x80000014 (0x300eaef3) x29 0x80000600 c768_mstatus 0x80006600
core   3: 0x80000014 (0x300eaef3) csrrs   x29, mstatus, x29
core   3: 3 0x80000014 (0x300eaef3) x29 0x80000600 c768_mstatus 0x80006600
core   0: 0x80000018 (0x00000e93) li      x29, 0
core   0: 3 0x80000018 (0x00000e93) x29 0x00000000
core   1: 0x80000018 (0x00000e93) li      x29, 0
core   1: 3 0x80000018 (0x00000e93) x29 0x00000000
core   2: 0x80000018 (0x00000e93) li      x29, 0
core   2: 3 0x80000018 (0x00000e93) x29 0x00000000
core   3: 0x80000018 (0x00000e93) li      x29, 0
core   3: 3 0x80000018 (0x00000e93) x29 0x00000000
core   0: 0x8000001c (0x80602173) csrr    x2, lds
core   0: 3 0x8000001c (0x80602173) x2  0x70000000
core   1: 0x8000001c (0x80602173) csrr    x2, lds
core   1: 3 0x8000001c (0x80602173) x2  0x70000000
core   2: 0x8000001c (0x80602173) csrr    x2, lds
core   2: 3 0x8000001c (0x80602173) x2  0x70000000
core   3: 0x8000001c (0x80602173) csrr    x2, lds
core   3: 3 0x8000001c (0x80602173) x2  0x70000000
core   0: 0x80000020 (0x00000213) li      x4, 0
core   0: 3 0x80000020 (0x00000213) x4  0x00000000
core   1: 0x80000020 (0x00000213) li      x4, 0
core   1: 3 0x80000020 (0x00000213) x4  0x00000000
core   2: 0x80000020 (0x00000213) li      x4, 0
core   2: 3 0x80000020 (0x00000213) x4  0x00000000
core   3: 0x80000020 (0x00000213) li      x4, 0
core   3: 3 0x80000020 (0x00000213) x4  0x00000000
core   0: 0x80000024 (0x00003517) auipc   x10, 0x3
core   0: 3 0x80000024 (0x00003517) x10 0x80003024
core   1: 0x80000024 (0x00003517) auipc   x10, 0x3
core   1: 3 0x80000024 (0x00003517) x10 0x80003024
core   2: 0x80000024 (0x00003517) auipc   x10, 0x3
core   2: 3 0x80000024 (0x00003517) x10 0x80003024
core   3: 0x80000024 (0x00003517) auipc   x10, 0x3
core   3: 3 0x80000024 (0x00003517) x10 0x80003024
core   0: 0x80000028 (0xfe450513) addi    x10, x10, -28
core   0: 3 0x80000028 (0xfe450513) x10 0x80003008
core   1: 0x80000028 (0xfe450513) addi    x10, x10, -28
core   1: 3 0x80000028 (0xfe450513) x10 0x80003008
core   2: 0x80000028 (0xfe450513) addi    x10, x10, -28
core   2: 3 0x80000028 (0xfe450513) x10 0x80003008
core   3: 0x80000028 (0xfe450513) addi    x10, x10, -28
core   3: 3 0x80000028 (0xfe450513) x10 0x80003008
core   0: 0x8000002c (0x00003617) auipc   x12, 0x3
core   0: 3 0x8000002c (0x00003617) x12 0x8000302c
core   1: 0x8000002c (0x00003617) auipc   x12, 0x3
core   1: 3 0x8000002c (0x00003617) x12 0x8000302c
core   2: 0x8000002c (0x00003617) auipc   x12, 0x3
core   2: 3 0x8000002c (0x00003617) x12 0x8000302c
core   3: 0x8000002c (0x00003617) auipc   x12, 0x3
core   3: 3 0x8000002c (0x00003617) x12 0x8000302c
core   0: 0x80000030 (0xfdc60613) addi    x12, x12, -36
core   0: 3 0x80000030 (0xfdc60613) x12 0x80003008
core   1: 0x80000030 (0xfdc60613) addi    x12, x12, -36
core   1: 3 0x80000030 (0xfdc60613) x12 0x80003008
core   2: 0x80000030 (0xfdc60613) addi    x12, x12, -36
core   2: 3 0x80000030 (0xfdc60613) x12 0x80003008
core   3: 0x80000030 (0xfdc60613) addi    x12, x12, -36
core   3: 3 0x80000030 (0xfdc60613) x12 0x80003008
core   0: 0x80000034 (0x00c50863) beq     x10, x12, pc + 16
core   0: 3 0x80000034 (0x00c50863)
core   1: 0x80000034 (0x00c50863) beq     x10, x12, pc + 16
core   1: 3 0x80000034 (0x00c50863)
core   2: 0x80000034 (0x00c50863) beq     x10, x12, pc + 16
core   2: 3 0x80000034 (0x00c50863)
core   3: 0x80000034 (0x00c50863) beq     x10, x12, pc + 16
core   3: 3 0x80000034 (0x00c50863)
core   0: 0x80000044 (0x803022f3) csrr    x5, knl
core   0: 3 0x80000044 (0x803022f3) x5  0x90014000
core   1: 0x80000044 (0x803022f3) csrr    x5, knl
core   1: 3 0x80000044 (0x803022f3) x5  0x90014000
core   2: 0x80000044 (0x803022f3) csrr    x5, knl
core   2: 3 0x80000044 (0x803022f3) x5  0x90014000
core   3: 0x80000044 (0x803022f3) csrr    x5, knl
core   3: 3 0x80000044 (0x803022f3) x5  0x90014000
core   0: 0x80000048 (0x0002a303) lw      x6, 0(x5)
core   0: 3 0x80000048 (0x0002a303) x6  0x80000098 mem 0x90014000
core   1: 0x80000048 (0x0002a303) lw      x6, 0(x5)
core   1: 3 0x80000048 (0x0002a303) x6  0x80000098 mem 0x90014000
core   2: 0x80000048 (0x0002a303) lw      x6, 0(x5)
core   2: 3 0x80000048 (0x0002a303) x6  0x80000098 mem 0x90014000
core   3: 0x80000048 (0x0002a303) lw      x6, 0(x5)
core   3: 3 0x80000048 (0x0002a303) x6  0x80000098 mem 0x90014000
core   0: 0x8000004c (0x0042a503) lw      x10, 4(x5)
core   0: 3 0x8000004c (0x0042a503) x10 0x90003000 mem 0x90014004
core   1: 0x8000004c (0x0042a503) lw      x10, 4(x5)
core   1: 3 0x8000004c (0x0042a503) x10 0x90003000 mem 0x90014004
core   2: 0x8000004c (0x0042a503) lw      x10, 4(x5)
core   2: 3 0x8000004c (0x0042a503) x10 0x90003000 mem 0x90014004
core   3: 0x8000004c (0x0042a503) lw      x10, 4(x5)
core   3: 3 0x8000004c (0x0042a503) x10 0x90003000 mem 0x90014004
core   0: 0x80000050 (0x0302a383) lw      x7, 48(x5)
core   0: 3 0x80000050 (0x0302a383) x7  0x00000000 mem 0x90014030
core   1: 0x80000050 (0x0302a383) lw      x7, 48(x5)
core   1: 3 0x80000050 (0x0302a383) x7  0x00000000 mem 0x90014030
core   2: 0x80000050 (0x0302a383) lw      x7, 48(x5)
core   2: 3 0x80000050 (0x0302a383) x7  0x00000000 mem 0x90014030
core   3: 0x80000050 (0x0302a383) lw      x7, 48(x5)
core   3: 3 0x80000050 (0x0302a383) x7  0x00000000 mem 0x90014030
core   0: 0x80000054 (0x0342ae03) lw      x28, 52(x5)
core   0: 3 0x80000054 (0x0342ae03) x28 0x00000000 mem 0x90014034
core   1: 0x80000054 (0x0342ae03) lw      x28, 52(x5)
core   1: 3 0x80000054 (0x0342ae03) x28 0x00000000 mem 0x90014034
core   2: 0x80000054 (0x0342ae03) lw      x28, 52(x5)
core   2: 3 0x80000054 (0x0342ae03) x28 0x00000000 mem 0x90014034
core   3: 0x80000054 (0x0342ae03) lw      x28, 52(x5)
core   3: 3 0x80000054 (0x0342ae03) x28 0x00000000 mem 0x90014034
core   0: 0x80000058 (0x00003e97) auipc   x29, 0x3
core   0: 3 0x80000058 (0x00003e97) x29 0x80003058
core   1: 0x80000058 (0x00003e97) auipc   x29, 0x3
core   1: 3 0x80000058 (0x00003e97) x29 0x80003058
core   2: 0x80000058 (0x00003e97) auipc   x29, 0x3
core   2: 3 0x80000058 (0x00003e97) x29 0x80003058
core   3: 0x80000058 (0x00003e97) auipc   x29, 0x3
core   3: 3 0x80000058 (0x00003e97) x29 0x80003058
core   0: 0x8000005c (0xfa8e8e93) addi    x29, x29, -88
core   0: 3 0x8000005c (0xfa8e8e93) x29 0x80003000
core   1: 0x8000005c (0xfa8e8e93) addi    x29, x29, -88
core   1: 3 0x8000005c (0xfa8e8e93) x29 0x80003000
core   2: 0x8000005c (0xfa8e8e93) addi    x29, x29, -88
core   2: 3 0x8000005c (0xfa8e8e93) x29 0x80003000
core   3: 0x8000005c (0xfa8e8e93) addi    x29, x29, -88
core   3: 3 0x8000005c (0xfa8e8e93) x29 0x80003000
core   0: 0x80000060 (0x00003f17) auipc   x30, 0x3
core   0: 3 0x80000060 (0x00003f17) x30 0x80003060
core   1: 0x80000060 (0x00003f17) auipc   x30, 0x3
core   1: 3 0x80000060 (0x00003f17) x30 0x80003060
core   2: 0x80000060 (0x00003f17) auipc   x30, 0x3
core   2: 3 0x80000060 (0x00003f17) x30 0x80003060
core   3: 0x80000060 (0x00003f17) auipc   x30, 0x3
core   3: 3 0x80000060 (0x00003f17) x30 0x80003060
core   0: 0x80000064 (0xfa4f0f13) addi    x30, x30, -92
core   0: 3 0x80000064 (0xfa4f0f13) x30 0x80003004
core   1: 0x80000064 (0xfa4f0f13) addi    x30, x30, -92
core   1: 3 0x80000064 (0xfa4f0f13) x30 0x80003004
core   2: 0x80000064 (0xfa4f0f13) addi    x30, x30, -92
core   2: 3 0x80000064 (0xfa4f0f13) x30 0x80003004
core   3: 0x80000064 (0xfa4f0f13) addi    x30, x30, -92
core   3: 3 0x80000064 (0xfa4f0f13) x30 0x80003004
core   0: 0x80000068 (0x007ea023) sw      x7, 0(x29)
core   0: 3 0x80000068 (0x007ea023) mem 0x80003000 0x00000000
core   1: 0x80000068 (0x007ea023) sw      x7, 0(x29)
core   1: 3 0x80000068 (0x007ea023) mem 0x80003000 0x00000000
core   2: 0x80000068 (0x007ea023) sw      x7, 0(x29)
core   2: 3 0x80000068 (0x007ea023) mem 0x80003000 0x00000000
core   3: 0x80000068 (0x007ea023) sw      x7, 0(x29)
core   3: 3 0x80000068 (0x007ea023) mem 0x80003000 0x00000000
core   0: 0x8000006c (0x01cf2023) sw      x28, 0(x30)
core   0: 3 0x8000006c (0x01cf2023) mem 0x80003004 0x00000000
core   1: 0x8000006c (0x01cf2023) sw      x28, 0(x30)
core   1: 3 0x8000006c (0x01cf2023) mem 0x80003004 0x00000000
core   2: 0x8000006c (0x01cf2023) sw      x28, 0(x30)
core   2: 3 0x8000006c (0x01cf2023) mem 0x80003004 0x00000000
core   3: 0x8000006c (0x01cf2023) sw      x28, 0(x30)
core   3: 3 0x8000006c (0x01cf2023) mem 0x80003004 0x00000000
core   0: 0x80000070 (0x00000f97) auipc   x31, 0x0
core   0: 3 0x80000070 (0x00000f97) x31 0x80000070
core   1: 0x80000070 (0x00000f97) auipc   x31, 0x0
core   1: 3 0x80000070 (0x00000f97) x31 0x80000070
core   2: 0x80000070 (0x00000f97) auipc   x31, 0x0
core   2: 3 0x80000070 (0x00000f97) x31 0x80000070
core   3: 0x80000070 (0x00000f97) auipc   x31, 0x0
core   3: 3 0x80000070 (0x00000f97) x31 0x80000070
core   0: 0x80000074 (0x018f8f93) addi    x31, x31, 24
core   0: 3 0x80000074 (0x018f8f93) x31 0x80000088
core   1: 0x80000074 (0x018f8f93) addi    x31, x31, 24
core   1: 3 0x80000074 (0x018f8f93) x31 0x80000088
core   2: 0x80000074 (0x018f8f93) addi    x31, x31, 24
core   2: 3 0x80000074 (0x018f8f93) x31 0x80000088
core   3: 0x80000074 (0x018f8f93) addi    x31, x31, 24
core   3: 3 0x80000074 (0x018f8f93) x31 0x80000088
core   0: 0x80000078 (0x305f9073) csrw    mtvec, x31
core   0: 3 0x80000078 (0x305f9073) c773_mtvec 0x80000088
core   1: 0x80000078 (0x305f9073) csrw    mtvec, x31
core   1: 3 0x80000078 (0x305f9073) c773_mtvec 0x80000088
core   2: 0x80000078 (0x305f9073) csrw    mtvec, x31
core   2: 3 0x80000078 (0x305f9073) c773_mtvec 0x80000088
core   3: 0x80000078 (0x305f9073) csrw    mtvec, x31
core   3: 3 0x80000078 (0x305f9073) c773_mtvec 0x80000088
core   0: 0x8000007c (0x000300e7) jalr    x6
core   0: 3 0x8000007c (0x000300e7) x1  0x80000080
core   1: 0x8000007c (0x000300e7) jalr    x6
core   1: 3 0x8000007c (0x000300e7) x1  0x80000080
core   2: 0x8000007c (0x000300e7) jalr    x6
core   2: 3 0x8000007c (0x000300e7) x1  0x80000080
core   3: 0x8000007c (0x000300e7) jalr    x6
core   3: 3 0x8000007c (0x000300e7) x1  0x80000080
core   0: 0x80000098 (0x01010113) addi    x2, x2, 16
core   0: 3 0x80000098 (0x01010113) x2  0x70000010
core   1: 0x80000098 (0x01010113) addi    x2, x2, 16
core   1: 3 0x80000098 (0x01010113) x2  0x70000010
core   2: 0x80000098 (0x01010113) addi    x2, x2, 16
core   2: 3 0x80000098 (0x01010113) x2  0x70000010
core   3: 0x80000098 (0x01010113) addi    x2, x2, 16
core   3: 3 0x80000098 (0x01010113) x2  0x70000010
core   0: 0x8000009c (0xfe112823) sw      x1, -16(x2)
core   0: 3 0x8000009c (0xfe112823) mem 0x70000000 0x80000080
core   1: 0x8000009c (0xfe112823) sw      x1, -16(x2)
core   1: 3 0x8000009c (0xfe112823) mem 0x70000000 0x80000080
core   2: 0x8000009c (0xfe112823) sw      x1, -16(x2)
core   2: 3 0x8000009c (0xfe112823) mem 0x70000000 0x80000080
core   3: 0x8000009c (0xfe112823) sw      x1, -16(x2)
core   3: 3 0x8000009c (0xfe112823) mem 0x70000000 0x80000080
core   0: 0x800000a0 (0x00852283) lw      x5, 8(x10)
core   0: 3 0x800000a0 (0x00852283) x5  0x90002000 mem 0x90003008
core   1: 0x800000a0 (0x00852283) lw      x5, 8(x10)
core   1: 3 0x800000a0 (0x00852283) x5  0x90002000 mem 0x90003008
core   2: 0x800000a0 (0x00852283) lw      x5, 8(x10)
core   2: 3 0x800000a0 (0x00852283) x5  0x90002000 mem 0x90003008
core   3: 0x800000a0 (0x00852283) lw      x5, 8(x10)
core   3: 3 0x800000a0 (0x00852283) x5  0x90002000 mem 0x90003008
core   0: 0x800000a4 (0xfe512a23) sw      x5, -12(x2)
core   0: 3 0x800000a4 (0xfe512a23) mem 0x70000004 0x90002000
core   1: 0x800000a4 (0xfe512a23) sw      x5, -12(x2)
core   1: 3 0x800000a4 (0xfe512a23) mem 0x70000004 0x90002000
core   2: 0x800000a4 (0xfe512a23) sw      x5, -12(x2)
core   2: 3 0x800000a4 (0xfe512a23) mem 0x70000004 0x90002000
core   3: 0x800000a4 (0xfe512a23) sw      x5, -12(x2)
core   3: 3 0x800000a4 (0xfe512a23) mem 0x70000004 0x90002000
core   0: 0x800000a8 (0x00452283) lw      x5, 4(x10)
core   0: 3 0x800000a8 (0x00452283) x5  0x90001000 mem 0x90003004
core   1: 0x800000a8 (0x00452283) lw      x5, 4(x10)
core   1: 3 0x800000a8 (0x00452283) x5  0x90001000 mem 0x90003004
core   2: 0x800000a8 (0x00452283) lw      x5, 4(x10)
core   2: 3 0x800000a8 (0x00452283) x5  0x90001000 mem 0x90003004
core   3: 0x800000a8 (0x00452283) lw      x5, 4(x10)
core   3: 3 0x800000a8 (0x00452283) x5  0x90001000 mem 0x90003004
core   0: 0x800000ac (0xfe512c23) sw      x5, -8(x2)
core   0: 3 0x800000ac (0xfe512c23) mem 0x70000008 0x90001000
core   1: 0x800000ac (0xfe512c23) sw      x5, -8(x2)
core   1: 3 0x800000ac (0xfe512c23) mem 0x70000008 0x90001000
core   2: 0x800000ac (0xfe512c23) sw      x5, -8(x2)
core   2: 3 0x800000ac (0xfe512c23) mem 0x70000008 0x90001000
core   3: 0x800000ac (0xfe512c23) sw      x5, -8(x2)
core   3: 3 0x800000ac (0xfe512c23) mem 0x70000008 0x90001000
core   0: 0x800000b0 (0x00052283) lw      x5, 0(x10)
core   0: 3 0x800000b0 (0x00052283) x5  0x90000000 mem 0x90003000
core   1: 0x800000b0 (0x00052283) lw      x5, 0(x10)
core   1: 3 0x800000b0 (0x00052283) x5  0x90000000 mem 0x90003000
core   2: 0x800000b0 (0x00052283) lw      x5, 0(x10)
core   2: 3 0x800000b0 (0x00052283) x5  0x90000000 mem 0x90003000
core   3: 0x800000b0 (0x00052283) lw      x5, 0(x10)
core   3: 3 0x800000b0 (0x00052283) x5  0x90000000 mem 0x90003000
core   0: 0x800000b4 (0xfe512e23) sw      x5, -4(x2)
core   0: 3 0x800000b4 (0xfe512e23) mem 0x7000000c 0x90000000
core   1: 0x800000b4 (0xfe512e23) sw      x5, -4(x2)
core   1: 3 0x800000b4 (0xfe512e23) mem 0x7000000c 0x90000000
core   2: 0x800000b4 (0xfe512e23) sw      x5, -4(x2)
core   2: 3 0x800000b4 (0xfe512e23) mem 0x7000000c 0x90000000
core   3: 0x800000b4 (0xfe512e23) sw      x5, -4(x2)
core   3: 3 0x800000b4 (0xfe512e23) mem 0x7000000c 0x90000000
core   0: 0x800000b8 (0x5e004057) vmv.v.x v0, x0
core   0: 3 0x800000b8 (0x5e004057) c8_vstart 0x00000000 e32 m1 l4 v0  0x00000000000000000000000000000000
core   1: 0x800000b8 (0x5e004057) vmv.v.x v0, x0
core   1: 3 0x800000b8 (0x5e004057) c8_vstart 0x00000000 e32 m1 l4 v0  0x00000000000000000000000000000000
core   2: 0x800000b8 (0x5e004057) vmv.v.x v0, x0
core   2: 3 0x800000b8 (0x5e004057) c8_vstart 0x00000000 e32 m1 l4 v0  0x00000000000000000000000000000000
core   3: 0x800000b8 (0x5e004057) vmv.v.x v0, x0
core   3: 3 0x800000b8 (0x5e004057) c8_vstart 0x00000000 e32 m1 l4 v0  0x00000000000000000000000000000000
core   0: 0x800000bc (0x040000ef) jal     pc + 0x40
core   0: 3 0x800000bc (0x040000ef) x1  0x800000c0
core   1: 0x800000bc (0x040000ef) jal     pc + 0x40
core   1: 3 0x800000bc (0x040000ef) x1  0x800000c0
core   2: 0x800000bc (0x040000ef) jal     pc + 0x40
core   2: 3 0x800000bc (0x040000ef) x1  0x800000c0
core   3: 0x800000bc (0x040000ef) jal     pc + 0x40
core   3: 3 0x800000bc (0x040000ef) x1  0x800000c0
core   0: 0x800000fc (0x00410113) addi    x2, x2, 4
core   0: 3 0x800000fc (0x00410113) x2  0x70000014
core   1: 0x800000fc (0x00410113) addi    x2, x2, 4
core   1: 3 0x800000fc (0x00410113) x2  0x70000014
core   2: 0x800000fc (0x00410113) addi    x2, x2, 4
core   2: 3 0x800000fc (0x00410113) x2  0x70000014
core   3: 0x800000fc (0x00410113) addi    x2, x2, 4
core   3: 3 0x800000fc (0x00410113) x2  0x70000014
core   0: 0x80000100 (0xfe112e23) sw      x1, -4(x2)
core   0: 3 0x80000100 (0xfe112e23) mem 0x70000010 0x800000c0
core   1: 0x80000100 (0xfe112e23) sw      x1, -4(x2)
core   1: 3 0x80000100 (0xfe112e23) mem 0x70000010 0x800000c0
core   2: 0x80000100 (0xfe112e23) sw      x1, -4(x2)
core   2: 3 0x80000100 (0xfe112e23) mem 0x70000010 0x800000c0
core   3: 0x80000100 (0xfe112e23) sw      x1, -4(x2)
core   3: 3 0x80000100 (0xfe112e23) mem 0x70000010 0x800000c0
core   0: 0x80000104 (0x00200293) li      x5, 2
core   0: 3 0x80000104 (0x00200293) x5  0x00000002
core   1: 0x80000104 (0x00200293) li      x5, 2
core   1: 3 0x80000104 (0x00200293) x5  0x00000002
core   2: 0x80000104 (0x00200293) li      x5, 2
core   2: 3 0x80000104 (0x00200293) x5  0x00000002
core   3: 0x80000104 (0x00200293) li      x5, 2
core   3: 3 0x80000104 (0x00200293) x5  0x00000002
core   0: 0x80000108 (0x5e02c0d7) vmv.v.x v1, x5
core   0: 3 0x80000108 (0x5e02c0d7) c8_vstart 0x00000000 e32 m1 l4 v1  0x00000002000000020000000200000002
core   1: 0x80000108 (0x5e02c0d7) vmv.v.x v1, x5
core   1: 3 0x80000108 (0x5e02c0d7) c8_vstart 0x00000000 e32 m1 l4 v1  0x00000002000000020000000200000002
core   2: 0x80000108 (0x5e02c0d7) vmv.v.x v1, x5
core   2: 3 0x80000108 (0x5e02c0d7) c8_vstart 0x00000000 e32 m1 l4 v1  0x00000002000000020000000200000002
core   3: 0x80000108 (0x5e02c0d7) vmv.v.x v1, x5
core   3: 3 0x80000108 (0x5e02c0d7) c8_vstart 0x00000000 e32 m1 l4 v1  0x00000002000000020000000200000002
core   0: 0x8000010c (0x00000317) auipc   x6, 0x0
core   0: 3 0x8000010c (0x00000317) x6  0x8000010c
core   1: 0x8000010c (0x00000317) auipc   x6, 0x0
core   1: 3 0x8000010c (0x00000317) x6  0x8000010c
core   2: 0x8000010c (0x00000317) auipc   x6, 0x0
core   2: 3 0x8000010c (0x00000317) x6  0x8000010c
core   3: 0x8000010c (0x00000317) auipc   x6, 0x0
core   3: 3 0x8000010c (0x00000317) x6  0x8000010c
core   0: 0x80000110 (0x04c3305b) setrpc  x0, x6, 76
core   0: 3 0x80000110 (0x04c3305b) c2060_rpc 0x80000158
current mask:	0000000f
current npc:	00000000
stack size: 0

core   1: 0x80000110 (0x04c3305b) setrpc  x0, x6, 76
core   1: 3 0x80000110 (0x04c3305b) c2060_rpc 0x80000158
current mask:	0000000f
current npc:	00000000
stack size: 0

core   2: 0x80000110 (0x04c3305b) setrpc  x0, x6, 76
core   2: 3 0x80000110 (0x04c3305b) c2060_rpc 0x80000158
current mask:	0000000f
current npc:	00000000
stack size: 0

core   3: 0x80000110 (0x04c3305b) setrpc  x0, x6, 76
core   3: 3 0x80000110 (0x04c3305b) c2060_rpc 0x80000158
current mask:	0000000f
current npc:	00000000
stack size: 0

core   0: 0x80000114 (0x0200885b) vbeq    v0, v1, pc + 48
core   0: 3 0x80000114 (0x0200885b) c8_vstart 0x00000000 e32 m1 l4
current mask:	0000000f
current npc:	80000118
stack size: 0

core   1: 0x80000114 (0x0200885b) vbeq    v0, v1, pc + 48
core   1: 3 0x80000114 (0x0200885b) c8_vstart 0x00000000 e32 m1 l4
current mask:	0000000f
current npc:	80000118
stack size: 0

core   2: 0x80000114 (0x0200885b) vbeq    v0, v1, pc + 48
core   2: 3 0x80000114 (0x0200885b) c8_vstart 0x00000000 e32 m1 l4
current mask:	0000000f
current npc:	80000118
stack size: 0

core   3: 0x80000114 (0x0200885b) vbeq    v0, v1, pc + 48
core   3: 3 0x80000114 (0x0200885b) c8_vstart 0x00000000 e32 m1 l4
current mask:	0000000f
current npc:	80000118
stack size: 0

core   0: 0x80000118 (0x00100293) li      x5, 1
core   0: 3 0x80000118 (0x00100293) x5  0x00000001
core   1: 0x80000118 (0x00100293) li      x5, 1
core   1: 3 0x80000118 (0x00100293) x5  0x00000001
core   2: 0x80000118 (0x00100293) li      x5, 1
core   2: 3 0x80000118 (0x00100293) x5  0x00000001
core   3: 0x80000118 (0x00100293) li      x5, 1
core   3: 3 0x80000118 (0x00100293) x5  0x00000001
core   0: 0x8000011c (0x5e02c0d7) vmv.v.x v1, x5
core   0: 3 0x8000011c (0x5e02c0d7) c8_vstart 0x00000000 e32 m1 l4 v1  0x00000001000000010000000100000001
core   1: 0x8000011c (0x5e02c0d7) vmv.v.x v1, x5
core   1: 3 0x8000011c (0x5e02c0d7) c8_vstart 0x00000000 e32 m1 l4 v1  0x00000001000000010000000100000001
core   2: 0x8000011c (0x5e02c0d7) vmv.v.x v1, x5
core   2: 3 0x8000011c (0x5e02c0d7) c8_vstart 0x00000000 e32 m1 l4 v1  0x00000001000000010000000100000001
core   3: 0x8000011c (0x5e02c0d7) vmv.v.x v1, x5
core   3: 3 0x8000011c (0x5e02c0d7) c8_vstart 0x00000000 e32 m1 l4 v1  0x00000001000000010000000100000001
core   0: 0x80000120 (0x00000317) auipc   x6, 0x0
core   0: 3 0x80000120 (0x00000317) x6  0x80000120
core   1: 0x80000120 (0x00000317) auipc   x6, 0x0
core   1: 3 0x80000120 (0x00000317) x6  0x80000120
core   2: 0x80000120 (0x00000317) auipc   x6, 0x0
core   2: 3 0x80000120 (0x00000317) x6  0x80000120
core   3: 0x80000120 (0x00000317) auipc   x6, 0x0
core   3: 3 0x80000120 (0x00000317) x6  0x80000120
core   0: 0x80000124 (0x0383305b) setrpc  x0, x6, 56
core   0: 3 0x80000124 (0x0383305b) c2060_rpc 0x80000158
current mask:	0000000f
current npc:	80000118
stack size: 0

core   1: 0x80000124 (0x0383305b) setrpc  x0, x6, 56
core   1: 3 0x80000124 (0x0383305b) c2060_rpc 0x80000158
current mask:	0000000f
current npc:	80000118
stack size: 0

core   2: 0x80000124 (0x0383305b) setrpc  x0, x6, 56
core   2: 3 0x80000124 (0x0383305b) c2060_rpc 0x80000158
current mask:	0000000f
current npc:	80000118
stack size: 0

core   3: 0x80000124 (0x0383305b) setrpc  x0, x6, 56
core   3: 3 0x80000124 (0x0383305b) c2060_rpc 0x80000158
current mask:	0000000f
current npc:	80000118
stack size: 0

core   0: 0x80000128 (0x0200825b) vbeq    v0, v1, pc + 36
core   0: 3 0x80000128 (0x0200825b) c8_vstart 0x00000000 e32 m1 l4
current mask:	0000000f
current npc:	8000012c
stack size: 0

core   1: 0x80000128 (0x0200825b) vbeq    v0, v1, pc + 36
core   1: 3 0x80000128 (0x0200825b) c8_vstart 0x00000000 e32 m1 l4
current mask:	0000000f
current npc:	8000012c
stack size: 0

core   2: 0x80000128 (0x0200825b) vbeq    v0, v1, pc + 36
core   2: 3 0x80000128 (0x0200825b) c8_vstart 0x00000000 e32 m1 l4
current mask:	0000000f
current npc:	8000012c
stack size: 0

core   3: 0x80000128 (0x0200825b) vbeq    v0, v1, pc + 36
core   3: 3 0x80000128 (0x0200825b) c8_vstart 0x00000000 e32 m1 l4
current mask:	0000000f
current npc:	8000012c
stack size: 0

core   0: 0x8000012c (0x5e0040d7) vmv.v.x v1, x0
core   0: 3 0x8000012c (0x5e0040d7) c8_vstart 0x00000000 e32 m1 l4 v1  0x00000000000000000000000000000000
core   1: 0x8000012c (0x5e0040d7) vmv.v.x v1, x0
core   1: 3 0x8000012c (0x5e0040d7) c8_vstart 0x00000000 e32 m1 l4 v1  0x00000000000000000000000000000000
core   2: 0x8000012c (0x5e0040d7) vmv.v.x v1, x0
core   2: 3 0x8000012c (0x5e0040d7) c8_vstart 0x00000000 e32 m1 l4 v1  0x00000000000000000000000000000000
core   3: 0x8000012c (0x5e0040d7) vmv.v.x v1, x0
core   3: 3 0x8000012c (0x5e0040d7) c8_vstart 0x00000000 e32 m1 l4 v1  0x00000000000000000000000000000000
core   0: 0x80000130 (0x00000317) auipc   x6, 0x0
core   0: 3 0x80000130 (0x00000317) x6  0x80000130
core   1: 0x80000130 (0x00000317) auipc   x6, 0x0
core   1: 3 0x80000130 (0x00000317) x6  0x80000130
core   2: 0x80000130 (0x00000317) auipc   x6, 0x0
core   2: 3 0x80000130 (0x00000317) x6  0x80000130
core   3: 0x80000130 (0x00000317) auipc   x6, 0x0
core   3: 3 0x80000130 (0x00000317) x6  0x80000130
core   0: 0x80000134 (0x0283305b) setrpc  x0, x6, 40
core   0: 3 0x80000134 (0x0283305b) c2060_rpc 0x80000158
current mask:	0000000f
current npc:	8000012c
stack size: 0

core   1: 0x80000134 (0x0283305b) setrpc  x0, x6, 40
core   1: 3 0x80000134 (0x0283305b) c2060_rpc 0x80000158
current mask:	0000000f
current npc:	8000012c
stack size: 0

core   2: 0x80000134 (0x0283305b) setrpc  x0, x6, 40
core   2: 3 0x80000134 (0x0283305b) c2060_rpc 0x80000158
current mask:	0000000f
current npc:	8000012c
stack size: 0

core   3: 0x80000134 (0x0283305b) setrpc  x0, x6, 40
core   3: 3 0x80000134 (0x0283305b) c2060_rpc 0x80000158
current mask:	0000000f
current npc:	8000012c
stack size: 0

core   0: 0x80000138 (0x00009e5b) vbne    v0, v1, pc + 28
core   0: 3 0x80000138 (0x00009e5b) c8_vstart 0x00000000 e32 m1 l4
current mask:	0000000f
current npc:	8000013c
stack size: 0

core   1: 0x80000138 (0x00009e5b) vbne    v0, v1, pc + 28
core   1: 3 0x80000138 (0x00009e5b) c8_vstart 0x00000000 e32 m1 l4
current mask:	0000000f
current npc:	8000013c
stack size: 0

core   2: 0x80000138 (0x00009e5b) vbne    v0, v1, pc + 28
core   2: 3 0x80000138 (0x00009e5b) c8_vstart 0x00000000 e32 m1 l4
current mask:	0000000f
current npc:	8000013c
stack size: 0

core   3: 0x80000138 (0x00009e5b) vbne    v0, v1, pc + 28
core   3: 3 0x80000138 (0x00009e5b) c8_vstart 0x00000000 e32 m1 l4
current mask:	0000000f
current npc:	8000013c
stack size: 0

core   0: 0x8000013c (0x168000ef) jal     pc + 0x168
core   0: 3 0x8000013c (0x168000ef) x1  0x80000140
core   1: 0x8000013c (0x168000ef) jal     pc + 0x168
core   1: 3 0x8000013c (0x168000ef) x1  0x80000140
core   2: 0x8000013c (0x168000ef) jal     pc + 0x168
core   2: 3 0x8000013c (0x168000ef) x1  0x80000140
core   3: 0x8000013c (0x168000ef) jal     pc + 0x168
core   3: 3 0x8000013c (0x168000ef) x1  0x80000140
core   0: 0x800002a4 (0x00410113) addi    x2, x2, 4
core   0: 3 0x800002a4 (0x00410113) x2  0x70000018
core   1: 0x800002a4 (0x00410113) addi    x2, x2, 4
core   1: 3 0x800002a4 (0x00410113) x2  0x70000018
core   2: 0x800002a4 (0x00410113) addi    x2, x2, 4
core   2: 3 0x800002a4 (0x00410113) x2  0x70000018
core   3: 0x800002a4 (0x00410113) addi    x2, x2, 4
core   3: 3 0x800002a4 (0x00410113) x2  0x70000018
core   0: 0x800002a8 (0xfe112e23) sw      x1, -4(x2)
core   0: 3 0x800002a8 (0xfe112e23) mem 0x70000014 0x80000140
core   1: 0x800002a8 (0xfe112e23) sw      x1, -4(x2)
core   1: 3 0x800002a8 (0xfe112e23) mem 0x70000014 0x80000140
core   2: 0x800002a8 (0xfe112e23) sw      x1, -4(x2)
core   2: 3 0x800002a8 (0xfe112e23) mem 0x70000014 0x80000140
core   3: 0x800002a8 (0xfe112e23) sw      x1, -4(x2)
core   3: 3 0x800002a8 (0xfe112e23) mem 0x70000014 0x80000140
core   0: 0x800002ac (0xf71ff0ef) jal     pc - 0x90
core   0: 3 0x800002ac (0xf71ff0ef) x1  0x800002b0
core   1: 0x800002ac (0xf71ff0ef) jal     pc - 0x90
core   1: 3 0x800002ac (0xf71ff0ef) x1  0x800002b0
core   2: 0x800002ac (0xf71ff0ef) jal     pc - 0x90
core   2: 3 0x800002ac (0xf71ff0ef) x1  0x800002b0
core   3: 0x800002ac (0xf71ff0ef) jal     pc - 0x90
core   3: 3 0x800002ac (0xf71ff0ef) x1  0x800002b0
core   0: 0x8000021c (0x80302573) csrr    x10, knl
core   0: 3 0x8000021c (0x80302573) x10 0x90014000
core   1: 0x8000021c (0x80302573) csrr    x10, knl
core   1: 3 0x8000021c (0x80302573) x10 0x90014000
core   2: 0x8000021c (0x80302573) csrr    x10, knl
core   2: 3 0x8000021c (0x80302573) x10 0x90014000
core   3: 0x8000021c (0x80302573) csrr    x10, knl
core   3: 3 0x8000021c (0x80302573) x10 0x90014000
core   0: 0x80000220 (0x00852283) lw      x5, 8(x10)
core   0: 3 0x80000220 (0x00852283) x5  0x00000001 mem 0x90014008
core   1: 0x80000220 (0x00852283) lw      x5, 8(x10)
core   1: 3 0x80000220 (0x00852283) x5  0x00000001 mem 0x90014008
core   2: 0x80000220 (0x00852283) lw      x5, 8(x10)
core   2: 3 0x80000220 (0x00852283) x5  0x00000001 mem 0x90014008
core   3: 0x80000220 (0x00852283) lw      x5, 8(x10)
core   3: 3 0x80000220 (0x00852283) x5  0x00000001 mem 0x90014008
core   0: 0x80000224 (0x80002373) csrr    x6, tid
core   0: 3 0x80000224 (0x80002373) x6  0x00000000
core   1: 0x80000224 (0x80002373) csrr    x6, tid
core   1: 3 0x80000224 (0x80002373) x6  0x00000004
core   2: 0x80000224 (0x80002373) csrr    x6, tid
core   2: 3 0x80000224 (0x80002373) x6  0x00000008
core   3: 0x80000224 (0x80002373) csrr    x6, tid
core   3: 3 0x80000224 (0x80002373) x6  0x0000000c
core   0: 0x80000228 (0x5208a157) vid.v   v2
core   0: 3 0x80000228 (0x5208a157) c8_vstart 0x00000000 e32 m1 l4 v2  0x00000003000000020000000100000000
core   1: 0x80000228 (0x5208a157) vid.v   v2
core   1: 3 0x80000228 (0x5208a157) c8_vstart 0x00000000 e32 m1 l4 v2  0x00000003000000020000000100000000
core   2: 0x80000228 (0x5208a157) vid.v   v2
core   2: 3 0x80000228 (0x5208a157) c8_vstart 0x00000000 e32 m1 l4 v2  0x00000003000000020000000100000000
core   3: 0x80000228 (0x5208a157) vid.v   v2
core   3: 3 0x80000228 (0x5208a157) c8_vstart 0x00000000 e32 m1 l4 v2  0x00000003000000020000000100000000
core   0: 0x8000022c (0x02234057) vadd.vx v0, v2, x6
core   0: 3 0x8000022c (0x02234057) c8_vstart 0x00000000 e32 m1 l4 v0  0x00000003000000020000000100000000
core   1: 0x8000022c (0x02234057) vadd.vx v0, v2, x6
core   1: 3 0x8000022c (0x02234057) c8_vstart 0x00000000 e32 m1 l4 v0  0x00000007000000060000000500000004
core   2: 0x8000022c (0x02234057) vadd.vx v0, v2, x6
core   2: 3 0x8000022c (0x02234057) c8_vstart 0x00000000 e32 m1 l4 v0  0x0000000b0000000a0000000900000008
core   3: 0x8000022c (0x02234057) vadd.vx v0, v2, x6
core   3: 3 0x8000022c (0x02234057) c8_vstart 0x00000000 e32 m1 l4 v0  0x0000000f0000000e0000000d0000000c
core   0: 0x80000230 (0x00100393) li      x7, 1
core   0: 3 0x80000230 (0x00100393) x7  0x00000001
core   1: 0x80000230 (0x00100393) li      x7, 1
core   1: 3 0x80000230 (0x00100393) x7  0x00000001
core   2: 0x80000230 (0x00100393) li      x7, 1
core   2: 3 0x80000230 (0x00100393) x7  0x00000001
core   3: 0x80000230 (0x00100393) li      x7, 1
core   3: 3 0x80000230 (0x00100393) x7  0x00000001
core   0: 0x80000234 (0x00728663) beq     x5, x7, pc + 12
core   0: 3 0x80000234 (0x00728663)
core   1: 0x80000234 (0x00728663) beq     x5, x7, pc + 12
core   1: 3 0x80000234 (0x00728663)
core   2: 0x80000234 (0x00728663) beq     x5, x7, pc + 12
core   2: 3 0x80000234 (0x00728663)
core   3: 0x80000234 (0x00728663) beq     x5, x7, pc + 12
core   3: 3 0x80000234 (0x00728663)
core   0: 0x80000240 (0x00008067) ret
core   0: 3 0x80000240 (0x00008067)
core   1: 0x80000240 (0x00008067) ret
core   1: 3 0x80000240 (0x00008067)
core   2: 0x80000240 (0x00008067) ret
core   2: 3 0x80000240 (0x00008067)
core   3: 0x80000240 (0x00008067) ret
core   3: 3 0x80000240 (0x00008067)
core   0: 0x800002b0 (0x80302573) csrr    x10, knl
core   0: 3 0x800002b0 (0x80302573) x10 0x90014000
core   1: 0x800002b0 (0x80302573) csrr    x10, knl
core   1: 3 0x800002b0 (0x80302573) x10 0x90014000
core   2: 0x800002b0 (0x80302573) csrr    x10, knl
core   2: 3 0x800002b0 (0x80302573) x10 0x90014000
core   3: 0x800002b0 (0x80302573) csrr    x10, knl
core   3: 3 0x800002b0 (0x80302573) x10 0x90014000
core   0: 0x800002b4 (0x80802373) csrr    x6, gidx
core   0: 3 0x800002b4 (0x80802373) x6  0x00000000
core   1: 0x800002b4 (0x80802373) csrr    x6, gidx
core   1: 3 0x800002b4 (0x80802373) x6  0x00000000
core   2: 0x800002b4 (0x80802373) csrr    x6, gidx
core   2: 3 0x800002b4 (0x80802373) x6  0x00000000
core   3: 0x800002b4 (0x80802373) csrr    x6, gidx
core   3: 3 0x800002b4 (0x80802373) x6  0x00000000
core   0: 0x800002b8 (0x01852e03) lw      x28, 24(x10)
core   0: 3 0x800002b8 (0x01852e03) x28 0x00000010 mem 0x90014018
core   1: 0x800002b8 (0x01852e03) lw      x28, 24(x10)
core   1: 3 0x800002b8 (0x01852e03) x28 0x00000010 mem 0x90014018
core   2: 0x800002b8 (0x01852e03) lw      x28, 24(x10)
core   2: 3 0x800002b8 (0x01852e03) x28 0x00000010 mem 0x90014018
core   3: 0x800002b8 (0x01852e03) lw      x28, 24(x10)
core   3: 3 0x800002b8 (0x01852e03) x28 0x00000010 mem 0x90014018
core   0: 0x800002bc (0x03c30fb3) mul     x31, x6, x28
core   0: 3 0x800002bc (0x03c30fb3) x31 0x00000000
core   1: 0x800002bc (0x03c30fb3) mul     x31, x6, x28
core   1: 3 0x800002bc (0x03c30fb3) x31 0x00000000
core   2: 0x800002bc (0x03c30fb3) mul     x31, x6, x28
core   2: 3 0x800002bc (0x03c30fb3) x31 0x00000000
core   3: 0x800002bc (0x03c30fb3) mul     x31, x6, x28
core   3: 3 0x800002bc (0x03c30fb3) x31 0x00000000
core   0: 0x800002c0 (0x020fc057) vadd.vx v0, v0, x31
core   0: 3 0x800002c0 (0x020fc057) c8_vstart 0x00000000 e32 m1 l4 v0  0x00000003000000020000000100000000
core   1: 0x800002c0 (0x020fc057) vadd.vx v0, v0, x31
core   1: 3 0x800002c0 (0x020fc057) c8_vstart 0x00000000 e32 m1 l4 v0  0x00000007000000060000000500000004
core   2: 0x800002c0 (0x020fc057) vadd.vx v0, v0, x31
core   2: 3 0x800002c0 (0x020fc057) c8_vstart 0x00000000 e32 m1 l4 v0  0x0000000b0000000a0000000900000008
core   3: 0x800002c0 (0x020fc057) vadd.vx v0, v0, x31
core   3: 3 0x800002c0 (0x020fc057) c8_vstart 0x00000000 e32 m1 l4 v0  0x0000000f0000000e0000000d0000000c
core   0: 0x800002c4 (0xffc12083) lw      x1, -4(x2)
core   0: 3 0x800002c4 (0xffc12083) x1  0x80000140 mem 0x70000014
core   1: 0x800002c4 (0xffc12083) lw      x1, -4(x2)
core   1: 3 0x800002c4 (0xffc12083) x1  0x80000140 mem 0x70000014
core   2: 0x800002c4 (0xffc12083) lw      x1, -4(x2)
core   2: 3 0x800002c4 (0xffc12083) x1  0x80000140 mem 0x70000014
core   3: 0x800002c4 (0xffc12083) lw      x1, -4(x2)
core   3: 3 0x800002c4 (0xffc12083) x1  0x80000140 mem 0x70000014
core   0: 0x800002c8 (0x0400c00b) barrier x0, x0, 1
core   0: 3 0x800002c8 (0x0400c00b)
core   1: 0x800002c8 (0x0400c00b) barrier x0, x0, 1
core   1: 3 0x800002c8 (0x0400c00b)
core   2: 0x800002c8 (0x0400c00b) barrier x0, x0, 1
core   2: 3 0x800002c8 (0x0400c00b)
core   3: 0x800002c8 (0x0400c00b) barrier x0, x0, 1
core   3: 3 0x800002c8 (0x0400c00b)
core   0: 3 0x800002c8 (0x0400c00b)
core   1: 3 0x800002c8 (0x0400c00b)
core   2: 3 0x800002c8 (0x0400c00b)
core   3: 0x800002cc (0xffc10113) addi    x2, x2, -4
core   3: 3 0x800002cc (0xffc10113) x2  0x70000014
core   0: Executed 2 times
core   0: 0x800002cc (0xffc10113) addi    x2, x2, -4
core   0: 3 0x800002cc (0xffc10113) x2  0x70000014
core   1: Executed 2 times
core   1: 0x800002cc (0xffc10113) addi    x2, x2, -4
core   1: 3 0x800002cc (0xffc10113) x2  0x70000014
core   2: Executed 2 times
core   2: 0x800002cc (0xffc10113) addi    x2, x2, -4
core   2: 3 0x800002cc (0xffc10113) x2  0x70000014
core   3: 0x800002d0 (0x00008067) ret
core   3: 3 0x800002d0 (0x00008067)
core   0: 0x800002d0 (0x00008067) ret
core   0: 3 0x800002d0 (0x00008067)
core   1: 0x800002d0 (0x00008067) ret
core   1: 3 0x800002d0 (0x00008067)
core   2: 0x800002d0 (0x00008067) ret
core   2: 3 0x800002d0 (0x00008067)
core   3: 0x80000140 (0x0180006f) j       pc + 0x18
core   3: 3 0x80000140 (0x0180006f)
core   0: 0x80000140 (0x0180006f) j       pc + 0x18
core   0: 3 0x80000140 (0x0180006f)
core   1: 0x80000140 (0x0180006f) j       pc + 0x18
core   1: 3 0x80000140 (0x0180006f)
core   2: 0x80000140 (0x0180006f) j       pc + 0x18
core   2: 3 0x80000140 (0x0180006f)
core   3: 0x80000158 (0x0000205b) join    v0, v0, pc + 0
core   3: 3 0x80000158 (0x0000205b)
current mask:	0000000f
current npc:	8000013c
stack size: 0

core   0: 0x80000158 (0x0000205b) join    v0, v0, pc + 0
core   0: 3 0x80000158 (0x0000205b)
current mask:	0000000f
current npc:	8000013c
stack size: 0

core   1: 0x80000158 (0x0000205b) join    v0, v0, pc + 0
core   1: 3 0x80000158 (0x0000205b)
current mask:	0000000f
current npc:	8000013c
stack size: 0

core   2: 0x80000158 (0x0000205b) join    v0, v0, pc + 0
core   2: 3 0x80000158 (0x0000205b)
current mask:	0000000f
current npc:	8000013c
stack size: 0

core   3: 0x8000015c (0xffc12083) lw      x1, -4(x2)
core   3: 3 0x8000015c (0xffc12083) x1  0x800000c0 mem 0x70000010
core   0: 0x8000015c (0xffc12083) lw      x1, -4(x2)
core   0: 3 0x8000015c (0xffc12083) x1  0x800000c0 mem 0x70000010
core   1: 0x8000015c (0xffc12083) lw      x1, -4(x2)
core   1: 3 0x8000015c (0xffc12083) x1  0x800000c0 mem 0x70000010
core   2: 0x8000015c (0xffc12083) lw      x1, -4(x2)
core   2: 3 0x8000015c (0xffc12083) x1  0x800000c0 mem 0x70000010
core   3: 0x80000160 (0x0400c00b) barrier x0, x0, 1
core   3: 3 0x80000160 (0x0400c00b)
core   0: 0x80000160 (0x0400c00b) barrier x0, x0, 1
core   0: 3 0x80000160 (0x0400c00b)
core   1: 0x80000160 (0x0400c00b) barrier x0, x0, 1
core   1: 3 0x80000160 (0x0400c00b)
core   2: 0x80000160 (0x0400c00b) barrier x0, x0, 1
core   2: 3 0x80000160 (0x0400c00b)
core   3: 3 0x80000160 (0x0400c00b)
core   0: 3 0x80000160 (0x0400c00b)
core   1: 3 0x80000160 (0x0400c00b)
core   2: 0x80000164 (0xffc10113) addi    x2, x2, -4
core   2: 3 0x80000164 (0xffc10113) x2  0x70000010
core   3: Executed 2 times
core   3: 0x80000164 (0xffc10113) addi    x2, x2, -4
core   3: 3 0x80000164 (0xffc10113) x2  0x70000010
core   0: Executed 2 times
core   0: 0x80000164 (0xffc10113) addi    x2, x2, -4
core   0: 3 0x80000164 (0xffc10113) x2  0x70000010
core   1: Executed 2 times
core   1: 0x80000164 (0xffc10113) addi    x2, x2, -4
core   1: 3 0x80000164 (0xffc10113) x2  0x70000010
core   2: 0x80000168 (0x00008067) ret
core   2: 3 0x80000168 (0x00008067)
core   3: 0x80000168 (0x00008067) ret
core   3: 3 0x80000168 (0x00008067)
core   0: 0x80000168 (0x00008067) ret
core   0: 3 0x80000168 (0x00008067)
core   1: 0x80000168 (0x00008067) ret
core   1: 3 0x80000168 (0x00008067)
core   2: 0x800000c0 (0x96013057) vsll.vi v0, v0, 2
core   2: 3 0x800000c0 (0x96013057) c8_vstart 0x00000000 e32 m1 l4 v0  0x0000002c000000280000002400000020
core   3: 0x800000c0 (0x96013057) vsll.vi v0, v0, 2
core   3: 3 0x800000c0 (0x96013057) c8_vstart 0x00000000 e32 m1 l4 v0  0x0000003c000000380000003400000030
core   0: 0x800000c0 (0x96013057) vsll.vi v0, v0, 2
core   0: 3 0x800000c0 (0x96013057) c8_vstart 0x00000000 e32 m1 l4 v0  0x0000000c000000080000000400000000
core   1: 0x800000c0 (0x96013057) vsll.vi v0, v0, 2
core   1: 3 0x800000c0 (0x96013057) c8_vstart 0x00000000 e32 m1 l4 v0  0x0000001c000000180000001400000010
core   2: 0x800000c4 (0xffc12303) lw      x6, -4(x2)
core   2: 3 0x800000c4 (0xffc12303) x6  0x90000000 mem 0x7000000c
core   3: 0x800000c4 (0xffc12303) lw      x6, -4(x2)
core   3: 3 0x800000c4 (0xffc12303) x6  0x90000000 mem 0x7000000c
core   0: 0x800000c4 (0xffc12303) lw      x6, -4(x2)
core   0: 3 0x800000c4 (0xffc12303) x6  0x90000000 mem 0x7000000c
core   1: 0x800000c4 (0xffc12303) lw      x6, -4(x2)
core   1: 3 0x800000c4 (0xffc12303) x6  0x90000000 mem 0x7000000c
core   2: 0x800000c8 (0x020340d7) vadd.vx v1, v0, x6
core   2: 3 0x800000c8 (0x020340d7) c8_vstart 0x00000000 e32 m1 l4 v1  0x9000002c900000289000002490000020
core   3: 0x800000c8 (0x020340d7) vadd.vx v1, v0, x6
core   3: 3 0x800000c8 (0x020340d7) c8_vstart 0x00000000 e32 m1 l4 v1  0x9000003c900000389000003490000030
core   0: 0x800000c8 (0x020340d7) vadd.vx v1, v0, x6
core   0: 3 0x800000c8 (0x020340d7) c8_vstart 0x00000000 e32 m1 l4 v1  0x9000000c900000089000000490000000
core   1: 0x800000c8 (0x020340d7) vadd.vx v1, v0, x6
core   1: 3 0x800000c8 (0x020340d7) c8_vstart 0x00000000 e32 m1 l4 v1  0x9000001c900000189000001490000010
core   2: 0x800000cc (0x0000a0fb) vlw12.v v1, v1, 0
core   2: 3 0x800000cc (0x0000a0fb) e32 m1 l4 v1  0x41300000412000004110000041000000 c8_vstart 0x00000000 mem 0x90000020 mem 0x90000024 mem 0x90000028 mem 0x9000002c
core   3: 0x800000cc (0x0000a0fb) vlw12.v v1, v1, 0
core   3: 3 0x800000cc (0x0000a0fb) e32 m1 l4 v1  0x41700000416000004150000041400000 c8_vstart 0x00000000 mem 0x90000030 mem 0x90000034 mem 0x90000038 mem 0x9000003c
core   0: 0x800000cc (0x0000a0fb) vlw12.v v1, v1, 0
core   0: 3 0x800000cc (0x0000a0fb) e32 m1 l4 v1  0x40400000400000003f80000000000000 c8_vstart 0x00000000 mem 0x90000000 mem 0x90000004 mem 0x90000008 mem 0x9000000c
core   1: 0x800000cc (0x0000a0fb) vlw12.v v1, v1, 0
core   1: 3 0x800000cc (0x0000a0fb) e32 m1 l4 v1  0x40e0000040c0000040a0000040800000 c8_vstart 0x00000000 mem 0x90000010 mem 0x90000014 mem 0x90000018 mem 0x9000001c
core   2: 0x800000d0 (0xff812283) lw      x5, -8(x2)
core   2: 3 0x800000d0 (0xff812283) x5  0x90001000 mem 0x70000008
core   3: 0x800000d0 (0xff812283) lw      x5, -8(x2)
core   3: 3 0x800000d0 (0xff812283) x5  0x90001000 mem 0x70000008
core   0: 0x800000d0 (0xff812283) lw      x5, -8(x2)
core   0: 3 0x800000d0 (0xff812283) x5  0x90001000 mem 0x70000008
core   1: 0x800000d0 (0xff812283) lw      x5, -8(x2)
core   1: 3 0x800000d0 (0xff812283) x5  0x90001000 mem 0x70000008
core   2: 0x800000d4 (0x0202c157) vadd.vx v2, v0, x5
core   2: 3 0x800000d4 (0x0202c157) c8_vstart 0x00000000 e32 m1 l4 v2  0x9000102c900010289000102490001020
core   3: 0x800000d4 (0x0202c157) vadd.vx v2, v0, x5
core   3: 3 0x800000d4 (0x0202c157) c8_vstart 0x00000000 e32 m1 l4 v2  0x9000103c900010389000103490001030
core   0: 0x800000d4 (0x0202c157) vadd.vx v2, v0, x5
core   0: 3 0x800000d4 (0x0202c157) c8_vstart 0x00000000 e32 m1 l4 v2  0x9000100c900010089000100490001000
core   1: 0x800000d4 (0x0202c157) vadd.vx v2, v0, x5
core   1: 3 0x800000d4 (0x0202c157) c8_vstart 0x00000000 e32 m1 l4 v2  0x9000101c900010189000101490001010
core   2: 0x800000d8 (0x0001217b) vlw12.v v2, v2, 0
core   2: 3 0x800000d8 (0x0001217b) e32 m1 l4 v2  0x40a0000040c0000040e0000041000000 c8_vstart 0x00000000 mem 0x90001020 mem 0x90001024 mem 0x90001028 mem 0x9000102c
core   3: 0x800000d8 (0x0001217b) vlw12.v v2, v2, 0
core   3: 3 0x800000d8 (0x0001217b) e32 m1 l4 v2  0x3f800000400000004040000040800000 c8_vstart 0x00000000 mem 0x90001030 mem 0x90001034 mem 0x90001038 mem 0x9000103c
core   0: 0x800000d8 (0x0001217b) vlw12.v v2, v2, 0
core   0: 3 0x800000d8 (0x0001217b) e32 m1 l4 v2  0x41500000416000004170000041800000 c8_vstart 0x00000000 mem 0x90001000 mem 0x90001004 mem 0x90001008 mem 0x9000100c
core   1: 0x800000d8 (0x0001217b) vlw12.v v2, v2, 0
core   1: 3 0x800000d8 (0x0001217b) e32 m1 l4 v2  0x41100000412000004130000041400000 c8_vstart 0x00000000 mem 0x90001010 mem 0x90001014 mem 0x90001018 mem 0x9000101c
core   2: 0x800000dc (0x021110d7) vfadd.vv v1, v1, v2
core   2: 3 0x800000dc (0x021110d7) c8_vstart 0x00000000 e32 m1 l4 v1  0x41800000418000004180000041800000
core   3: 0x800000dc (0x021110d7) vfadd.vv v1, v1, v2
core   3: 3 0x800000dc (0x021110d7) c8_vstart 0x00000000 e32 m1 l4 v1  0x41800000418000004180000041800000
core   0: 0x800000dc (0x021110d7) vfadd.vv v1, v1, v2
core   0: 3 0x800000dc (0x021110d7) c8_vstart 0x00000000 e32 m1 l4 v1  0x41800000418000004180000041800000
core   1: 0x800000dc (0x021110d7) vfadd.vv v1, v1, v2
core   1: 3 0x800000dc (0x021110d7) c8_vstart 0x00000000 e32 m1 l4 v1  0x41800000418000004180000041800000
core   2: 0x800000e0 (0xff412283) lw      x5, -12(x2)
core   2: 3 0x800000e0 (0xff412283) x5  0x90002000 mem 0x70000004
core   3: 0x800000e0 (0xff412283) lw      x5, -12(x2)
core   3: 3 0x800000e0 (0xff412283) x5  0x90002000 mem 0x70000004
core   0: 0x800000e0 (0xff412283) lw      x5, -12(x2)
core   0: 3 0x800000e0 (0xff412283) x5  0x90002000 mem 0x70000004
core   1: 0x800000e0 (0xff412283) lw      x5, -12(x2)
core   1: 3 0x800000e0 (0xff412283) x5  0x90002000 mem 0x70000004
core   2: 0x800000e4 (0x0202c057) vadd.vx v0, v0, x5
core   2: 3 0x800000e4 (0x0202c057) c8_vstart 0x00000000 e32 m1 l4 v0  0x9000202c900020289000202490002020
core   3: 0x800000e4 (0x0202c057) vadd.vx v0, v0, x5
core   3: 3 0x800000e4 (0x0202c057) c8_vstart 0x00000000 e32 m1 l4 v0  0x9000203c900020389000203490002030
core   0: 0x800000e4 (0x0202c057) vadd.vx v0, v0, x5
core   0: 3 0x800000e4 (0x0202c057) c8_vstart 0x00000000 e32 m1 l4 v0  0x9000200c900020089000200490002000
core   1: 0x800000e4 (0x0202c057) vadd.vx v0, v0, x5
core   1: 3 0x800000e4 (0x0202c057) c8_vstart 0x00000000 e32 m1 l4 v0  0x9000201c900020189000201490002010
core   2: 0x800000e8 (0x0010607b) vsw12.v v1, v0, 0
core   2: 3 0x800000e8 (0x0010607b) c8_vstart 0x00000000 e32 m1 l4 mem 0x90002020 0x41800000 mem 0x90002024 0x41800000 mem 0x90002028 0x41800000 mem 0x9000202c 0x41800000
core   3: 0x800000e8 (0x0010607b) vsw12.v v1, v0, 0
core   3: 3 0x800000e8 (0x0010607b) c8_vstart 0x00000000 e32 m1 l4 mem 0x90002030 0x41800000 mem 0x90002034 0x41800000 mem 0x90002038 0x41800000 mem 0x9000203c 0x41800000
core   0: 0x800000e8 (0x0010607b) vsw12.v v1, v0, 0
core   0: 3 0x800000e8 (0x0010607b) c8_vstart 0x00000000 e32 m1 l4 mem 0x90002000 0x41800000 mem 0x90002004 0x41800000 mem 0x90002008 0x41800000 mem 0x9000200c 0x41800000
core   1: 0x800000e8 (0x0010607b) vsw12.v v1, v0, 0
core   1: 3 0x800000e8 (0x0010607b) c8_vstart 0x00000000 e32 m1 l4 mem 0x90002010 0x41800000 mem 0x90002014 0x41800000 mem 0x90002018 0x41800000 mem 0x9000201c 0x41800000
core   2: 0x800000ec (0xff012083) lw      x1, -16(x2)
core   2: 3 0x800000ec (0xff012083) x1  0x80000080 mem 0x70000000
core   3: 0x800000ec (0xff012083) lw      x1, -16(x2)
core   3: 3 0x800000ec (0xff012083) x1  0x80000080 mem 0x70000000
core   0: 0x800000ec (0xff012083) lw      x1, -16(x2)
core   0: 3 0x800000ec (0xff012083) x1  0x80000080 mem 0x70000000
core   1: 0x800000ec (0xff012083) lw      x1, -16(x2)
core   1: 3 0x800000ec (0xff012083) x1  0x80000080 mem 0x70000000
core   2: 0x800000f0 (0x0400c00b) barrier x0, x0, 1
core   2: 3 0x800000f0 (0x0400c00b)
core   3: 0x800000f0 (0x0400c00b) barrier x0, x0, 1
core   3: 3 0x800000f0 (0x0400c00b)
core   0: 0x800000f0 (0x0400c00b) barrier x0, x0, 1
core   0: 3 0x800000f0 (0x0400c00b)
core   1: 0x800000f0 (0x0400c00b) barrier x0, x0, 1
core   1: 3 0x800000f0 (0x0400c00b)
core   2: 3 0x800000f0 (0x0400c00b)
core   3: 3 0x800000f0 (0x0400c00b)
core   0: 3 0x800000f0 (0x0400c00b)
core   1: 0x800000f4 (0xff010113) addi    x2, x2, -16
core   1: 3 0x800000f4 (0xff010113) x2  0x70000000
core   2: Executed 2 times
core   2: 0x800000f4 (0xff010113) addi    x2, x2, -16
core   2: 3 0x800000f4 (0xff010113) x2  0x70000000
core   3: Executed 2 times
core   3: 0x800000f4 (0xff010113) addi    x2, x2, -16
core   3: 3 0x800000f4 (0xff010113) x2  0x70000000
core   0: Executed 2 times
core   0: 0x800000f4 (0xff010113) addi    x2, x2, -16
core   0: 3 0x800000f4 (0xff010113) x2  0x70000000
core   1: 0x800000f8 (0x00008067) ret
core   1: 3 0x800000f8 (0x00008067)
core   2: 0x800000f8 (0x00008067) ret
core   2: 3 0x800000f8 (0x00008067)
core   3: 0x800000f8 (0x00008067) ret
core   3: 3 0x800000f8 (0x00008067)
core   0: 0x800000f8 (0x00008067) ret
core   0: 3 0x800000f8 (0x00008067)
core   1: 0x80000080 (0x0000400b) endprg  x0, x0, x0
core   1: 3 0x80000080 (0x0000400b)
core   2: 0x80000080 (0x0000400b) endprg  x0, x0, x0
core   2: 3 0x80000080 (0x0000400b)
core   3: 0x80000080 (0x0000400b) endprg  x0, x0, x0
core   3: 3 0x80000080 (0x0000400b)
core   0: 0x80000080 (0x0000400b) endprg  x0, x0, x0
core   0: 3 0x80000080 (0x0000400b)
core   0: 0x80000084 (0x0040006f) j       pc + 0x4
core   0: 3 0x80000084 (0x0040006f)
core   0: 0x80000088 (0x00100313) li      x6, 1
core   0: 3 0x80000088 (0x00100313) x6  0x00000001
core   0: 0x8000008c (0x00001297) auipc   x5, 0x1
core   0: 3 0x8000008c (0x00001297) x5  0x8000108c
core   0: 0x80000090 (0xf7428293) addi    x5, x5, -140
core   0: 3 0x80000090 (0xf7428293) x5  0x80001000
core   0: 0x80000094 (0x0062a023) sw      x6, 0(x5)
core   0: 3 0x80000094 (0x0062a023) mem 0x80001000 0x00000001
