core   0: 0x00001000 (0x00000297) auipc   x5, 0x0
core   0: 3 0x00001000 (0x00000297) x5  0x00001000
core   0: 0x00001004 (0x02028593) addi    x11, x5, 32
core   0: 3 0x00001004 (0x02028593) x11 0x00001020
core   0: 0x00001008 (0xf1402573) csrr    x10, mhartid
core   0: 3 0x00001008 (0xf1402573) x10 0x00000000
core   0: 0x0000100c (0x0182a283) lw      x5, 24(x5)
core   0: 3 0x0000100c (0x0182a283) x5  0x80000000 mem 0x00001018
core   0: 0x00001010 (0x00028067) jr      x5
core   0: 3 0x00001010 (0x00028067)
core   0: 0x80000000 (0x00004197) auipc   x3, 0x4
core   0: 3 0x80000000 (0x00004197) x3  0x80004000
core   0: 0x80000004 (0x80818193) addi    x3, x3, -2040
core   0: 3 0x80000004 (0x80818193) x3  0x80003808
core   0: 0x80000008 (0x02000e93) li      x29, 32
core   0: 3 0x80000008 (0x02000e93) x29 0x00000020
core   0: 0x8000000c (0x0d0efed7) vsetvli x29, x29, e32, m1, ta, ma
core   0: 3 0x8000000c (0x0d0efed7) x29 0x00000010 c8_vstart 0x00000000 c3104_vl 0x00000010 c3105_vtype 0x000000d0 c768_mstatus 0x80000600
core   0: 0x80000010 (0x00002eb7) lui     x29, 0x2
core   0: 3 0x80000010 (0x00002eb7) x29 0x00002000
core   0: 0x80000014 (0x300eaef3) csrrs   x29, mstatus, x29
core   0: 3 0x80000014 (0x300eaef3) x29 0x80000600 c768_mstatus 0x80006600
core   0: 0x80000018 (0x00000e93) li      x29, 0
core   0: 3 0x80000018 (0x00000e93) x29 0x00000000
core   0: 0x8000001c (0x80502373) csrr    x6, wid
core   0: 3 0x8000001c (0x80502373) x6  0x00000000
core   0: 0x80000020 (0x806023f3) csrr    x7, lds
core   0: 3 0x80000020 (0x806023f3) x7  0x70000000
core   0: 0x80000024 (0x40000e13) li      x28, 1024
core   0: 3 0x80000024 (0x40000e13) x28 0x00000400
core   0: 0x80000028 (0x03c30333) mul     x6, x6, x28
core   0: 3 0x80000028 (0x03c30333) x6  0x00000000
core   0: 0x8000002c (0x00730133) add     x2, x6, x7
core   0: 3 0x8000002c (0x00730133) x2  0x70000000
core   0: 0x80000030 (0x00000213) li      x4, 0
core   0: 3 0x80000030 (0x00000213) x4  0x00000000
core   0: 0x80000034 (0x00003517) auipc   x10, 0x3
core   0: 3 0x80000034 (0x00003517) x10 0x80003034
core   0: 0x80000038 (0xfd450513) addi    x10, x10, -44
core   0: 3 0x80000038 (0xfd450513) x10 0x80003008
core   0: 0x8000003c (0x00003617) auipc   x12, 0x3
core   0: 3 0x8000003c (0x00003617) x12 0x8000303c
core   0: 0x80000040 (0xfcc60613) addi    x12, x12, -52
core   0: 3 0x80000040 (0xfcc60613) x12 0x80003008
core   0: 0x80000044 (0x00c50863) beq     x10, x12, pc + 16
core   0: 3 0x80000044 (0x00c50863)
core   0: 0x80000054 (0x803022f3) csrr    x5, knl
core   0: 3 0x80000054 (0x803022f3) x5  0x9006e000
core   0: 0x80000058 (0x0002a303) lw      x6, 0(x5)
core   0: 3 0x80000058 (0x0002a303) x6  0x80000154 mem 0x9006e000
core   0: 0x8000005c (0x0042a503) lw      x10, 4(x5)
core   0: 3 0x8000005c (0x0042a503) x10 0x9005d000 mem 0x9006e004
core   0: 0x80000060 (0x0302a383) lw      x7, 48(x5)
core   0: 3 0x80000060 (0x0302a383) x7  0x00000000 mem 0x9006e030
core   0: 0x80000064 (0x0342ae03) lw      x28, 52(x5)
core   0: 3 0x80000064 (0x0342ae03) x28 0x00000000 mem 0x9006e034
core   0: 0x80000068 (0x00003e97) auipc   x29, 0x3
core   0: 3 0x80000068 (0x00003e97) x29 0x80003068
core   0: 0x8000006c (0xf98e8e93) addi    x29, x29, -104
core   0: 3 0x8000006c (0xf98e8e93) x29 0x80003000
core   0: 0x80000070 (0x00003f17) auipc   x30, 0x3
core   0: 3 0x80000070 (0x00003f17) x30 0x80003070
core   0: 0x80000074 (0xf94f0f13) addi    x30, x30, -108
core   0: 3 0x80000074 (0xf94f0f13) x30 0x80003004
core   0: 0x80000078 (0x007ea023) sw      x7, 0(x29)
core   0: 3 0x80000078 (0x007ea023) mem 0x80003000 0x00000000
core   0: 0x8000007c (0x01cf2023) sw      x28, 0(x30)
core   0: 3 0x8000007c (0x01cf2023) mem 0x80003004 0x00000000
core   0: 0x80000080 (0x00000f97) auipc   x31, 0x0
core   0: 3 0x80000080 (0x00000f97) x31 0x80000080
core   0: 0x80000084 (0x018f8f93) addi    x31, x31, 24
core   0: 3 0x80000084 (0x018f8f93) x31 0x80000098
core   0: 0x80000088 (0x305f9073) csrw    mtvec, x31
core   0: 3 0x80000088 (0x305f9073) c773_mtvec 0x80000098
core   0: 0x8000008c (0x000300e7) jalr    x6
core   0: 3 0x8000008c (0x000300e7) x1  0x80000090
core   0: 0x80000154 (0x01010113) addi    x2, x2, 16
core   0: 3 0x80000154 (0x01010113) x2  0x70000010
core   0: 0x80000158 (0x00420213) addi    x4, x4, 4
core   0: 3 0x80000158 (0x00420213) x4  0x00000004
core   0: 0x8000015c (0x0010200b) regext  x0, x0,  0 0 0 1 
core   0: 3 0x8000015c (0x0010200b)
core   0: 0x80000160 (0x5e024057) vmv.v.x v0, x4
core   0: 3 0x80000160 (0x5e024057) c8_vstart 0x00000000 e32 m1 l16 v32 0000ffff 0x00000004 00000004 00000004 00000004 00000004 00000004 00000004 00000004 00000004 00000004 00000004 00000004 00000004 00000004 00000004 00000004 
core   0: 0x80000164 (0x00112023) sw      x1, 0(x2)
core   0: 3 0x80000164 (0x00112023) mem 0x70000010 0x80000090
core   0: 0x80000168 (0x00c52283) lw      x5, 12(x10)
core   0: 3 0x80000168 (0x00c52283) x5  0x00000004 mem 0x9005d00c
core   0: 0x8000016c (0xfe512a23) sw      x5, -12(x2)
core   0: 3 0x8000016c (0xfe512a23) mem 0x70000004 0x00000004
core   0: 0x80000170 (0xfea12e23) sw      x10, -4(x2)
core   0: 3 0x80000170 (0xfea12e23) mem 0x7000000c 0x9005d000
core   0: 0x80000174 (0x01052283) lw      x5, 16(x10)
core   0: 3 0x80000174 (0x01052283) x5  0x00000002 mem 0x9005d010
core   0: 0x80000178 (0xfe512c23) sw      x5, -8(x2)
core   0: 3 0x80000178 (0xfe512c23) mem 0x70000008 0x00000002
core   0: 0x8000017c (0x5e004057) vmv.v.x v0, x0
core   0: 3 0x8000017c (0x5e004057) c8_vstart 0x00000000 e32 m1 l16 v0  0000ffff 0x00000000 00000000 00000000 00000000 00000000 00000000 00000000 00000000 00000000 00000000 00000000 00000000 00000000 00000000 00000000 00000000 
core   0: 0x80000180 (0x120000ef) jal     pc + 0x120
core   0: 3 0x80000180 (0x120000ef) x1  0x80000184
core   0: 0x800002a0 (0x00410113) addi    x2, x2, 4
core   0: 3 0x800002a0 (0x00410113) x2  0x70000014
core   0: 0x800002a4 (0x00112023) sw      x1, 0(x2)
core   0: 3 0x800002a4 (0x00112023) mem 0x70000014 0x80000184
core   0: 0x800002a8 (0x00200293) li      x5, 2
core   0: 3 0x800002a8 (0x00200293) x5  0x00000002
core   0: 0x800002ac (0x5e02c0d7) vmv.v.x v1, x5
core   0: 3 0x800002ac (0x5e02c0d7) c8_vstart 0x00000000 e32 m1 l16 v1  0000ffff 0x00000002 00000002 00000002 00000002 00000002 00000002 00000002 00000002 00000002 00000002 00000002 00000002 00000002 00000002 00000002 00000002 
core   0: 0x800002b0 (0x00000317) auipc   x6, 0x0
core   0: 3 0x800002b0 (0x00000317) x6  0x800002b0
core   0: 0x800002b4 (0x04c3305b) setrpc  x0, x6, 76
core   0: 3 0x800002b4 (0x04c3305b) c2060_rpc 0x800002fc current mask:	0000ffff current npc:	00000000 stack size: 0
core   0: 0x800002b8 (0x0200885b) vbeq    v0, v1, pc + 48
core   0: 3 0x800002b8 (0x0200885b) c8_vstart 0x00000000 e32 m1 l16 current mask:	0000ffff current npc:	800002bc stack size: 0
core   0: 0x800002bc (0x00100293) li      x5, 1
core   0: 3 0x800002bc (0x00100293) x5  0x00000001
core   0: 0x800002c0 (0x5e02c0d7) vmv.v.x v1, x5
core   0: 3 0x800002c0 (0x5e02c0d7) c8_vstart 0x00000000 e32 m1 l16 v1  0000ffff 0x00000001 00000001 00000001 00000001 00000001 00000001 00000001 00000001 00000001 00000001 00000001 00000001 00000001 00000001 00000001 00000001 
core   0: 0x800002c4 (0x00000317) auipc   x6, 0x0
core   0: 3 0x800002c4 (0x00000317) x6  0x800002c4
core   0: 0x800002c8 (0x0383305b) setrpc  x0, x6, 56
core   0: 3 0x800002c8 (0x0383305b) c2060_rpc 0x800002fc current mask:	0000ffff current npc:	800002bc stack size: 0
core   0: 0x800002cc (0x0200825b) vbeq    v0, v1, pc + 36
core   0: 3 0x800002cc (0x0200825b) c8_vstart 0x00000000 e32 m1 l16 current mask:	0000ffff current npc:	800002d0 stack size: 0
core   0: 0x800002d0 (0x5e0040d7) vmv.v.x v1, x0
core   0: 3 0x800002d0 (0x5e0040d7) c8_vstart 0x00000000 e32 m1 l16 v1  0000ffff 0x00000000 00000000 00000000 00000000 00000000 00000000 00000000 00000000 00000000 00000000 00000000 00000000 00000000 00000000 00000000 00000000 
core   0: 0x800002d4 (0x00000317) auipc   x6, 0x0
core   0: 3 0x800002d4 (0x00000317) x6  0x800002d4
core   0: 0x800002d8 (0x0283305b) setrpc  x0, x6, 40
core   0: 3 0x800002d8 (0x0283305b) c2060_rpc 0x800002fc current mask:	0000ffff current npc:	800002d0 stack size: 0
core   0: 0x800002dc (0x00009e5b) vbne    v0, v1, pc + 28
core   0: 3 0x800002dc (0x00009e5b) c8_vstart 0x00000000 e32 m1 l16 current mask:	0000ffff current npc:	800002e0 stack size: 0
core   0: 0x800002e0 (0x160000ef) jal     pc + 0x160
core   0: 3 0x800002e0 (0x160000ef) x1  0x800002e4
core   0: 0x80000440 (0x00410113) addi    x2, x2, 4
core   0: 3 0x80000440 (0x00410113) x2  0x70000018
core   0: 0x80000444 (0x00112023) sw      x1, 0(x2)
core   0: 3 0x80000444 (0x00112023) mem 0x70000018 0x800002e4
core   0: 0x80000448 (0xf71ff0ef) jal     pc - 0x90
core   0: 3 0x80000448 (0xf71ff0ef) x1  0x8000044c
core   0: 0x800003b8 (0x80302573) csrr    x10, knl
core   0: 3 0x800003b8 (0x80302573) x10 0x9006e000
core   0: 0x800003bc (0x00852283) lw      x5, 8(x10)
core   0: 3 0x800003bc (0x00852283) x5  0x00000002 mem 0x9006e008
core   0: 0x800003c0 (0x80002373) csrr    x6, tid
core   0: 3 0x800003c0 (0x80002373) x6  0x00000000
core   0: 0x800003c4 (0x5208a157) vid.v   v2
core   0: 3 0x800003c4 (0x5208a157) c8_vstart 0x00000000 e32 m1 l16 v2  0000ffff 0x0000000f 0000000e 0000000d 0000000c 0000000b 0000000a 00000009 00000008 00000007 00000006 00000005 00000004 00000003 00000002 00000001 00000000 
core   0: 0x800003c8 (0x02234057) vadd.vx v0, v2, x6
core   0: 3 0x800003c8 (0x02234057) c8_vstart 0x00000000 e32 m1 l16 v0  0000ffff 0x0000000f 0000000e 0000000d 0000000c 0000000b 0000000a 00000009 00000008 00000007 00000006 00000005 00000004 00000003 00000002 00000001 00000000 
core   0: 0x800003cc (0x00100393) li      x7, 1
core   0: 3 0x800003cc (0x00100393) x7  0x00000001
core   0: 0x800003d0 (0x00728663) beq     x5, x7, pc + 12
core   0: 3 0x800003d0 (0x00728663)
core   0: 0x800003d4 (0x01852e03) lw      x28, 24(x10)
core   0: 3 0x800003d4 (0x01852e03) x28 0x00000004 mem 0x9006e018
core   0: 0x800003d8 (0x8a0e6057) vremu.vx v0, v0, x28
core   0: 3 0x800003d8 (0x8a0e6057) c8_vstart 0x00000000 e32 m1 l16 v0  0000ffff 0x00000003 00000002 00000001 00000000 00000003 00000002 00000001 00000000 00000003 00000002 00000001 00000000 00000003 00000002 00000001 00000000 
core   0: 0x800003dc (0x00008067) ret
core   0: 3 0x800003dc (0x00008067)
core   0: 0x8000044c (0x80302573) csrr    x10, knl
core   0: 3 0x8000044c (0x80302573) x10 0x9006e000
core   0: 0x80000450 (0x80802373) csrr    x6, gidx
core   0: 3 0x80000450 (0x80802373) x6  0x00000000
core   0: 0x80000454 (0x01852e03) lw      x28, 24(x10)
core   0: 3 0x80000454 (0x01852e03) x28 0x00000004 mem 0x9006e018
core   0: 0x80000458 (0x03c30fb3) mul     x31, x6, x28
core   0: 3 0x80000458 (0x03c30fb3) x31 0x00000000
core   0: 0x8000045c (0x020fc057) vadd.vx v0, v0, x31
core   0: 3 0x8000045c (0x020fc057) c8_vstart 0x00000000 e32 m1 l16 v0  0000ffff 0x00000003 00000002 00000001 00000000 00000003 00000002 00000001 00000000 00000003 00000002 00000001 00000000 00000003 00000002 00000001 00000000 
core   0: 0x80000460 (0x00012083) lw      x1, 0(x2)
core   0: 3 0x80000460 (0x00012083) x1  0x800002e4 mem 0x70000018
core   0: 0x80000464 (0xffc10113) addi    x2, x2, -4
core   0: 3 0x80000464 (0xffc10113) x2  0x70000014
core   0: 0x80000468 (0x00008067) ret
core   0: 3 0x80000468 (0x00008067)
core   0: 0x800002e4 (0x0180006f) j       pc + 0x18
core   0: 3 0x800002e4 (0x0180006f)
core   0: 0x800002fc (0x0000205b) join    v0, v0, pc + 0
core   0: 3 0x800002fc (0x0000205b) current mask:	0000ffff current npc:	800002e0 stack size: 0
core   0: 0x80000300 (0x00012083) lw      x1, 0(x2)
core   0: 3 0x80000300 (0x00012083) x1  0x80000184 mem 0x70000014
core   0: 0x80000304 (0xffc10113) addi    x2, x2, -4
core   0: 3 0x80000304 (0xffc10113) x2  0x70000010
core   0: 0x80000308 (0x00008067) ret
core   0: 3 0x80000308 (0x00008067)
core   0: 0x80000184 (0x0010200b) regext  x0, x0,  0 0 0 1 
core   0: 3 0x80000184 (0x0010200b)
core   0: 0x80000188 (0x020040d7) vadd.vx v1, v0, x0
core   0: 3 0x80000188 (0x020040d7) c8_vstart 0x00000000 e32 m1 l16 v33 0000ffff 0x00000003 00000002 00000001 00000000 00000003 00000002 00000001 00000000 00000003 00000002 00000001 00000000 00000003 00000002 00000001 00000000 
core   0: 0x8000018c (0x00100293) li      x5, 1
core   0: 3 0x8000018c (0x00100293) x5  0x00000001
core   0: 0x80000190 (0x5e02c057) vmv.v.x v0, x5
core   0: 3 0x80000190 (0x5e02c057) c8_vstart 0x00000000 e32 m1 l16 v0  0000ffff 0x00000001 00000001 00000001 00000001 00000001 00000001 00000001 00000001 00000001 00000001 00000001 00000001 00000001 00000001 00000001 00000001 
core   0: 0x80000194 (0x10c000ef) jal     pc + 0x10c
core   0: 3 0x80000194 (0x10c000ef) x1  0x80000198
core   0: 0x800002a0 (0x00410113) addi    x2, x2, 4
core   0: 3 0x800002a0 (0x00410113) x2  0x70000014
core   0: 0x800002a4 (0x00112023) sw      x1, 0(x2)
core   0: 3 0x800002a4 (0x00112023) mem 0x70000014 0x80000198
core   0: 0x800002a8 (0x00200293) li      x5, 2
core   0: 3 0x800002a8 (0x00200293) x5  0x00000002
core   0: 0x800002ac (0x5e02c0d7) vmv.v.x v1, x5
core   0: 3 0x800002ac (0x5e02c0d7) c8_vstart 0x00000000 e32 m1 l16 v1  0000ffff 0x00000002 00000002 00000002 00000002 00000002 00000002 00000002 00000002 00000002 00000002 00000002 00000002 00000002 00000002 00000002 00000002 
core   0: 0x800002b0 (0x00000317) auipc   x6, 0x0
core   0: 3 0x800002b0 (0x00000317) x6  0x800002b0
core   0: 0x800002b4 (0x04c3305b) setrpc  x0, x6, 76
core   0: 3 0x800002b4 (0x04c3305b) c2060_rpc 0x800002fc current mask:	0000ffff current npc:	800002e0 stack size: 0
core   0: 0x800002b8 (0x0200885b) vbeq    v0, v1, pc + 48
core   0: 3 0x800002b8 (0x0200885b) c8_vstart 0x00000000 e32 m1 l16 current mask:	0000ffff current npc:	800002bc stack size: 0
core   0: 0x800002bc (0x00100293) li      x5, 1
core   0: 3 0x800002bc (0x00100293) x5  0x00000001
core   0: 0x800002c0 (0x5e02c0d7) vmv.v.x v1, x5
core   0: 3 0x800002c0 (0x5e02c0d7) c8_vstart 0x00000000 e32 m1 l16 v1  0000ffff 0x00000001 00000001 00000001 00000001 00000001 00000001 00000001 00000001 00000001 00000001 00000001 00000001 00000001 00000001 00000001 00000001 
core   0: 0x800002c4 (0x00000317) auipc   x6, 0x0
core   0: 3 0x800002c4 (0x00000317) x6  0x800002c4
core   0: 0x800002c8 (0x0383305b) setrpc  x0, x6, 56
core   0: 3 0x800002c8 (0x0383305b) c2060_rpc 0x800002fc current mask:	0000ffff current npc:	800002bc stack size: 0
core   0: 0x800002cc (0x0200825b) vbeq    v0, v1, pc + 36
core   0: 3 0x800002cc (0x0200825b) c8_vstart 0x00000000 e32 m1 l16 current mask:	0000ffff current npc:	800002f0 stack size: 0
core   0: 0x800002f0 (0x17c000ef) jal     pc + 0x17c
core   0: 3 0x800002f0 (0x17c000ef) x1  0x800002f4
core   0: 0x8000046c (0x00410113) addi    x2, x2, 4
core   0: 3 0x8000046c (0x00410113) x2  0x70000018
core   0: 0x80000470 (0x00112023) sw      x1, 0(x2)
core   0: 3 0x80000470 (0x00112023) mem 0x70000018 0x800002f4
core   0: 0x80000474 (0xf6dff0ef) jal     pc - 0x94
core   0: 3 0x80000474 (0xf6dff0ef) x1  0x80000478
core   0: 0x800003e0 (0x80302573) csrr    x10, knl
core   0: 3 0x800003e0 (0x80302573) x10 0x9006e000
core   0: 0x800003e4 (0x00852283) lw      x5, 8(x10)
core   0: 3 0x800003e4 (0x00852283) x5  0x00000002 mem 0x9006e008
core   0: 0x800003e8 (0x80002373) csrr    x6, tid
core   0: 3 0x800003e8 (0x80002373) x6  0x00000000
core   0: 0x800003ec (0x5208a157) vid.v   v2
core   0: 3 0x800003ec (0x5208a157) c8_vstart 0x00000000 e32 m1 l16 v2  0000ffff 0x0000000f 0000000e 0000000d 0000000c 0000000b 0000000a 00000009 00000008 00000007 00000006 00000005 00000004 00000003 00000002 00000001 00000000 
core   0: 0x800003f0 (0x02234057) vadd.vx v0, v2, x6
core   0: 3 0x800003f0 (0x02234057) c8_vstart 0x00000000 e32 m1 l16 v0  0000ffff 0x0000000f 0000000e 0000000d 0000000c 0000000b 0000000a 00000009 00000008 00000007 00000006 00000005 00000004 00000003 00000002 00000001 00000000 
core   0: 0x800003f4 (0x01852e03) lw      x28, 24(x10)
core   0: 3 0x800003f4 (0x01852e03) x28 0x00000004 mem 0x9006e018
core   0: 0x800003f8 (0x00300393) li      x7, 3
core   0: 3 0x800003f8 (0x00300393) x7  0x00000003
core   0: 0x800003fc (0x00728663) beq     x5, x7, pc + 12
core   0: 3 0x800003fc (0x00728663)
core   0: 0x80000400 (0x820e6057) vdivu.vx v0, v0, x28
core   0: 3 0x80000400 (0x820e6057) c8_vstart 0x00000000 e32 m1 l16 v0  0000ffff 0x00000003 00000003 00000003 00000003 00000002 00000002 00000002 00000002 00000001 00000001 00000001 00000001 00000000 00000000 00000000 00000000 
core   0: 0x80000404 (0x00008067) ret
core   0: 3 0x80000404 (0x00008067)
core   0: 0x80000478 (0x80902373) csrr    x6, gidy
core   0: 3 0x80000478 (0x80902373) x6  0x00000000
core   0: 0x8000047c (0x01c52383) lw      x7, 28(x10)
core   0: 3 0x8000047c (0x01c52383) x7  0x00000004 mem 0x9006e01c
core   0: 0x80000480 (0x02730e33) mul     x28, x6, x7
core   0: 3 0x80000480 (0x02730e33) x28 0x00000000
core   0: 0x80000484 (0x020e4057) vadd.vx v0, v0, x28
core   0: 3 0x80000484 (0x020e4057) c8_vstart 0x00000000 e32 m1 l16 v0  0000ffff 0x00000003 00000003 00000003 00000003 00000002 00000002 00000002 00000002 00000001 00000001 00000001 00000001 00000000 00000000 00000000 00000000 
core   0: 0x80000488 (0x00012083) lw      x1, 0(x2)
core   0: 3 0x80000488 (0x00012083) x1  0x800002f4 mem 0x70000018
core   0: 0x8000048c (0xffc10113) addi    x2, x2, -4
core   0: 3 0x8000048c (0xffc10113) x2  0x70000014
core   0: 0x80000490 (0x00008067) ret
core   0: 3 0x80000490 (0x00008067)
core   0: 0x800002f4 (0x0080006f) j       pc + 0x8
core   0: 3 0x800002f4 (0x0080006f)
core   0: 0x800002fc (0x0000205b) join    v0, v0, pc + 0
core   0: 3 0x800002fc (0x0000205b) current mask:	0000ffff current npc:	800002f0 stack size: 0
core   0: 0x80000300 (0x00012083) lw      x1, 0(x2)
core   0: 3 0x80000300 (0x00012083) x1  0x80000198 mem 0x70000014
core   0: 0x80000304 (0xffc10113) addi    x2, x2, -4
core   0: 3 0x80000304 (0xffc10113) x2  0x70000010
core   0: 0x80000308 (0x00008067) ret
core   0: 3 0x80000308 (0x00008067)
core   0: 0x80000198 (0xff412383) lw      x7, -12(x2)
core   0: 3 0x80000198 (0xff412383) x7  0x00000004 mem 0x70000004
core   0: 0x8000019c (0xff812483) lw      x9, -8(x2)
core   0: 3 0x8000019c (0xff812483) x9  0x00000002 mem 0x70000008
core   0: 0x800001a0 (0x5e0040d7) vmv.v.x v1, x0
core   0: 3 0x800001a0 (0x5e0040d7) c8_vstart 0x00000000 e32 m1 l16 v1  0000ffff 0x00000000 00000000 00000000 00000000 00000000 00000000 00000000 00000000 00000000 00000000 00000000 00000000 00000000 00000000 00000000 00000000 
core   0: 0x800001a4 (0xfff4c293) not     x5, x9
core   0: 3 0x800001a4 (0xfff4c293) x5  0xfffffffd
core   0: 0x800001a8 (0x007282b3) add     x5, x5, x7
core   0: 3 0x800001a8 (0x007282b3) x5  0x00000001
core   0: 0x800001ac (0x0400200b) regext  x0, x0,  0 1 0 0 
core   0: 3 0x800001ac (0x0400200b)
core   0: 0x800001b0 (0x6e12c157) vmslt.vx v2, v1, x5
core   0: 3 0x800001b0 (0x6e12c157) c8_vstart 0x00000000 e32 m1 l16 v2  0000ffff 0x00000000 00000000 00000000 00000001 00000000 00000000 00000000 00000001 00000000 00000000 00000000 00000001 00000000 00000000 00000000 00000001 
core   0: 0x800001b4 (0x409382b3) sub     x5, x7, x9
core   0: 3 0x800001b4 (0x409382b3) x5  0x00000002
core   0: 0x800001b8 (0x6e02c1d7) vmslt.vx v3, v0, x5
core   0: 3 0x800001b8 (0x6e02c1d7) c8_vstart 0x00000000 e32 m1 l16 v3  0000ffff 0x00000000 00000000 00000000 00000000 00000000 00000000 00000000 00000000 00000001 00000001 00000001 00000001 00000001 00000001 00000001 00000001 
core   0: 0x800001bc (0x26218157) vand.vv v2, v2, v3
core   0: 3 0x800001bc (0x26218157) c8_vstart 0x00000000 e32 m1 l16 v2  0000ffff 0x00000000 00000000 00000000 00000000 00000000 00000000 00000000 00000000 00000000 00000000 00000000 00000001 00000000 00000000 00000000 00000001 
core   0: 0x800001c0 (0x00000317) auipc   x6, 0x0
core   0: 3 0x800001c0 (0x00000317) x6  0x800001c0
core   0: 0x800001c4 (0x0cc3305b) setrpc  x0, x6, 204
core   0: 3 0x800001c4 (0x0cc3305b) c2060_rpc 0x8000028c current mask:	0000ffff current npc:	800002f0 stack size: 0
core   0: 0x800001c8 (0x0c20825b) vbeq    v2, v1, pc + 196
core   0: 3 0x800001c8 (0x0c20825b) c8_vstart 0x00000000 e32 m1 l16 current mask:	00000011 current npc:	800001cc stack size: 2
[r_pc] 8000028c [else_pc] 8000028c [else_mask] 0000ffee 
[r_pc] 8000028c [else_pc] 8000028c [else_mask] 0000ffff 
core   0: 0x800001cc (0x5e0041d7) vmv.v.x v3, x0
core   0: 3 0x800001cc (0x5e0041d7) c8_vstart 0x00000000 e32 m1 l16 v3  00000011 0x00000000 00000000 00000000 00000000 00000000 00000000 00000000 00000000 00000001 00000001 00000001 00000000 00000001 00000001 00000001 00000000 
core   0: 0x800001d0 (0xffc12283) lw      x5, -4(x2)
core   0: 3 0x800001d0 (0xffc12283) x5  0x9005d000 mem 0x7000000c
core   0: 0x800001d4 (0x0042a303) lw      x6, 4(x5)
core   0: 3 0x800001d4 (0x0042a303) x6  0x90000000 mem 0x9005d004
core   0: 0x800001d8 (0x0002a283) lw      x5, 0(x5)
core   0: 3 0x800001d8 (0x0002a283) x5  0x90002000 mem 0x9005d000
core   0: 0x800001dc (0x5e04c157) vmv.v.x v2, x9
core   0: 3 0x800001dc (0x5e04c157) c8_vstart 0x00000000 e32 m1 l16 v2  00000011 0x00000000 00000000 00000000 00000000 00000000 00000000 00000000 00000000 00000000 00000000 00000000 00000002 00000000 00000000 00000000 00000002 
core   0: 0x800001e0 (0x0400200b) regext  x0, x0,  0 1 0 0 
core   0: 3 0x800001e0 (0x0400200b)
core   0: 0x800001e4 (0x0214c0d7) vadd.vx v1, v1, x9
core   0: 3 0x800001e4 (0x0214c0d7) c8_vstart 0x00000000 e32 m1 l16 v1  00000011 0x00000000 00000000 00000000 00000000 00000000 00000000 00000000 00000000 00000000 00000000 00000000 00000002 00000000 00000000 00000000 00000002 
core   0: 0x800001e8 (0x0210b0d7) vadd.vi v1, v1, 1
core   0: 3 0x800001e8 (0x0210b0d7) c8_vstart 0x00000000 e32 m1 l16 v1  00000011 0x00000000 00000000 00000000 00000000 00000000 00000000 00000000 00000000 00000000 00000000 00000000 00000003 00000000 00000000 00000000 00000003 
core   0: 0x800001ec (0x5e03c257) vmv.v.x v4, x7
core   0: 3 0x800001ec (0x5e03c257) c8_vstart 0x00000000 e32 m1 l16 v4  00000011 0x00000000 00000000 00000000 00000000 00000000 00000000 00000000 00000000 00000000 00000000 00000000 00000004 00000000 00000000 00000000 00000004 
core   0: 0x800001f0 (0x021042d7) vadd.vx v5, v1, x0
core   0: 3 0x800001f0 (0x021042d7) c8_vstart 0x00000000 e32 m1 l16 v5  00000011 0x00000000 00000000 00000000 00000000 00000000 00000000 00000000 00000000 00000000 00000000 00000000 00000003 00000000 00000000 00000000 00000003 
core   0: 0x800001f4 (0xa623e2d7) vmadd.vx v5, v2, x7
core   0: 3 0x800001f4 (0xa623e2d7) c8_vstart 0x00000000 e32 m1 l16 v5  00000011 0x00000000 00000000 00000000 00000000 00000000 00000000 00000000 00000000 00000000 00000000 00000000 0000000e 00000000 00000000 00000000 0000000e 
core   0: 0x800001f8 (0x965132d7) vsll.vi v5, v5, 2
core   0: 3 0x800001f8 (0x965132d7) c8_vstart 0x00000000 e32 m1 l16 v5  00000011 0x00000000 00000000 00000000 00000000 00000000 00000000 00000000 00000000 00000000 00000000 00000000 00000038 00000000 00000000 00000000 00000038 
core   0: 0x800001fc (0x0252c2d7) vadd.vx v5, v5, x5
core   0: 3 0x800001fc (0x0252c2d7) c8_vstart 0x00000000 e32 m1 l16 v5  00000011 0x00000000 00000000 00000000 00000000 00000000 00000000 00000000 00000000 00000000 00000000 00000000 90002038 00000000 00000000 00000000 90002038 
core   0: 0x80000200 (0x0002a2fb) vlw12.v v5, v5, 0
core   0: 3 0x80000200 (0x0002a2fb) e32 m1 l16 v5  00000011 0x00000000 00000000 00000000 00000000 00000000 00000000 00000000 00000000 00000000 00000000 00000000 be8d0fac 00000000 00000000 00000000 be8d0fac  c8_vstart 0x00000000 mem 0x90002038 mem 0x90002038
core   0: 0x80000204 (0x027483b3) mul     x7, x9, x7
core   0: 3 0x80000204 (0x027483b3) x7  0x00000008
core   0: 0x80000208 (0x80000437) lui     x8, 0x80000
core   0: 3 0x80000208 (0x80000437) x8  0x80000000
core   0: 0x8000020c (0x02010157) vadd.vv v2, v0, v2
core   0: 3 0x8000020c (0x02010157) c8_vstart 0x00000000 e32 m1 l16 v2  00000011 0x00000000 00000000 00000000 00000000 00000000 00000000 00000000 00000000 00000000 00000000 00000000 00000003 00000000 00000000 00000000 00000002 
core   0: 0x80000210 (0x0223c357) vadd.vx v6, v2, x7
core   0: 3 0x80000210 (0x0223c357) c8_vstart 0x00000000 e32 m1 l16 v6  00000011 0x00000000 00000000 00000000 00000000 00000000 00000000 00000000 00000000 00000000 00000000 00000000 0000000b 00000000 00000000 00000000 0000000a 
core   0: 0x80000214 (0x96613357) vsll.vi v6, v6, 2
core   0: 3 0x80000214 (0x96613357) c8_vstart 0x00000000 e32 m1 l16 v6  00000011 0x00000000 00000000 00000000 00000000 00000000 00000000 00000000 00000000 00000000 00000000 00000000 0000002c 00000000 00000000 00000000 00000028 
core   0: 0x80000218 (0x02634357) vadd.vx v6, v6, x6
core   0: 3 0x80000218 (0x02634357) c8_vstart 0x00000000 e32 m1 l16 v6  00000011 0x00000000 00000000 00000000 00000000 00000000 00000000 00000000 00000000 00000000 00000000 00000000 9000002c 00000000 00000000 00000000 90000028 
core   0: 0x8000021c (0x5e0343d7) vmv.v.x v7, x6
core   0: 3 0x8000021c (0x5e0343d7) c8_vstart 0x00000000 e32 m1 l16 v7  00000011 0x00000000 00000000 00000000 00000000 00000000 00000000 00000000 00000000 00000000 00000000 00000000 90000000 00000000 00000000 00000000 90000000 
core   0: 0x80000220 (0x0003237b) vlw12.v v6, v6, 0
core   0: 3 0x80000220 (0x0003237b) e32 m1 l16 v6  00000011 0x00000000 00000000 00000000 00000000 00000000 00000000 00000000 00000000 00000000 00000000 00000000 bf920d21 00000000 00000000 00000000 bf40fc10  c8_vstart 0x00000000 mem 0x90000028 mem 0x9000002c
core   0: 0x80000224 (0x02104457) vadd.vx v8, v1, x0
core   0: 3 0x80000224 (0x02104457) c8_vstart 0x00000000 e32 m1 l16 v8  00000011 0x00000000 00000000 00000000 00000000 00000000 00000000 00000000 00000000 00000000 00000000 00000000 00000003 00000000 00000000 00000000 00000003 
core   0: 0x80000228 (0xa6222457) vmadd.vv v8, v2, v4
core   0: 3 0x80000228 (0xa6222457) c8_vstart 0x00000000 e32 m1 l16 v8  00000011 0x00000000 00000000 00000000 00000000 00000000 00000000 00000000 00000000 00000000 00000000 00000000 0000000f 00000000 00000000 00000000 0000000e 
core   0: 0x8000022c (0x96813157) vsll.vi v2, v8, 2
core   0: 3 0x8000022c (0x96813157) c8_vstart 0x00000000 e32 m1 l16 v2  00000011 0x00000000 00000000 00000000 00000000 00000000 00000000 00000000 00000000 00000000 00000000 00000000 0000003c 00000000 00000000 00000000 00000038 
core   0: 0x80000230 (0x02710257) vadd.vv v4, v7, v2
core   0: 3 0x80000230 (0x02710257) c8_vstart 0x00000000 e32 m1 l16 v4  00000011 0x00000000 00000000 00000000 00000000 00000000 00000000 00000000 00000000 00000000 00000000 00000000 9000003c 00000000 00000000 00000000 90000038 
core   0: 0x80000234 (0x000223fb) vlw12.v v7, v4, 0
core   0: 3 0x80000234 (0x000223fb) e32 m1 l16 v7  00000011 0x00000000 00000000 00000000 00000000 00000000 00000000 00000000 00000000 00000000 00000000 00000000 3f50bd0b 00000000 00000000 00000000 3e54ad4b  c8_vstart 0x00000000 mem 0x90000038 mem 0x9000003c
core   0: 0x80000238 (0x2e5442d7) vxor.vx v5, v5, x8
core   0: 3 0x80000238 (0x2e5442d7) c8_vstart 0x00000000 e32 m1 l16 v5  00000011 0x00000000 00000000 00000000 00000000 00000000 00000000 00000000 00000000 00000000 00000000 00000000 3e8d0fac 00000000 00000000 00000000 3e8d0fac 
core   0: 0x8000023c (0xa27312d7) vfmadd.vv v5, v7, v6
core   0: 3 0x8000023c (0xa27312d7) c8_vstart 0x00000000 c1_fflags 0x00000001 e32 m1 l16 v5  00000011 0x00000000 00000000 00000000 00000000 00000000 00000000 00000000 00000000 00000000 00000000 00000000 3f0042df 00000000 00000000 00000000 32036a80 
core   0: 0x80000240 (0x0052607b) vsw12.v v5, v4, 0
core   0: 3 0x80000240 (0x0052607b) c8_vstart 0x00000000 e32 m1 l16 mem 0x90000038 0x32036a80 mem 0x9000003c 0x3f0042df
core   0: 0x80000244 (0x00000317) auipc   x6, 0x0
core   0: 3 0x80000244 (0x00000317) x6  0x80000244
core   0: 0x80000248 (0x0483305b) setrpc  x0, x6, 72
core   0: 3 0x80000248 (0x0483305b) c2060_rpc 0x8000028c current mask:	00000011 current npc:	800001cc stack size: 2
[r_pc] 8000028c [else_pc] 8000028c [else_mask] 0000ffee 
[r_pc] 8000028c [else_pc] 8000028c [else_mask] 0000ffff 
core   0: 0x8000024c (0x0401905b) vbne    v0, v3, pc + 64
core   0: 3 0x8000024c (0x0401905b) c8_vstart 0x00000000 e32 m1 l16 current mask:	00000010 current npc:	8000028c stack size: 4
[r_pc] 8000028c [else_pc] 80000250 [else_mask] 00000001 
[r_pc] 8000028c [else_pc] 8000028c [else_mask] 00000011 
[r_pc] 8000028c [else_pc] 8000028c [else_mask] 0000ffee 
[r_pc] 8000028c [else_pc] 8000028c [else_mask] 0000ffff 
core   0: 0x8000028c (0x0000205b) join    v0, v0, pc + 0
core   0: 3 0x8000028c (0x0000205b) current mask:	00000001 current npc:	80000250 stack size: 3
[r_pc] 8000028c [else_pc] 8000028c [else_mask] 00000011 
[r_pc] 8000028c [else_pc] 8000028c [else_mask] 0000ffee 
[r_pc] 8000028c [else_pc] 8000028c [else_mask] 0000ffff 
core   0: 0x80000250 (0xffc12303) lw      x6, -4(x2)
core   0: 3 0x80000250 (0xffc12303) x6  0x9005d000 mem 0x7000000c
core   0: 0x80000254 (0x00832303) lw      x6, 8(x6)
core   0: 3 0x80000254 (0x00832303) x6  0x90001000 mem 0x9005d008
core   0: 0x80000258 (0x0222c057) vadd.vx v0, v2, x5
core   0: 3 0x80000258 (0x0222c057) c8_vstart 0x00000000 e32 m1 l16 v0  00000001 0x00000003 00000003 00000003 00000003 00000002 00000002 00000002 00000002 00000001 00000001 00000001 00000001 00000000 00000000 00000000 90002038 
core   0: 0x8000025c (0x0000207b) vlw12.v v0, v0, 0
core   0: 3 0x8000025c (0x0000207b) e32 m1 l16 v0  00000001 0x00000003 00000003 00000003 00000003 00000002 00000002 00000002 00000002 00000001 00000001 00000001 00000001 00000000 00000000 00000000 be8d0fac  c8_vstart 0x00000000 mem 0x90002038
core   0: 0x80000260 (0x800002b7) lui     x5, 0x80000
core   0: 3 0x80000260 (0x800002b7) x5  0x80000000
core   0: 0x80000264 (0x2e02c057) vxor.vx v0, v0, x5
core   0: 3 0x80000264 (0x2e02c057) c8_vstart 0x00000000 e32 m1 l16 v0  00000001 0x00000003 00000003 00000003 00000003 00000002 00000002 00000002 00000002 00000001 00000001 00000001 00000001 00000000 00000000 00000000 3e8d0fac 
core   0: 0x80000268 (0x00249293) slli    x5, x9, 2
core   0: 3 0x80000268 (0x00249293) x5  0x00000008
core   0: 0x8000026c (0x005302b3) add     x5, x6, x5
core   0: 3 0x8000026c (0x005302b3) x5  0x90001008
core   0: 0x80000270 (0x0002a283) lw      x5, 0(x5)
core   0: 3 0x80000270 (0x0002a283) x5  0x3f5f3ec1 mem 0x90001008
core   0: 0x80000274 (0x961130d7) vsll.vi v1, v1, 2
core   0: 3 0x80000274 (0x961130d7) c8_vstart 0x00000000 e32 m1 l16 v1  00000001 0x00000000 00000000 00000000 00000000 00000000 00000000 00000000 00000000 00000000 00000000 00000000 00000003 00000000 00000000 00000000 0000000c 
core   0: 0x80000278 (0x021340d7) vadd.vx v1, v1, x6
core   0: 3 0x80000278 (0x021340d7) c8_vstart 0x00000000 e32 m1 l16 v1  00000001 0x00000000 00000000 00000000 00000000 00000000 00000000 00000000 00000000 00000000 00000000 00000000 00000003 00000000 00000000 00000000 9000100c 
core   0: 0x8000027c (0x0000a17b) vlw12.v v2, v1, 0
core   0: 3 0x8000027c (0x0000a17b) e32 m1 l16 v2  00000001 0x00000000 00000000 00000000 00000000 00000000 00000000 00000000 00000000 00000000 00000000 00000000 0000003c 00000000 00000000 00000000 befb461a  c8_vstart 0x00000000 mem 0x9000100c
core   0: 0x80000280 (0x5e02c1d7) vmv.v.x v3, x5
core   0: 3 0x80000280 (0x5e02c1d7) c8_vstart 0x00000000 e32 m1 l16 v3  00000001 0x00000000 00000000 00000000 00000000 00000000 00000000 00000000 00000000 00000001 00000001 00000001 00000000 00000001 00000001 00000001 3f5f3ec1 
core   0: 0x80000284 (0xa2219057) vfmadd.vv v0, v2, v3
core   0: 3 0x80000284 (0xa2219057) c8_vstart 0x00000000 c1_fflags 0x00000001 e32 m1 l16 v0  00000001 0x00000003 00000003 00000003 00000003 00000002 00000002 00000002 00000002 00000001 00000001 00000001 00000001 00000000 00000000 00000000 be8042df 
core   0: 0x80000288 (0x0000e07b) vsw12.v v0, v1, 0
core   0: 3 0x80000288 (0x0000e07b) c8_vstart 0x00000000 e32 m1 l16 mem 0x9000100c 0xbe8042df
core   0: 0x8000028c (0x0000205b) join    v0, v0, pc + 0
core   0: 3 0x8000028c (0x0000205b) current mask:	00000011 current npc:	8000028c stack size: 2
[r_pc] 8000028c [else_pc] 8000028c [else_mask] 0000ffee 
[r_pc] 8000028c [else_pc] 8000028c [else_mask] 0000ffff 
core   0: 3 0x8000028c (0x0000205b) current mask:	0000ffee current npc:	8000028c stack size: 1
[r_pc] 8000028c [else_pc] 8000028c [else_mask] 0000ffff 
core   0: 3 0x8000028c (0x0000205b) current mask:	0000ffff current npc:	8000028c stack size: 0
core   0: 3 0x8000028c (0x0000205b) current mask:	0000ffff current npc:	8000028c stack size: 0
core   0: Executed 4 times
core   0: 0x80000290 (0x00012083) lw      x1, 0(x2)
core   0: 3 0x80000290 (0x00012083) x1  0x80000090 mem 0x70000010
core   0: 0x80000294 (0xff010113) addi    x2, x2, -16
core   0: 3 0x80000294 (0xff010113) x2  0x70000000
core   0: 0x80000298 (0xffc20213) addi    x4, x4, -4
core   0: 3 0x80000298 (0xffc20213) x4  0x00000000
core   0: 0x8000029c (0x00008067) ret
core   0: 3 0x8000029c (0x00008067)
core   0: 0x80000090 (0x0000400b) endprg  x0, x0, x0
core   0: 3 0x80000090 (0x0000400b)
core   0: 0x80000094 (0x0040006f) j       pc + 0x4
core   0: 3 0x80000094 (0x0040006f)
core   0: 0x80000098 (0x00100313) li      x6, 1
core   0: 3 0x80000098 (0x00100313) x6  0x00000001
core   0: 0x8000009c (0x00001297) auipc   x5, 0x1
core   0: 3 0x8000009c (0x00001297) x5  0x8000109c
core   0: 0x800000a0 (0xf6428293) addi    x5, x5, -156
core   0: 3 0x800000a0 (0xf6428293) x5  0x80001000
core   0: 0x800000a4 (0x0062a023) sw      x6, 0(x5)
core   0: 3 0x800000a4 (0x0062a023) mem 0x80001000 0x00000001
