core   0: 0x00001000 (0x00000297) auipc   x5, 0x0
core   0: 3 0x00001000 (0x00000297) x5  0x00001000
core   1: 0x00001000 (0x00000297) auipc   x5, 0x0
core   1: 3 0x00001000 (0x00000297) x5  0x00001000
core   2: 0x00001000 (0x00000297) auipc   x5, 0x0
core   2: 3 0x00001000 (0x00000297) x5  0x00001000
core   3: 0x00001000 (0x00000297) auipc   x5, 0x0
core   3: 3 0x00001000 (0x00000297) x5  0x00001000
core   4: 0x00001000 (0x00000297) auipc   x5, 0x0
core   4: 3 0x00001000 (0x00000297) x5  0x00001000
core   5: 0x00001000 (0x00000297) auipc   x5, 0x0
core   5: 3 0x00001000 (0x00000297) x5  0x00001000
core   6: 0x00001000 (0x00000297) auipc   x5, 0x0
core   6: 3 0x00001000 (0x00000297) x5  0x00001000
core   7: 0x00001000 (0x00000297) auipc   x5, 0x0
core   7: 3 0x00001000 (0x00000297) x5  0x00001000
core   0: 0x00001004 (0x02028593) addi    x11, x5, 32
core   0: 3 0x00001004 (0x02028593) x11 0x00001020
core   1: 0x00001004 (0x02028593) addi    x11, x5, 32
core   1: 3 0x00001004 (0x02028593) x11 0x00001020
core   2: 0x00001004 (0x02028593) addi    x11, x5, 32
core   2: 3 0x00001004 (0x02028593) x11 0x00001020
core   3: 0x00001004 (0x02028593) addi    x11, x5, 32
core   3: 3 0x00001004 (0x02028593) x11 0x00001020
core   4: 0x00001004 (0x02028593) addi    x11, x5, 32
core   4: 3 0x00001004 (0x02028593) x11 0x00001020
core   5: 0x00001004 (0x02028593) addi    x11, x5, 32
core   5: 3 0x00001004 (0x02028593) x11 0x00001020
core   6: 0x00001004 (0x02028593) addi    x11, x5, 32
core   6: 3 0x00001004 (0x02028593) x11 0x00001020
core   7: 0x00001004 (0x02028593) addi    x11, x5, 32
core   7: 3 0x00001004 (0x02028593) x11 0x00001020
core   0: 0x00001008 (0xf1402573) csrr    x10, mhartid
core   0: 3 0x00001008 (0xf1402573) x10 0x00000000
core   1: 0x00001008 (0xf1402573) csrr    x10, mhartid
core   1: 3 0x00001008 (0xf1402573) x10 0x00000001
core   2: 0x00001008 (0xf1402573) csrr    x10, mhartid
core   2: 3 0x00001008 (0xf1402573) x10 0x00000002
core   3: 0x00001008 (0xf1402573) csrr    x10, mhartid
core   3: 3 0x00001008 (0xf1402573) x10 0x00000003
core   4: 0x00001008 (0xf1402573) csrr    x10, mhartid
core   4: 3 0x00001008 (0xf1402573) x10 0x00000004
core   5: 0x00001008 (0xf1402573) csrr    x10, mhartid
core   5: 3 0x00001008 (0xf1402573) x10 0x00000005
core   6: 0x00001008 (0xf1402573) csrr    x10, mhartid
core   6: 3 0x00001008 (0xf1402573) x10 0x00000006
core   7: 0x00001008 (0xf1402573) csrr    x10, mhartid
core   7: 3 0x00001008 (0xf1402573) x10 0x00000007
core   0: 0x0000100c (0x0182a283) lw      x5, 24(x5)
core   0: 3 0x0000100c (0x0182a283) x5  0x80000000 mem 0x00001018
core   1: 0x0000100c (0x0182a283) lw      x5, 24(x5)
core   1: 3 0x0000100c (0x0182a283) x5  0x80000000 mem 0x00001018
core   2: 0x0000100c (0x0182a283) lw      x5, 24(x5)
core   2: 3 0x0000100c (0x0182a283) x5  0x80000000 mem 0x00001018
core   3: 0x0000100c (0x0182a283) lw      x5, 24(x5)
core   3: 3 0x0000100c (0x0182a283) x5  0x80000000 mem 0x00001018
core   4: 0x0000100c (0x0182a283) lw      x5, 24(x5)
core   4: 3 0x0000100c (0x0182a283) x5  0x80000000 mem 0x00001018
core   5: 0x0000100c (0x0182a283) lw      x5, 24(x5)
core   5: 3 0x0000100c (0x0182a283) x5  0x80000000 mem 0x00001018
core   6: 0x0000100c (0x0182a283) lw      x5, 24(x5)
core   6: 3 0x0000100c (0x0182a283) x5  0x80000000 mem 0x00001018
core   7: 0x0000100c (0x0182a283) lw      x5, 24(x5)
core   7: 3 0x0000100c (0x0182a283) x5  0x80000000 mem 0x00001018
core   0: 0x00001010 (0x00028067) jr      x5
core   0: 3 0x00001010 (0x00028067)
core   1: 0x00001010 (0x00028067) jr      x5
core   1: 3 0x00001010 (0x00028067)
core   2: 0x00001010 (0x00028067) jr      x5
core   2: 3 0x00001010 (0x00028067)
core   3: 0x00001010 (0x00028067) jr      x5
core   3: 3 0x00001010 (0x00028067)
core   4: 0x00001010 (0x00028067) jr      x5
core   4: 3 0x00001010 (0x00028067)
core   5: 0x00001010 (0x00028067) jr      x5
core   5: 3 0x00001010 (0x00028067)
core   6: 0x00001010 (0x00028067) jr      x5
core   6: 3 0x00001010 (0x00028067)
core   7: 0x00001010 (0x00028067) jr      x5
core   7: 3 0x00001010 (0x00028067)
core   0: 0x80000000 (0x00004197) auipc   x3, 0x4
core   0: 3 0x80000000 (0x00004197) x3  0x80004000
core   1: 0x80000000 (0x00004197) auipc   x3, 0x4
core   1: 3 0x80000000 (0x00004197) x3  0x80004000
core   2: 0x80000000 (0x00004197) auipc   x3, 0x4
core   2: 3 0x80000000 (0x00004197) x3  0x80004000
core   3: 0x80000000 (0x00004197) auipc   x3, 0x4
core   3: 3 0x80000000 (0x00004197) x3  0x80004000
core   4: 0x80000000 (0x00004197) auipc   x3, 0x4
core   4: 3 0x80000000 (0x00004197) x3  0x80004000
core   5: 0x80000000 (0x00004197) auipc   x3, 0x4
core   5: 3 0x80000000 (0x00004197) x3  0x80004000
core   6: 0x80000000 (0x00004197) auipc   x3, 0x4
core   6: 3 0x80000000 (0x00004197) x3  0x80004000
core   7: 0x80000000 (0x00004197) auipc   x3, 0x4
core   7: 3 0x80000000 (0x00004197) x3  0x80004000
core   0: 0x80000004 (0x80818193) addi    x3, x3, -2040
core   0: 3 0x80000004 (0x80818193) x3  0x80003808
core   1: 0x80000004 (0x80818193) addi    x3, x3, -2040
core   1: 3 0x80000004 (0x80818193) x3  0x80003808
core   2: 0x80000004 (0x80818193) addi    x3, x3, -2040
core   2: 3 0x80000004 (0x80818193) x3  0x80003808
core   3: 0x80000004 (0x80818193) addi    x3, x3, -2040
core   3: 3 0x80000004 (0x80818193) x3  0x80003808
core   4: 0x80000004 (0x80818193) addi    x3, x3, -2040
core   4: 3 0x80000004 (0x80818193) x3  0x80003808
core   5: 0x80000004 (0x80818193) addi    x3, x3, -2040
core   5: 3 0x80000004 (0x80818193) x3  0x80003808
core   6: 0x80000004 (0x80818193) addi    x3, x3, -2040
core   6: 3 0x80000004 (0x80818193) x3  0x80003808
core   7: 0x80000004 (0x80818193) addi    x3, x3, -2040
core   7: 3 0x80000004 (0x80818193) x3  0x80003808
core   0: 0x80000008 (0x02000e93) li      x29, 32
core   0: 3 0x80000008 (0x02000e93) x29 0x00000020
core   1: 0x80000008 (0x02000e93) li      x29, 32
core   1: 3 0x80000008 (0x02000e93) x29 0x00000020
core   2: 0x80000008 (0x02000e93) li      x29, 32
core   2: 3 0x80000008 (0x02000e93) x29 0x00000020
core   3: 0x80000008 (0x02000e93) li      x29, 32
core   3: 3 0x80000008 (0x02000e93) x29 0x00000020
core   4: 0x80000008 (0x02000e93) li      x29, 32
core   4: 3 0x80000008 (0x02000e93) x29 0x00000020
core   5: 0x80000008 (0x02000e93) li      x29, 32
core   5: 3 0x80000008 (0x02000e93) x29 0x00000020
core   6: 0x80000008 (0x02000e93) li      x29, 32
core   6: 3 0x80000008 (0x02000e93) x29 0x00000020
core   7: 0x80000008 (0x02000e93) li      x29, 32
core   7: 3 0x80000008 (0x02000e93) x29 0x00000020
core   0: 0x8000000c (0x0d0efed7) vsetvli x29, x29, e32, m1, ta, ma
core   0: 3 0x8000000c (0x0d0efed7) x29 0x00000020 c8_vstart 0x00000000 c3104_vl 0x00000020 c3105_vtype 0x000000d0 c768_mstatus 0x80000600
core   1: 0x8000000c (0x0d0efed7) vsetvli x29, x29, e32, m1, ta, ma
core   1: 3 0x8000000c (0x0d0efed7) x29 0x00000020 c8_vstart 0x00000000 c3104_vl 0x00000020 c3105_vtype 0x000000d0 c768_mstatus 0x80000600
core   2: 0x8000000c (0x0d0efed7) vsetvli x29, x29, e32, m1, ta, ma
core   2: 3 0x8000000c (0x0d0efed7) x29 0x00000020 c8_vstart 0x00000000 c3104_vl 0x00000020 c3105_vtype 0x000000d0 c768_mstatus 0x80000600
core   3: 0x8000000c (0x0d0efed7) vsetvli x29, x29, e32, m1, ta, ma
core   3: 3 0x8000000c (0x0d0efed7) x29 0x00000020 c8_vstart 0x00000000 c3104_vl 0x00000020 c3105_vtype 0x000000d0 c768_mstatus 0x80000600
core   4: 0x8000000c (0x0d0efed7) vsetvli x29, x29, e32, m1, ta, ma
core   4: 3 0x8000000c (0x0d0efed7) x29 0x00000020 c8_vstart 0x00000000 c3104_vl 0x00000020 c3105_vtype 0x000000d0 c768_mstatus 0x80000600
core   5: 0x8000000c (0x0d0efed7) vsetvli x29, x29, e32, m1, ta, ma
core   5: 3 0x8000000c (0x0d0efed7) x29 0x00000020 c8_vstart 0x00000000 c3104_vl 0x00000020 c3105_vtype 0x000000d0 c768_mstatus 0x80000600
core   6: 0x8000000c (0x0d0efed7) vsetvli x29, x29, e32, m1, ta, ma
core   6: 3 0x8000000c (0x0d0efed7) x29 0x00000020 c8_vstart 0x00000000 c3104_vl 0x00000020 c3105_vtype 0x000000d0 c768_mstatus 0x80000600
core   7: 0x8000000c (0x0d0efed7) vsetvli x29, x29, e32, m1, ta, ma
core   7: 3 0x8000000c (0x0d0efed7) x29 0x00000020 c8_vstart 0x00000000 c3104_vl 0x00000020 c3105_vtype 0x000000d0 c768_mstatus 0x80000600
core   0: 0x80000010 (0x00002eb7) lui     x29, 0x2
core   0: 3 0x80000010 (0x00002eb7) x29 0x00002000
core   1: 0x80000010 (0x00002eb7) lui     x29, 0x2
core   1: 3 0x80000010 (0x00002eb7) x29 0x00002000
core   2: 0x80000010 (0x00002eb7) lui     x29, 0x2
core   2: 3 0x80000010 (0x00002eb7) x29 0x00002000
core   3: 0x80000010 (0x00002eb7) lui     x29, 0x2
core   3: 3 0x80000010 (0x00002eb7) x29 0x00002000
core   4: 0x80000010 (0x00002eb7) lui     x29, 0x2
core   4: 3 0x80000010 (0x00002eb7) x29 0x00002000
core   5: 0x80000010 (0x00002eb7) lui     x29, 0x2
core   5: 3 0x80000010 (0x00002eb7) x29 0x00002000
core   6: 0x80000010 (0x00002eb7) lui     x29, 0x2
core   6: 3 0x80000010 (0x00002eb7) x29 0x00002000
core   7: 0x80000010 (0x00002eb7) lui     x29, 0x2
core   7: 3 0x80000010 (0x00002eb7) x29 0x00002000
core   0: 0x80000014 (0x300eaef3) csrrs   x29, mstatus, x29
core   0: 3 0x80000014 (0x300eaef3) x29 0x80000600 c768_mstatus 0x80006600
core   1: 0x80000014 (0x300eaef3) csrrs   x29, mstatus, x29
core   1: 3 0x80000014 (0x300eaef3) x29 0x80000600 c768_mstatus 0x80006600
core   2: 0x80000014 (0x300eaef3) csrrs   x29, mstatus, x29
core   2: 3 0x80000014 (0x300eaef3) x29 0x80000600 c768_mstatus 0x80006600
core   3: 0x80000014 (0x300eaef3) csrrs   x29, mstatus, x29
core   3: 3 0x80000014 (0x300eaef3) x29 0x80000600 c768_mstatus 0x80006600
core   4: 0x80000014 (0x300eaef3) csrrs   x29, mstatus, x29
core   4: 3 0x80000014 (0x300eaef3) x29 0x80000600 c768_mstatus 0x80006600
core   5: 0x80000014 (0x300eaef3) csrrs   x29, mstatus, x29
core   5: 3 0x80000014 (0x300eaef3) x29 0x80000600 c768_mstatus 0x80006600
core   6: 0x80000014 (0x300eaef3) csrrs   x29, mstatus, x29
core   6: 3 0x80000014 (0x300eaef3) x29 0x80000600 c768_mstatus 0x80006600
core   7: 0x80000014 (0x300eaef3) csrrs   x29, mstatus, x29
core   7: 3 0x80000014 (0x300eaef3) x29 0x80000600 c768_mstatus 0x80006600
core   0: 0x80000018 (0x00000e93) li      x29, 0
core   0: 3 0x80000018 (0x00000e93) x29 0x00000000
core   1: 0x80000018 (0x00000e93) li      x29, 0
core   1: 3 0x80000018 (0x00000e93) x29 0x00000000
core   2: 0x80000018 (0x00000e93) li      x29, 0
core   2: 3 0x80000018 (0x00000e93) x29 0x00000000
core   3: 0x80000018 (0x00000e93) li      x29, 0
core   3: 3 0x80000018 (0x00000e93) x29 0x00000000
core   4: 0x80000018 (0x00000e93) li      x29, 0
core   4: 3 0x80000018 (0x00000e93) x29 0x00000000
core   5: 0x80000018 (0x00000e93) li      x29, 0
core   5: 3 0x80000018 (0x00000e93) x29 0x00000000
core   6: 0x80000018 (0x00000e93) li      x29, 0
core   6: 3 0x80000018 (0x00000e93) x29 0x00000000
core   7: 0x80000018 (0x00000e93) li      x29, 0
core   7: 3 0x80000018 (0x00000e93) x29 0x00000000
core   0: 0x8000001c (0x80502373) csrr    x6, wid
core   0: 3 0x8000001c (0x80502373) x6  0x00000000
core   1: 0x8000001c (0x80502373) csrr    x6, wid
core   1: 3 0x8000001c (0x80502373) x6  0x00000001
core   2: 0x8000001c (0x80502373) csrr    x6, wid
core   2: 3 0x8000001c (0x80502373) x6  0x00000002
core   3: 0x8000001c (0x80502373) csrr    x6, wid
core   3: 3 0x8000001c (0x80502373) x6  0x00000003
core   4: 0x8000001c (0x80502373) csrr    x6, wid
core   4: 3 0x8000001c (0x80502373) x6  0x00000004
core   5: 0x8000001c (0x80502373) csrr    x6, wid
core   5: 3 0x8000001c (0x80502373) x6  0x00000005
core   6: 0x8000001c (0x80502373) csrr    x6, wid
core   6: 3 0x8000001c (0x80502373) x6  0x00000006
core   7: 0x8000001c (0x80502373) csrr    x6, wid
core   7: 3 0x8000001c (0x80502373) x6  0x00000007
core   0: 0x80000020 (0x806023f3) csrr    x7, lds
core   0: 3 0x80000020 (0x806023f3) x7  0x70000000
core   1: 0x80000020 (0x806023f3) csrr    x7, lds
core   1: 3 0x80000020 (0x806023f3) x7  0x70000000
core   2: 0x80000020 (0x806023f3) csrr    x7, lds
core   2: 3 0x80000020 (0x806023f3) x7  0x70000000
core   3: 0x80000020 (0x806023f3) csrr    x7, lds
core   3: 3 0x80000020 (0x806023f3) x7  0x70000000
core   4: 0x80000020 (0x806023f3) csrr    x7, lds
core   4: 3 0x80000020 (0x806023f3) x7  0x70000000
core   5: 0x80000020 (0x806023f3) csrr    x7, lds
core   5: 3 0x80000020 (0x806023f3) x7  0x70000000
core   6: 0x80000020 (0x806023f3) csrr    x7, lds
core   6: 3 0x80000020 (0x806023f3) x7  0x70000000
core   7: 0x80000020 (0x806023f3) csrr    x7, lds
core   7: 3 0x80000020 (0x806023f3) x7  0x70000000
core   0: 0x80000024 (0x40000e13) li      x28, 1024
core   0: 3 0x80000024 (0x40000e13) x28 0x00000400
core   1: 0x80000024 (0x40000e13) li      x28, 1024
core   1: 3 0x80000024 (0x40000e13) x28 0x00000400
core   2: 0x80000024 (0x40000e13) li      x28, 1024
core   2: 3 0x80000024 (0x40000e13) x28 0x00000400
core   3: 0x80000024 (0x40000e13) li      x28, 1024
core   3: 3 0x80000024 (0x40000e13) x28 0x00000400
core   4: 0x80000024 (0x40000e13) li      x28, 1024
core   4: 3 0x80000024 (0x40000e13) x28 0x00000400
core   5: 0x80000024 (0x40000e13) li      x28, 1024
core   5: 3 0x80000024 (0x40000e13) x28 0x00000400
core   6: 0x80000024 (0x40000e13) li      x28, 1024
core   6: 3 0x80000024 (0x40000e13) x28 0x00000400
core   7: 0x80000024 (0x40000e13) li      x28, 1024
core   7: 3 0x80000024 (0x40000e13) x28 0x00000400
core   0: 0x80000028 (0x03c30333) mul     x6, x6, x28
core   0: 3 0x80000028 (0x03c30333) x6  0x00000000
core   1: 0x80000028 (0x03c30333) mul     x6, x6, x28
core   1: 3 0x80000028 (0x03c30333) x6  0x00000400
core   2: 0x80000028 (0x03c30333) mul     x6, x6, x28
core   2: 3 0x80000028 (0x03c30333) x6  0x00000800
core   3: 0x80000028 (0x03c30333) mul     x6, x6, x28
core   3: 3 0x80000028 (0x03c30333) x6  0x00000c00
core   4: 0x80000028 (0x03c30333) mul     x6, x6, x28
core   4: 3 0x80000028 (0x03c30333) x6  0x00001000
core   5: 0x80000028 (0x03c30333) mul     x6, x6, x28
core   5: 3 0x80000028 (0x03c30333) x6  0x00001400
core   6: 0x80000028 (0x03c30333) mul     x6, x6, x28
core   6: 3 0x80000028 (0x03c30333) x6  0x00001800
core   7: 0x80000028 (0x03c30333) mul     x6, x6, x28
core   7: 3 0x80000028 (0x03c30333) x6  0x00001c00
core   0: 0x8000002c (0x00730133) add     x2, x6, x7
core   0: 3 0x8000002c (0x00730133) x2  0x70000000
core   1: 0x8000002c (0x00730133) add     x2, x6, x7
core   1: 3 0x8000002c (0x00730133) x2  0x70000400
core   2: 0x8000002c (0x00730133) add     x2, x6, x7
core   2: 3 0x8000002c (0x00730133) x2  0x70000800
core   3: 0x8000002c (0x00730133) add     x2, x6, x7
core   3: 3 0x8000002c (0x00730133) x2  0x70000c00
core   4: 0x8000002c (0x00730133) add     x2, x6, x7
core   4: 3 0x8000002c (0x00730133) x2  0x70001000
core   5: 0x8000002c (0x00730133) add     x2, x6, x7
core   5: 3 0x8000002c (0x00730133) x2  0x70001400
core   6: 0x8000002c (0x00730133) add     x2, x6, x7
core   6: 3 0x8000002c (0x00730133) x2  0x70001800
core   7: 0x8000002c (0x00730133) add     x2, x6, x7
core   7: 3 0x8000002c (0x00730133) x2  0x70001c00
core   0: 0x80000030 (0x00000213) li      x4, 0
core   0: 3 0x80000030 (0x00000213) x4  0x00000000
core   1: 0x80000030 (0x00000213) li      x4, 0
core   1: 3 0x80000030 (0x00000213) x4  0x00000000
core   2: 0x80000030 (0x00000213) li      x4, 0
core   2: 3 0x80000030 (0x00000213) x4  0x00000000
core   3: 0x80000030 (0x00000213) li      x4, 0
core   3: 3 0x80000030 (0x00000213) x4  0x00000000
core   4: 0x80000030 (0x00000213) li      x4, 0
core   4: 3 0x80000030 (0x00000213) x4  0x00000000
core   5: 0x80000030 (0x00000213) li      x4, 0
core   5: 3 0x80000030 (0x00000213) x4  0x00000000
core   6: 0x80000030 (0x00000213) li      x4, 0
core   6: 3 0x80000030 (0x00000213) x4  0x00000000
core   7: 0x80000030 (0x00000213) li      x4, 0
core   7: 3 0x80000030 (0x00000213) x4  0x00000000
core   0: 0x80000034 (0x00003517) auipc   x10, 0x3
core   0: 3 0x80000034 (0x00003517) x10 0x80003034
core   1: 0x80000034 (0x00003517) auipc   x10, 0x3
core   1: 3 0x80000034 (0x00003517) x10 0x80003034
core   2: 0x80000034 (0x00003517) auipc   x10, 0x3
core   2: 3 0x80000034 (0x00003517) x10 0x80003034
core   3: 0x80000034 (0x00003517) auipc   x10, 0x3
core   3: 3 0x80000034 (0x00003517) x10 0x80003034
core   4: 0x80000034 (0x00003517) auipc   x10, 0x3
core   4: 3 0x80000034 (0x00003517) x10 0x80003034
core   5: 0x80000034 (0x00003517) auipc   x10, 0x3
core   5: 3 0x80000034 (0x00003517) x10 0x80003034
core   6: 0x80000034 (0x00003517) auipc   x10, 0x3
core   6: 3 0x80000034 (0x00003517) x10 0x80003034
core   7: 0x80000034 (0x00003517) auipc   x10, 0x3
core   7: 3 0x80000034 (0x00003517) x10 0x80003034
core   0: 0x80000038 (0xfd450513) addi    x10, x10, -44
core   0: 3 0x80000038 (0xfd450513) x10 0x80003008
core   1: 0x80000038 (0xfd450513) addi    x10, x10, -44
core   1: 3 0x80000038 (0xfd450513) x10 0x80003008
core   2: 0x80000038 (0xfd450513) addi    x10, x10, -44
core   2: 3 0x80000038 (0xfd450513) x10 0x80003008
core   3: 0x80000038 (0xfd450513) addi    x10, x10, -44
core   3: 3 0x80000038 (0xfd450513) x10 0x80003008
core   4: 0x80000038 (0xfd450513) addi    x10, x10, -44
core   4: 3 0x80000038 (0xfd450513) x10 0x80003008
core   5: 0x80000038 (0xfd450513) addi    x10, x10, -44
core   5: 3 0x80000038 (0xfd450513) x10 0x80003008
core   6: 0x80000038 (0xfd450513) addi    x10, x10, -44
core   6: 3 0x80000038 (0xfd450513) x10 0x80003008
core   7: 0x80000038 (0xfd450513) addi    x10, x10, -44
core   7: 3 0x80000038 (0xfd450513) x10 0x80003008
core   0: 0x8000003c (0x00003617) auipc   x12, 0x3
core   0: 3 0x8000003c (0x00003617) x12 0x8000303c
core   1: 0x8000003c (0x00003617) auipc   x12, 0x3
core   1: 3 0x8000003c (0x00003617) x12 0x8000303c
core   2: 0x8000003c (0x00003617) auipc   x12, 0x3
core   2: 3 0x8000003c (0x00003617) x12 0x8000303c
core   3: 0x8000003c (0x00003617) auipc   x12, 0x3
core   3: 3 0x8000003c (0x00003617) x12 0x8000303c
core   4: 0x8000003c (0x00003617) auipc   x12, 0x3
core   4: 3 0x8000003c (0x00003617) x12 0x8000303c
core   5: 0x8000003c (0x00003617) auipc   x12, 0x3
core   5: 3 0x8000003c (0x00003617) x12 0x8000303c
core   6: 0x8000003c (0x00003617) auipc   x12, 0x3
core   6: 3 0x8000003c (0x00003617) x12 0x8000303c
core   7: 0x8000003c (0x00003617) auipc   x12, 0x3
core   7: 3 0x8000003c (0x00003617) x12 0x8000303c
core   0: 0x80000040 (0xfcc60613) addi    x12, x12, -52
core   0: 3 0x80000040 (0xfcc60613) x12 0x80003008
core   1: 0x80000040 (0xfcc60613) addi    x12, x12, -52
core   1: 3 0x80000040 (0xfcc60613) x12 0x80003008
core   2: 0x80000040 (0xfcc60613) addi    x12, x12, -52
core   2: 3 0x80000040 (0xfcc60613) x12 0x80003008
core   3: 0x80000040 (0xfcc60613) addi    x12, x12, -52
core   3: 3 0x80000040 (0xfcc60613) x12 0x80003008
core   4: 0x80000040 (0xfcc60613) addi    x12, x12, -52
core   4: 3 0x80000040 (0xfcc60613) x12 0x80003008
core   5: 0x80000040 (0xfcc60613) addi    x12, x12, -52
core   5: 3 0x80000040 (0xfcc60613) x12 0x80003008
core   6: 0x80000040 (0xfcc60613) addi    x12, x12, -52
core   6: 3 0x80000040 (0xfcc60613) x12 0x80003008
core   7: 0x80000040 (0xfcc60613) addi    x12, x12, -52
core   7: 3 0x80000040 (0xfcc60613) x12 0x80003008
core   0: 0x80000044 (0x00c50863) beq     x10, x12, pc + 16
core   0: 3 0x80000044 (0x00c50863)
core   1: 0x80000044 (0x00c50863) beq     x10, x12, pc + 16
core   1: 3 0x80000044 (0x00c50863)
core   2: 0x80000044 (0x00c50863) beq     x10, x12, pc + 16
core   2: 3 0x80000044 (0x00c50863)
core   3: 0x80000044 (0x00c50863) beq     x10, x12, pc + 16
core   3: 3 0x80000044 (0x00c50863)
core   4: 0x80000044 (0x00c50863) beq     x10, x12, pc + 16
core   4: 3 0x80000044 (0x00c50863)
core   5: 0x80000044 (0x00c50863) beq     x10, x12, pc + 16
core   5: 3 0x80000044 (0x00c50863)
core   6: 0x80000044 (0x00c50863) beq     x10, x12, pc + 16
core   6: 3 0x80000044 (0x00c50863)
core   7: 0x80000044 (0x00c50863) beq     x10, x12, pc + 16
core   7: 3 0x80000044 (0x00c50863)
core   0: 0x80000054 (0x803022f3) csrr    x5, knl
core   0: 3 0x80000054 (0x803022f3) x5  0x90c1f000
core   1: 0x80000054 (0x803022f3) csrr    x5, knl
core   1: 3 0x80000054 (0x803022f3) x5  0x90c1f000
core   2: 0x80000054 (0x803022f3) csrr    x5, knl
core   2: 3 0x80000054 (0x803022f3) x5  0x90c1f000
core   3: 0x80000054 (0x803022f3) csrr    x5, knl
core   3: 3 0x80000054 (0x803022f3) x5  0x90c1f000
core   4: 0x80000054 (0x803022f3) csrr    x5, knl
core   4: 3 0x80000054 (0x803022f3) x5  0x90c1f000
core   5: 0x80000054 (0x803022f3) csrr    x5, knl
core   5: 3 0x80000054 (0x803022f3) x5  0x90c1f000
core   6: 0x80000054 (0x803022f3) csrr    x5, knl
core   6: 3 0x80000054 (0x803022f3) x5  0x90c1f000
core   7: 0x80000054 (0x803022f3) csrr    x5, knl
core   7: 3 0x80000054 (0x803022f3) x5  0x90c1f000
core   0: 0x80000058 (0x0002a303) lw      x6, 0(x5)
core   0: 3 0x80000058 (0x0002a303) x6  0x800001c8 mem 0x90c1f000
core   1: 0x80000058 (0x0002a303) lw      x6, 0(x5)
core   1: 3 0x80000058 (0x0002a303) x6  0x800001c8 mem 0x90c1f000
core   2: 0x80000058 (0x0002a303) lw      x6, 0(x5)
core   2: 3 0x80000058 (0x0002a303) x6  0x800001c8 mem 0x90c1f000
core   3: 0x80000058 (0x0002a303) lw      x6, 0(x5)
core   3: 3 0x80000058 (0x0002a303) x6  0x800001c8 mem 0x90c1f000
core   4: 0x80000058 (0x0002a303) lw      x6, 0(x5)
core   4: 3 0x80000058 (0x0002a303) x6  0x800001c8 mem 0x90c1f000
core   5: 0x80000058 (0x0002a303) lw      x6, 0(x5)
core   5: 3 0x80000058 (0x0002a303) x6  0x800001c8 mem 0x90c1f000
core   6: 0x80000058 (0x0002a303) lw      x6, 0(x5)
core   6: 3 0x80000058 (0x0002a303) x6  0x800001c8 mem 0x90c1f000
core   7: 0x80000058 (0x0002a303) lw      x6, 0(x5)
core   7: 3 0x80000058 (0x0002a303) x6  0x800001c8 mem 0x90c1f000
core   0: 0x8000005c (0x0042a503) lw      x10, 4(x5)
core   0: 3 0x8000005c (0x0042a503) x10 0x90b1e000 mem 0x90c1f004
core   1: 0x8000005c (0x0042a503) lw      x10, 4(x5)
core   1: 3 0x8000005c (0x0042a503) x10 0x90b1e000 mem 0x90c1f004
core   2: 0x8000005c (0x0042a503) lw      x10, 4(x5)
core   2: 3 0x8000005c (0x0042a503) x10 0x90b1e000 mem 0x90c1f004
core   3: 0x8000005c (0x0042a503) lw      x10, 4(x5)
core   3: 3 0x8000005c (0x0042a503) x10 0x90b1e000 mem 0x90c1f004
core   4: 0x8000005c (0x0042a503) lw      x10, 4(x5)
core   4: 3 0x8000005c (0x0042a503) x10 0x90b1e000 mem 0x90c1f004
core   5: 0x8000005c (0x0042a503) lw      x10, 4(x5)
core   5: 3 0x8000005c (0x0042a503) x10 0x90b1e000 mem 0x90c1f004
core   6: 0x8000005c (0x0042a503) lw      x10, 4(x5)
core   6: 3 0x8000005c (0x0042a503) x10 0x90b1e000 mem 0x90c1f004
core   7: 0x8000005c (0x0042a503) lw      x10, 4(x5)
core   7: 3 0x8000005c (0x0042a503) x10 0x90b1e000 mem 0x90c1f004
core   0: 0x80000060 (0x0302a383) lw      x7, 48(x5)
core   0: 3 0x80000060 (0x0302a383) x7  0x00000000 mem 0x90c1f030
core   1: 0x80000060 (0x0302a383) lw      x7, 48(x5)
core   1: 3 0x80000060 (0x0302a383) x7  0x00000000 mem 0x90c1f030
core   2: 0x80000060 (0x0302a383) lw      x7, 48(x5)
core   2: 3 0x80000060 (0x0302a383) x7  0x00000000 mem 0x90c1f030
core   3: 0x80000060 (0x0302a383) lw      x7, 48(x5)
core   3: 3 0x80000060 (0x0302a383) x7  0x00000000 mem 0x90c1f030
core   4: 0x80000060 (0x0302a383) lw      x7, 48(x5)
core   4: 3 0x80000060 (0x0302a383) x7  0x00000000 mem 0x90c1f030
core   5: 0x80000060 (0x0302a383) lw      x7, 48(x5)
core   5: 3 0x80000060 (0x0302a383) x7  0x00000000 mem 0x90c1f030
core   6: 0x80000060 (0x0302a383) lw      x7, 48(x5)
core   6: 3 0x80000060 (0x0302a383) x7  0x00000000 mem 0x90c1f030
core   7: 0x80000060 (0x0302a383) lw      x7, 48(x5)
core   7: 3 0x80000060 (0x0302a383) x7  0x00000000 mem 0x90c1f030
core   0: 0x80000064 (0x0342ae03) lw      x28, 52(x5)
core   0: 3 0x80000064 (0x0342ae03) x28 0x00000000 mem 0x90c1f034
core   1: 0x80000064 (0x0342ae03) lw      x28, 52(x5)
core   1: 3 0x80000064 (0x0342ae03) x28 0x00000000 mem 0x90c1f034
core   2: 0x80000064 (0x0342ae03) lw      x28, 52(x5)
core   2: 3 0x80000064 (0x0342ae03) x28 0x00000000 mem 0x90c1f034
core   3: 0x80000064 (0x0342ae03) lw      x28, 52(x5)
core   3: 3 0x80000064 (0x0342ae03) x28 0x00000000 mem 0x90c1f034
core   4: 0x80000064 (0x0342ae03) lw      x28, 52(x5)
core   4: 3 0x80000064 (0x0342ae03) x28 0x00000000 mem 0x90c1f034
core   5: 0x80000064 (0x0342ae03) lw      x28, 52(x5)
core   5: 3 0x80000064 (0x0342ae03) x28 0x00000000 mem 0x90c1f034
core   6: 0x80000064 (0x0342ae03) lw      x28, 52(x5)
core   6: 3 0x80000064 (0x0342ae03) x28 0x00000000 mem 0x90c1f034
core   7: 0x80000064 (0x0342ae03) lw      x28, 52(x5)
core   7: 3 0x80000064 (0x0342ae03) x28 0x00000000 mem 0x90c1f034
core   0: 0x80000068 (0x00003e97) auipc   x29, 0x3
core   0: 3 0x80000068 (0x00003e97) x29 0x80003068
core   1: 0x80000068 (0x00003e97) auipc   x29, 0x3
core   1: 3 0x80000068 (0x00003e97) x29 0x80003068
core   2: 0x80000068 (0x00003e97) auipc   x29, 0x3
core   2: 3 0x80000068 (0x00003e97) x29 0x80003068
core   3: 0x80000068 (0x00003e97) auipc   x29, 0x3
core   3: 3 0x80000068 (0x00003e97) x29 0x80003068
core   4: 0x80000068 (0x00003e97) auipc   x29, 0x3
core   4: 3 0x80000068 (0x00003e97) x29 0x80003068
core   5: 0x80000068 (0x00003e97) auipc   x29, 0x3
core   5: 3 0x80000068 (0x00003e97) x29 0x80003068
core   6: 0x80000068 (0x00003e97) auipc   x29, 0x3
core   6: 3 0x80000068 (0x00003e97) x29 0x80003068
core   7: 0x80000068 (0x00003e97) auipc   x29, 0x3
core   7: 3 0x80000068 (0x00003e97) x29 0x80003068
core   0: 0x8000006c (0xf98e8e93) addi    x29, x29, -104
core   0: 3 0x8000006c (0xf98e8e93) x29 0x80003000
core   1: 0x8000006c (0xf98e8e93) addi    x29, x29, -104
core   1: 3 0x8000006c (0xf98e8e93) x29 0x80003000
core   2: 0x8000006c (0xf98e8e93) addi    x29, x29, -104
core   2: 3 0x8000006c (0xf98e8e93) x29 0x80003000
core   3: 0x8000006c (0xf98e8e93) addi    x29, x29, -104
core   3: 3 0x8000006c (0xf98e8e93) x29 0x80003000
core   4: 0x8000006c (0xf98e8e93) addi    x29, x29, -104
core   4: 3 0x8000006c (0xf98e8e93) x29 0x80003000
core   5: 0x8000006c (0xf98e8e93) addi    x29, x29, -104
core   5: 3 0x8000006c (0xf98e8e93) x29 0x80003000
core   6: 0x8000006c (0xf98e8e93) addi    x29, x29, -104
core   6: 3 0x8000006c (0xf98e8e93) x29 0x80003000
core   7: 0x8000006c (0xf98e8e93) addi    x29, x29, -104
core   7: 3 0x8000006c (0xf98e8e93) x29 0x80003000
core   0: 0x80000070 (0x00003f17) auipc   x30, 0x3
core   0: 3 0x80000070 (0x00003f17) x30 0x80003070
core   1: 0x80000070 (0x00003f17) auipc   x30, 0x3
core   1: 3 0x80000070 (0x00003f17) x30 0x80003070
core   2: 0x80000070 (0x00003f17) auipc   x30, 0x3
core   2: 3 0x80000070 (0x00003f17) x30 0x80003070
core   3: 0x80000070 (0x00003f17) auipc   x30, 0x3
core   3: 3 0x80000070 (0x00003f17) x30 0x80003070
core   4: 0x80000070 (0x00003f17) auipc   x30, 0x3
core   4: 3 0x80000070 (0x00003f17) x30 0x80003070
core   5: 0x80000070 (0x00003f17) auipc   x30, 0x3
core   5: 3 0x80000070 (0x00003f17) x30 0x80003070
core   6: 0x80000070 (0x00003f17) auipc   x30, 0x3
core   6: 3 0x80000070 (0x00003f17) x30 0x80003070
core   7: 0x80000070 (0x00003f17) auipc   x30, 0x3
core   7: 3 0x80000070 (0x00003f17) x30 0x80003070
core   0: 0x80000074 (0xf94f0f13) addi    x30, x30, -108
core   0: 3 0x80000074 (0xf94f0f13) x30 0x80003004
core   1: 0x80000074 (0xf94f0f13) addi    x30, x30, -108
core   1: 3 0x80000074 (0xf94f0f13) x30 0x80003004
core   2: 0x80000074 (0xf94f0f13) addi    x30, x30, -108
core   2: 3 0x80000074 (0xf94f0f13) x30 0x80003004
core   3: 0x80000074 (0xf94f0f13) addi    x30, x30, -108
core   3: 3 0x80000074 (0xf94f0f13) x30 0x80003004
core   4: 0x80000074 (0xf94f0f13) addi    x30, x30, -108
core   4: 3 0x80000074 (0xf94f0f13) x30 0x80003004
core   5: 0x80000074 (0xf94f0f13) addi    x30, x30, -108
core   5: 3 0x80000074 (0xf94f0f13) x30 0x80003004
core   6: 0x80000074 (0xf94f0f13) addi    x30, x30, -108
core   6: 3 0x80000074 (0xf94f0f13) x30 0x80003004
core   7: 0x80000074 (0xf94f0f13) addi    x30, x30, -108
core   7: 3 0x80000074 (0xf94f0f13) x30 0x80003004
core   0: 0x80000078 (0x007ea023) sw      x7, 0(x29)
core   0: 3 0x80000078 (0x007ea023) mem 0x80003000 0x00000000
core   1: 0x80000078 (0x007ea023) sw      x7, 0(x29)
core   1: 3 0x80000078 (0x007ea023) mem 0x80003000 0x00000000
core   2: 0x80000078 (0x007ea023) sw      x7, 0(x29)
core   2: 3 0x80000078 (0x007ea023) mem 0x80003000 0x00000000
core   3: 0x80000078 (0x007ea023) sw      x7, 0(x29)
core   3: 3 0x80000078 (0x007ea023) mem 0x80003000 0x00000000
core   4: 0x80000078 (0x007ea023) sw      x7, 0(x29)
core   4: 3 0x80000078 (0x007ea023) mem 0x80003000 0x00000000
core   5: 0x80000078 (0x007ea023) sw      x7, 0(x29)
core   5: 3 0x80000078 (0x007ea023) mem 0x80003000 0x00000000
core   6: 0x80000078 (0x007ea023) sw      x7, 0(x29)
core   6: 3 0x80000078 (0x007ea023) mem 0x80003000 0x00000000
core   7: 0x80000078 (0x007ea023) sw      x7, 0(x29)
core   7: 3 0x80000078 (0x007ea023) mem 0x80003000 0x00000000
core   0: 0x8000007c (0x01cf2023) sw      x28, 0(x30)
core   0: 3 0x8000007c (0x01cf2023) mem 0x80003004 0x00000000
core   1: 0x8000007c (0x01cf2023) sw      x28, 0(x30)
core   1: 3 0x8000007c (0x01cf2023) mem 0x80003004 0x00000000
core   2: 0x8000007c (0x01cf2023) sw      x28, 0(x30)
core   2: 3 0x8000007c (0x01cf2023) mem 0x80003004 0x00000000
core   3: 0x8000007c (0x01cf2023) sw      x28, 0(x30)
core   3: 3 0x8000007c (0x01cf2023) mem 0x80003004 0x00000000
core   4: 0x8000007c (0x01cf2023) sw      x28, 0(x30)
core   4: 3 0x8000007c (0x01cf2023) mem 0x80003004 0x00000000
core   5: 0x8000007c (0x01cf2023) sw      x28, 0(x30)
core   5: 3 0x8000007c (0x01cf2023) mem 0x80003004 0x00000000
core   6: 0x8000007c (0x01cf2023) sw      x28, 0(x30)
core   6: 3 0x8000007c (0x01cf2023) mem 0x80003004 0x00000000
core   7: 0x8000007c (0x01cf2023) sw      x28, 0(x30)
core   7: 3 0x8000007c (0x01cf2023) mem 0x80003004 0x00000000
core   0: 0x80000080 (0x00000f97) auipc   x31, 0x0
core   0: 3 0x80000080 (0x00000f97) x31 0x80000080
core   1: 0x80000080 (0x00000f97) auipc   x31, 0x0
core   1: 3 0x80000080 (0x00000f97) x31 0x80000080
core   2: 0x80000080 (0x00000f97) auipc   x31, 0x0
core   2: 3 0x80000080 (0x00000f97) x31 0x80000080
core   3: 0x80000080 (0x00000f97) auipc   x31, 0x0
core   3: 3 0x80000080 (0x00000f97) x31 0x80000080
core   4: 0x80000080 (0x00000f97) auipc   x31, 0x0
core   4: 3 0x80000080 (0x00000f97) x31 0x80000080
core   5: 0x80000080 (0x00000f97) auipc   x31, 0x0
core   5: 3 0x80000080 (0x00000f97) x31 0x80000080
core   6: 0x80000080 (0x00000f97) auipc   x31, 0x0
core   6: 3 0x80000080 (0x00000f97) x31 0x80000080
core   7: 0x80000080 (0x00000f97) auipc   x31, 0x0
core   7: 3 0x80000080 (0x00000f97) x31 0x80000080
core   0: 0x80000084 (0x018f8f93) addi    x31, x31, 24
core   0: 3 0x80000084 (0x018f8f93) x31 0x80000098
core   1: 0x80000084 (0x018f8f93) addi    x31, x31, 24
core   1: 3 0x80000084 (0x018f8f93) x31 0x80000098
core   2: 0x80000084 (0x018f8f93) addi    x31, x31, 24
core   2: 3 0x80000084 (0x018f8f93) x31 0x80000098
core   3: 0x80000084 (0x018f8f93) addi    x31, x31, 24
core   3: 3 0x80000084 (0x018f8f93) x31 0x80000098
core   4: 0x80000084 (0x018f8f93) addi    x31, x31, 24
core   4: 3 0x80000084 (0x018f8f93) x31 0x80000098
core   5: 0x80000084 (0x018f8f93) addi    x31, x31, 24
core   5: 3 0x80000084 (0x018f8f93) x31 0x80000098
core   6: 0x80000084 (0x018f8f93) addi    x31, x31, 24
core   6: 3 0x80000084 (0x018f8f93) x31 0x80000098
core   7: 0x80000084 (0x018f8f93) addi    x31, x31, 24
core   7: 3 0x80000084 (0x018f8f93) x31 0x80000098
core   0: 0x80000088 (0x305f9073) csrw    mtvec, x31
core   0: 3 0x80000088 (0x305f9073) c773_mtvec 0x80000098
core   1: 0x80000088 (0x305f9073) csrw    mtvec, x31
core   1: 3 0x80000088 (0x305f9073) c773_mtvec 0x80000098
core   2: 0x80000088 (0x305f9073) csrw    mtvec, x31
core   2: 3 0x80000088 (0x305f9073) c773_mtvec 0x80000098
core   3: 0x80000088 (0x305f9073) csrw    mtvec, x31
core   3: 3 0x80000088 (0x305f9073) c773_mtvec 0x80000098
core   4: 0x80000088 (0x305f9073) csrw    mtvec, x31
core   4: 3 0x80000088 (0x305f9073) c773_mtvec 0x80000098
core   5: 0x80000088 (0x305f9073) csrw    mtvec, x31
core   5: 3 0x80000088 (0x305f9073) c773_mtvec 0x80000098
core   6: 0x80000088 (0x305f9073) csrw    mtvec, x31
core   6: 3 0x80000088 (0x305f9073) c773_mtvec 0x80000098
core   7: 0x80000088 (0x305f9073) csrw    mtvec, x31
core   7: 3 0x80000088 (0x305f9073) c773_mtvec 0x80000098
core   0: 0x8000008c (0x000300e7) jalr    x6
core   0: 3 0x8000008c (0x000300e7) x1  0x80000090
core   1: 0x8000008c (0x000300e7) jalr    x6
core   1: 3 0x8000008c (0x000300e7) x1  0x80000090
core   2: 0x8000008c (0x000300e7) jalr    x6
core   2: 3 0x8000008c (0x000300e7) x1  0x80000090
core   3: 0x8000008c (0x000300e7) jalr    x6
core   3: 3 0x8000008c (0x000300e7) x1  0x80000090
core   4: 0x8000008c (0x000300e7) jalr    x6
core   4: 3 0x8000008c (0x000300e7) x1  0x80000090
core   5: 0x8000008c (0x000300e7) jalr    x6
core   5: 3 0x8000008c (0x000300e7) x1  0x80000090
core   6: 0x8000008c (0x000300e7) jalr    x6
core   6: 3 0x8000008c (0x000300e7) x1  0x80000090
core   7: 0x8000008c (0x000300e7) jalr    x6
core   7: 3 0x8000008c (0x000300e7) x1  0x80000090
core   0: 0x800001c8 (0x00c10113) addi    x2, x2, 12
core   0: 3 0x800001c8 (0x00c10113) x2  0x7000000c
core   1: 0x800001c8 (0x00c10113) addi    x2, x2, 12
core   1: 3 0x800001c8 (0x00c10113) x2  0x7000040c
core   2: 0x800001c8 (0x00c10113) addi    x2, x2, 12
core   2: 3 0x800001c8 (0x00c10113) x2  0x7000080c
core   3: 0x800001c8 (0x00c10113) addi    x2, x2, 12
core   3: 3 0x800001c8 (0x00c10113) x2  0x70000c0c
core   4: 0x800001c8 (0x00c10113) addi    x2, x2, 12
core   4: 3 0x800001c8 (0x00c10113) x2  0x7000100c
core   5: 0x800001c8 (0x00c10113) addi    x2, x2, 12
core   5: 3 0x800001c8 (0x00c10113) x2  0x7000140c
core   6: 0x800001c8 (0x00c10113) addi    x2, x2, 12
core   6: 3 0x800001c8 (0x00c10113) x2  0x7000180c
core   7: 0x800001c8 (0x00c10113) addi    x2, x2, 12
core   7: 3 0x800001c8 (0x00c10113) x2  0x70001c0c
core   0: 0x800001cc (0x00112023) sw      x1, 0(x2)
core   0: 3 0x800001cc (0x00112023) mem 0x7000000c 0x80000090
core   1: 0x800001cc (0x00112023) sw      x1, 0(x2)
core   1: 3 0x800001cc (0x00112023) mem 0x7000040c 0x80000090
core   2: 0x800001cc (0x00112023) sw      x1, 0(x2)
core   2: 3 0x800001cc (0x00112023) mem 0x7000080c 0x80000090
core   3: 0x800001cc (0x00112023) sw      x1, 0(x2)
core   3: 3 0x800001cc (0x00112023) mem 0x70000c0c 0x80000090
core   4: 0x800001cc (0x00112023) sw      x1, 0(x2)
core   4: 3 0x800001cc (0x00112023) mem 0x7000100c 0x80000090
core   5: 0x800001cc (0x00112023) sw      x1, 0(x2)
core   5: 3 0x800001cc (0x00112023) mem 0x7000140c 0x80000090
core   6: 0x800001cc (0x00112023) sw      x1, 0(x2)
core   6: 3 0x800001cc (0x00112023) mem 0x7000180c 0x80000090
core   7: 0x800001cc (0x00112023) sw      x1, 0(x2)
core   7: 3 0x800001cc (0x00112023) mem 0x70001c0c 0x80000090
core   0: 0x800001d0 (0xfea12e23) sw      x10, -4(x2)
core   0: 3 0x800001d0 (0xfea12e23) mem 0x70000008 0x90b1e000
core   1: 0x800001d0 (0xfea12e23) sw      x10, -4(x2)
core   1: 3 0x800001d0 (0xfea12e23) mem 0x70000408 0x90b1e000
core   2: 0x800001d0 (0xfea12e23) sw      x10, -4(x2)
core   2: 3 0x800001d0 (0xfea12e23) mem 0x70000808 0x90b1e000
core   3: 0x800001d0 (0xfea12e23) sw      x10, -4(x2)
core   3: 3 0x800001d0 (0xfea12e23) mem 0x70000c08 0x90b1e000
core   4: 0x800001d0 (0xfea12e23) sw      x10, -4(x2)
core   4: 3 0x800001d0 (0xfea12e23) mem 0x70001008 0x90b1e000
core   5: 0x800001d0 (0xfea12e23) sw      x10, -4(x2)
core   5: 3 0x800001d0 (0xfea12e23) mem 0x70001408 0x90b1e000
core   6: 0x800001d0 (0xfea12e23) sw      x10, -4(x2)
core   6: 3 0x800001d0 (0xfea12e23) mem 0x70001808 0x90b1e000
core   7: 0x800001d0 (0xfea12e23) sw      x10, -4(x2)
core   7: 3 0x800001d0 (0xfea12e23) mem 0x70001c08 0x90b1e000
core   0: 0x800001d4 (0x01052283) lw      x5, 16(x10)
core   0: 3 0x800001d4 (0x01052283) x5  0x00000100 mem 0x90b1e010
core   1: 0x800001d4 (0x01052283) lw      x5, 16(x10)
core   1: 3 0x800001d4 (0x01052283) x5  0x00000100 mem 0x90b1e010
core   2: 0x800001d4 (0x01052283) lw      x5, 16(x10)
core   2: 3 0x800001d4 (0x01052283) x5  0x00000100 mem 0x90b1e010
core   3: 0x800001d4 (0x01052283) lw      x5, 16(x10)
core   3: 3 0x800001d4 (0x01052283) x5  0x00000100 mem 0x90b1e010
core   4: 0x800001d4 (0x01052283) lw      x5, 16(x10)
core   4: 3 0x800001d4 (0x01052283) x5  0x00000100 mem 0x90b1e010
core   5: 0x800001d4 (0x01052283) lw      x5, 16(x10)
core   5: 3 0x800001d4 (0x01052283) x5  0x00000100 mem 0x90b1e010
core   6: 0x800001d4 (0x01052283) lw      x5, 16(x10)
core   6: 3 0x800001d4 (0x01052283) x5  0x00000100 mem 0x90b1e010
core   7: 0x800001d4 (0x01052283) lw      x5, 16(x10)
core   7: 3 0x800001d4 (0x01052283) x5  0x00000100 mem 0x90b1e010
core   0: 0x800001d8 (0xfe512c23) sw      x5, -8(x2)
core   0: 3 0x800001d8 (0xfe512c23) mem 0x70000004 0x00000100
core   1: 0x800001d8 (0xfe512c23) sw      x5, -8(x2)
core   1: 3 0x800001d8 (0xfe512c23) mem 0x70000404 0x00000100
core   2: 0x800001d8 (0xfe512c23) sw      x5, -8(x2)
core   2: 3 0x800001d8 (0xfe512c23) mem 0x70000804 0x00000100
core   3: 0x800001d8 (0xfe512c23) sw      x5, -8(x2)
core   3: 3 0x800001d8 (0xfe512c23) mem 0x70000c04 0x00000100
core   4: 0x800001d8 (0xfe512c23) sw      x5, -8(x2)
core   4: 3 0x800001d8 (0xfe512c23) mem 0x70001004 0x00000100
core   5: 0x800001d8 (0xfe512c23) sw      x5, -8(x2)
core   5: 3 0x800001d8 (0xfe512c23) mem 0x70001404 0x00000100
core   6: 0x800001d8 (0xfe512c23) sw      x5, -8(x2)
core   6: 3 0x800001d8 (0xfe512c23) mem 0x70001804 0x00000100
core   7: 0x800001d8 (0xfe512c23) sw      x5, -8(x2)
core   7: 3 0x800001d8 (0xfe512c23) mem 0x70001c04 0x00000100
core   0: 0x800001dc (0x5e004057) vmv.v.x v0, x0
core   0: 3 0x800001dc (0x5e004057) c8_vstart 0x00000000 e32 m1 l32 v0  ffffffff 0x00000000 00000000 00000000 00000000 00000000 00000000 00000000 00000000 00000000 00000000 00000000 00000000 00000000 00000000 00000000 00000000 00000000 00000000 00000000 00000000 00000000 00000000 00000000 00000000 00000000 00000000 00000000 00000000 00000000 00000000 00000000 00000000 
core   1: 0x800001dc (0x5e004057) vmv.v.x v0, x0
core   1: 3 0x800001dc (0x5e004057) c8_vstart 0x00000000 e32 m1 l32 v0  ffffffff 0x00000000 00000000 00000000 00000000 00000000 00000000 00000000 00000000 00000000 00000000 00000000 00000000 00000000 00000000 00000000 00000000 00000000 00000000 00000000 00000000 00000000 00000000 00000000 00000000 00000000 00000000 00000000 00000000 00000000 00000000 00000000 00000000 
core   2: 0x800001dc (0x5e004057) vmv.v.x v0, x0
core   2: 3 0x800001dc (0x5e004057) c8_vstart 0x00000000 e32 m1 l32 v0  ffffffff 0x00000000 00000000 00000000 00000000 00000000 00000000 00000000 00000000 00000000 00000000 00000000 00000000 00000000 00000000 00000000 00000000 00000000 00000000 00000000 00000000 00000000 00000000 00000000 00000000 00000000 00000000 00000000 00000000 00000000 00000000 00000000 00000000 
core   3: 0x800001dc (0x5e004057) vmv.v.x v0, x0
core   3: 3 0x800001dc (0x5e004057) c8_vstart 0x00000000 e32 m1 l32 v0  ffffffff 0x00000000 00000000 00000000 00000000 00000000 00000000 00000000 00000000 00000000 00000000 00000000 00000000 00000000 00000000 00000000 00000000 00000000 00000000 00000000 00000000 00000000 00000000 00000000 00000000 00000000 00000000 00000000 00000000 00000000 00000000 00000000 00000000 
core   4: 0x800001dc (0x5e004057) vmv.v.x v0, x0
core   4: 3 0x800001dc (0x5e004057) c8_vstart 0x00000000 e32 m1 l32 v0  ffffffff 0x00000000 00000000 00000000 00000000 00000000 00000000 00000000 00000000 00000000 00000000 00000000 00000000 00000000 00000000 00000000 00000000 00000000 00000000 00000000 00000000 00000000 00000000 00000000 00000000 00000000 00000000 00000000 00000000 00000000 00000000 00000000 00000000 
core   5: 0x800001dc (0x5e004057) vmv.v.x v0, x0
core   5: 3 0x800001dc (0x5e004057) c8_vstart 0x00000000 e32 m1 l32 v0  ffffffff 0x00000000 00000000 00000000 00000000 00000000 00000000 00000000 00000000 00000000 00000000 00000000 00000000 00000000 00000000 00000000 00000000 00000000 00000000 00000000 00000000 00000000 00000000 00000000 00000000 00000000 00000000 00000000 00000000 00000000 00000000 00000000 00000000 
core   6: 0x800001dc (0x5e004057) vmv.v.x v0, x0
core   6: 3 0x800001dc (0x5e004057) c8_vstart 0x00000000 e32 m1 l32 v0  ffffffff 0x00000000 00000000 00000000 00000000 00000000 00000000 00000000 00000000 00000000 00000000 00000000 00000000 00000000 00000000 00000000 00000000 00000000 00000000 00000000 00000000 00000000 00000000 00000000 00000000 00000000 00000000 00000000 00000000 00000000 00000000 00000000 00000000 
core   7: 0x800001dc (0x5e004057) vmv.v.x v0, x0
core   7: 3 0x800001dc (0x5e004057) c8_vstart 0x00000000 e32 m1 l32 v0  ffffffff 0x00000000 00000000 00000000 00000000 00000000 00000000 00000000 00000000 00000000 00000000 00000000 00000000 00000000 00000000 00000000 00000000 00000000 00000000 00000000 00000000 00000000 00000000 00000000 00000000 00000000 00000000 00000000 00000000 00000000 00000000 00000000 00000000 
core   0: 0x800001e0 (0x07c000ef) jal     pc + 0x7c
core   0: 3 0x800001e0 (0x07c000ef) x1  0x800001e4
core   1: 0x800001e0 (0x07c000ef) jal     pc + 0x7c
core   1: 3 0x800001e0 (0x07c000ef) x1  0x800001e4
core   2: 0x800001e0 (0x07c000ef) jal     pc + 0x7c
core   2: 3 0x800001e0 (0x07c000ef) x1  0x800001e4
core   3: 0x800001e0 (0x07c000ef) jal     pc + 0x7c
core   3: 3 0x800001e0 (0x07c000ef) x1  0x800001e4
core   4: 0x800001e0 (0x07c000ef) jal     pc + 0x7c
core   4: 3 0x800001e0 (0x07c000ef) x1  0x800001e4
core   5: 0x800001e0 (0x07c000ef) jal     pc + 0x7c
core   5: 3 0x800001e0 (0x07c000ef) x1  0x800001e4
core   6: 0x800001e0 (0x07c000ef) jal     pc + 0x7c
core   6: 3 0x800001e0 (0x07c000ef) x1  0x800001e4
core   7: 0x800001e0 (0x07c000ef) jal     pc + 0x7c
core   7: 3 0x800001e0 (0x07c000ef) x1  0x800001e4
core   0: 0x8000025c (0x00410113) addi    x2, x2, 4
core   0: 3 0x8000025c (0x00410113) x2  0x70000010
core   1: 0x8000025c (0x00410113) addi    x2, x2, 4
core   1: 3 0x8000025c (0x00410113) x2  0x70000410
core   2: 0x8000025c (0x00410113) addi    x2, x2, 4
core   2: 3 0x8000025c (0x00410113) x2  0x70000810
core   3: 0x8000025c (0x00410113) addi    x2, x2, 4
core   3: 3 0x8000025c (0x00410113) x2  0x70000c10
core   4: 0x8000025c (0x00410113) addi    x2, x2, 4
core   4: 3 0x8000025c (0x00410113) x2  0x70001010
core   5: 0x8000025c (0x00410113) addi    x2, x2, 4
core   5: 3 0x8000025c (0x00410113) x2  0x70001410
core   6: 0x8000025c (0x00410113) addi    x2, x2, 4
core   6: 3 0x8000025c (0x00410113) x2  0x70001810
core   7: 0x8000025c (0x00410113) addi    x2, x2, 4
core   7: 3 0x8000025c (0x00410113) x2  0x70001c10
core   0: 0x80000260 (0x00112023) sw      x1, 0(x2)
core   0: 3 0x80000260 (0x00112023) mem 0x70000010 0x800001e4
core   1: 0x80000260 (0x00112023) sw      x1, 0(x2)
core   1: 3 0x80000260 (0x00112023) mem 0x70000410 0x800001e4
core   2: 0x80000260 (0x00112023) sw      x1, 0(x2)
core   2: 3 0x80000260 (0x00112023) mem 0x70000810 0x800001e4
core   3: 0x80000260 (0x00112023) sw      x1, 0(x2)
core   3: 3 0x80000260 (0x00112023) mem 0x70000c10 0x800001e4
core   4: 0x80000260 (0x00112023) sw      x1, 0(x2)
core   4: 3 0x80000260 (0x00112023) mem 0x70001010 0x800001e4
core   5: 0x80000260 (0x00112023) sw      x1, 0(x2)
core   5: 3 0x80000260 (0x00112023) mem 0x70001410 0x800001e4
core   6: 0x80000260 (0x00112023) sw      x1, 0(x2)
core   6: 3 0x80000260 (0x00112023) mem 0x70001810 0x800001e4
core   7: 0x80000260 (0x00112023) sw      x1, 0(x2)
core   7: 3 0x80000260 (0x00112023) mem 0x70001c10 0x800001e4
core   0: 0x80000264 (0x00200293) li      x5, 2
core   0: 3 0x80000264 (0x00200293) x5  0x00000002
core   1: 0x80000264 (0x00200293) li      x5, 2
core   1: 3 0x80000264 (0x00200293) x5  0x00000002
core   2: 0x80000264 (0x00200293) li      x5, 2
core   2: 3 0x80000264 (0x00200293) x5  0x00000002
core   3: 0x80000264 (0x00200293) li      x5, 2
core   3: 3 0x80000264 (0x00200293) x5  0x00000002
core   4: 0x80000264 (0x00200293) li      x5, 2
core   4: 3 0x80000264 (0x00200293) x5  0x00000002
core   5: 0x80000264 (0x00200293) li      x5, 2
core   5: 3 0x80000264 (0x00200293) x5  0x00000002
core   6: 0x80000264 (0x00200293) li      x5, 2
core   6: 3 0x80000264 (0x00200293) x5  0x00000002
core   7: 0x80000264 (0x00200293) li      x5, 2
core   7: 3 0x80000264 (0x00200293) x5  0x00000002
core   0: 0x80000268 (0x5e02c0d7) vmv.v.x v1, x5
core   0: 3 0x80000268 (0x5e02c0d7) c8_vstart 0x00000000 e32 m1 l32 v1  ffffffff 0x00000002 00000002 00000002 00000002 00000002 00000002 00000002 00000002 00000002 00000002 00000002 00000002 00000002 00000002 00000002 00000002 00000002 00000002 00000002 00000002 00000002 00000002 00000002 00000002 00000002 00000002 00000002 00000002 00000002 00000002 00000002 00000002 
core   1: 0x80000268 (0x5e02c0d7) vmv.v.x v1, x5
core   1: 3 0x80000268 (0x5e02c0d7) c8_vstart 0x00000000 e32 m1 l32 v1  ffffffff 0x00000002 00000002 00000002 00000002 00000002 00000002 00000002 00000002 00000002 00000002 00000002 00000002 00000002 00000002 00000002 00000002 00000002 00000002 00000002 00000002 00000002 00000002 00000002 00000002 00000002 00000002 00000002 00000002 00000002 00000002 00000002 00000002 
core   2: 0x80000268 (0x5e02c0d7) vmv.v.x v1, x5
core   2: 3 0x80000268 (0x5e02c0d7) c8_vstart 0x00000000 e32 m1 l32 v1  ffffffff 0x00000002 00000002 00000002 00000002 00000002 00000002 00000002 00000002 00000002 00000002 00000002 00000002 00000002 00000002 00000002 00000002 00000002 00000002 00000002 00000002 00000002 00000002 00000002 00000002 00000002 00000002 00000002 00000002 00000002 00000002 00000002 00000002 
core   3: 0x80000268 (0x5e02c0d7) vmv.v.x v1, x5
core   3: 3 0x80000268 (0x5e02c0d7) c8_vstart 0x00000000 e32 m1 l32 v1  ffffffff 0x00000002 00000002 00000002 00000002 00000002 00000002 00000002 00000002 00000002 00000002 00000002 00000002 00000002 00000002 00000002 00000002 00000002 00000002 00000002 00000002 00000002 00000002 00000002 00000002 00000002 00000002 00000002 00000002 00000002 00000002 00000002 00000002 
core   4: 0x80000268 (0x5e02c0d7) vmv.v.x v1, x5
core   4: 3 0x80000268 (0x5e02c0d7) c8_vstart 0x00000000 e32 m1 l32 v1  ffffffff 0x00000002 00000002 00000002 00000002 00000002 00000002 00000002 00000002 00000002 00000002 00000002 00000002 00000002 00000002 00000002 00000002 00000002 00000002 00000002 00000002 00000002 00000002 00000002 00000002 00000002 00000002 00000002 00000002 00000002 00000002 00000002 00000002 
core   5: 0x80000268 (0x5e02c0d7) vmv.v.x v1, x5
core   5: 3 0x80000268 (0x5e02c0d7) c8_vstart 0x00000000 e32 m1 l32 v1  ffffffff 0x00000002 00000002 00000002 00000002 00000002 00000002 00000002 00000002 00000002 00000002 00000002 00000002 00000002 00000002 00000002 00000002 00000002 00000002 00000002 00000002 00000002 00000002 00000002 00000002 00000002 00000002 00000002 00000002 00000002 00000002 00000002 00000002 
core   6: 0x80000268 (0x5e02c0d7) vmv.v.x v1, x5
core   6: 3 0x80000268 (0x5e02c0d7) c8_vstart 0x00000000 e32 m1 l32 v1  ffffffff 0x00000002 00000002 00000002 00000002 00000002 00000002 00000002 00000002 00000002 00000002 00000002 00000002 00000002 00000002 00000002 00000002 00000002 00000002 00000002 00000002 00000002 00000002 00000002 00000002 00000002 00000002 00000002 00000002 00000002 00000002 00000002 00000002 
core   7: 0x80000268 (0x5e02c0d7) vmv.v.x v1, x5
core   7: 3 0x80000268 (0x5e02c0d7) c8_vstart 0x00000000 e32 m1 l32 v1  ffffffff 0x00000002 00000002 00000002 00000002 00000002 00000002 00000002 00000002 00000002 00000002 00000002 00000002 00000002 00000002 00000002 00000002 00000002 00000002 00000002 00000002 00000002 00000002 00000002 00000002 00000002 00000002 00000002 00000002 00000002 00000002 00000002 00000002 
core   0: 0x8000026c (0x00000317) auipc   x6, 0x0
core   0: 3 0x8000026c (0x00000317) x6  0x8000026c
core   1: 0x8000026c (0x00000317) auipc   x6, 0x0
core   1: 3 0x8000026c (0x00000317) x6  0x8000026c
core   2: 0x8000026c (0x00000317) auipc   x6, 0x0
core   2: 3 0x8000026c (0x00000317) x6  0x8000026c
core   3: 0x8000026c (0x00000317) auipc   x6, 0x0
core   3: 3 0x8000026c (0x00000317) x6  0x8000026c
core   4: 0x8000026c (0x00000317) auipc   x6, 0x0
core   4: 3 0x8000026c (0x00000317) x6  0x8000026c
core   5: 0x8000026c (0x00000317) auipc   x6, 0x0
core   5: 3 0x8000026c (0x00000317) x6  0x8000026c
core   6: 0x8000026c (0x00000317) auipc   x6, 0x0
core   6: 3 0x8000026c (0x00000317) x6  0x8000026c
core   7: 0x8000026c (0x00000317) auipc   x6, 0x0
core   7: 3 0x8000026c (0x00000317) x6  0x8000026c
core   0: 0x80000270 (0x04c3305b) setrpc  x0, x6, 76
core   0: 3 0x80000270 (0x04c3305b) c2060_rpc 0x800002b8 current mask:	ffffffff current npc:	00000000 stack size: 0
core   1: 0x80000270 (0x04c3305b) setrpc  x0, x6, 76
core   1: 3 0x80000270 (0x04c3305b) c2060_rpc 0x800002b8 current mask:	ffffffff current npc:	00000000 stack size: 0
core   2: 0x80000270 (0x04c3305b) setrpc  x0, x6, 76
core   2: 3 0x80000270 (0x04c3305b) c2060_rpc 0x800002b8 current mask:	ffffffff current npc:	00000000 stack size: 0
core   3: 0x80000270 (0x04c3305b) setrpc  x0, x6, 76
core   3: 3 0x80000270 (0x04c3305b) c2060_rpc 0x800002b8 current mask:	ffffffff current npc:	00000000 stack size: 0
core   4: 0x80000270 (0x04c3305b) setrpc  x0, x6, 76
core   4: 3 0x80000270 (0x04c3305b) c2060_rpc 0x800002b8 current mask:	ffffffff current npc:	00000000 stack size: 0
core   5: 0x80000270 (0x04c3305b) setrpc  x0, x6, 76
core   5: 3 0x80000270 (0x04c3305b) c2060_rpc 0x800002b8 current mask:	ffffffff current npc:	00000000 stack size: 0
core   6: 0x80000270 (0x04c3305b) setrpc  x0, x6, 76
core   6: 3 0x80000270 (0x04c3305b) c2060_rpc 0x800002b8 current mask:	ffffffff current npc:	00000000 stack size: 0
core   7: 0x80000270 (0x04c3305b) setrpc  x0, x6, 76
core   7: 3 0x80000270 (0x04c3305b) c2060_rpc 0x800002b8 current mask:	ffffffff current npc:	00000000 stack size: 0
core   0: 0x80000274 (0x0200885b) vbeq    v0, v1, pc + 48
core   0: 3 0x80000274 (0x0200885b) c8_vstart 0x00000000 e32 m1 l32 current mask:	ffffffff current npc:	80000278 stack size: 0
core   1: 0x80000274 (0x0200885b) vbeq    v0, v1, pc + 48
core   1: 3 0x80000274 (0x0200885b) c8_vstart 0x00000000 e32 m1 l32 current mask:	ffffffff current npc:	80000278 stack size: 0
core   2: 0x80000274 (0x0200885b) vbeq    v0, v1, pc + 48
core   2: 3 0x80000274 (0x0200885b) c8_vstart 0x00000000 e32 m1 l32 current mask:	ffffffff current npc:	80000278 stack size: 0
core   3: 0x80000274 (0x0200885b) vbeq    v0, v1, pc + 48
core   3: 3 0x80000274 (0x0200885b) c8_vstart 0x00000000 e32 m1 l32 current mask:	ffffffff current npc:	80000278 stack size: 0
core   4: 0x80000274 (0x0200885b) vbeq    v0, v1, pc + 48
core   4: 3 0x80000274 (0x0200885b) c8_vstart 0x00000000 e32 m1 l32 current mask:	ffffffff current npc:	80000278 stack size: 0
core   5: 0x80000274 (0x0200885b) vbeq    v0, v1, pc + 48
core   5: 3 0x80000274 (0x0200885b) c8_vstart 0x00000000 e32 m1 l32 current mask:	ffffffff current npc:	80000278 stack size: 0
core   6: 0x80000274 (0x0200885b) vbeq    v0, v1, pc + 48
core   6: 3 0x80000274 (0x0200885b) c8_vstart 0x00000000 e32 m1 l32 current mask:	ffffffff current npc:	80000278 stack size: 0
core   7: 0x80000274 (0x0200885b) vbeq    v0, v1, pc + 48
core   7: 3 0x80000274 (0x0200885b) c8_vstart 0x00000000 e32 m1 l32 current mask:	ffffffff current npc:	80000278 stack size: 0
core   0: 0x80000278 (0x00100293) li      x5, 1
core   0: 3 0x80000278 (0x00100293) x5  0x00000001
core   1: 0x80000278 (0x00100293) li      x5, 1
core   1: 3 0x80000278 (0x00100293) x5  0x00000001
core   2: 0x80000278 (0x00100293) li      x5, 1
core   2: 3 0x80000278 (0x00100293) x5  0x00000001
core   3: 0x80000278 (0x00100293) li      x5, 1
core   3: 3 0x80000278 (0x00100293) x5  0x00000001
core   4: 0x80000278 (0x00100293) li      x5, 1
core   4: 3 0x80000278 (0x00100293) x5  0x00000001
core   5: 0x80000278 (0x00100293) li      x5, 1
core   5: 3 0x80000278 (0x00100293) x5  0x00000001
core   6: 0x80000278 (0x00100293) li      x5, 1
core   6: 3 0x80000278 (0x00100293) x5  0x00000001
core   7: 0x80000278 (0x00100293) li      x5, 1
core   7: 3 0x80000278 (0x00100293) x5  0x00000001
core   0: 0x8000027c (0x5e02c0d7) vmv.v.x v1, x5
core   0: 3 0x8000027c (0x5e02c0d7) c8_vstart 0x00000000 e32 m1 l32 v1  ffffffff 0x00000001 00000001 00000001 00000001 00000001 00000001 00000001 00000001 00000001 00000001 00000001 00000001 00000001 00000001 00000001 00000001 00000001 00000001 00000001 00000001 00000001 00000001 00000001 00000001 00000001 00000001 00000001 00000001 00000001 00000001 00000001 00000001 
core   1: 0x8000027c (0x5e02c0d7) vmv.v.x v1, x5
core   1: 3 0x8000027c (0x5e02c0d7) c8_vstart 0x00000000 e32 m1 l32 v1  ffffffff 0x00000001 00000001 00000001 00000001 00000001 00000001 00000001 00000001 00000001 00000001 00000001 00000001 00000001 00000001 00000001 00000001 00000001 00000001 00000001 00000001 00000001 00000001 00000001 00000001 00000001 00000001 00000001 00000001 00000001 00000001 00000001 00000001 
core   2: 0x8000027c (0x5e02c0d7) vmv.v.x v1, x5
core   2: 3 0x8000027c (0x5e02c0d7) c8_vstart 0x00000000 e32 m1 l32 v1  ffffffff 0x00000001 00000001 00000001 00000001 00000001 00000001 00000001 00000001 00000001 00000001 00000001 00000001 00000001 00000001 00000001 00000001 00000001 00000001 00000001 00000001 00000001 00000001 00000001 00000001 00000001 00000001 00000001 00000001 00000001 00000001 00000001 00000001 
core   3: 0x8000027c (0x5e02c0d7) vmv.v.x v1, x5
core   3: 3 0x8000027c (0x5e02c0d7) c8_vstart 0x00000000 e32 m1 l32 v1  ffffffff 0x00000001 00000001 00000001 00000001 00000001 00000001 00000001 00000001 00000001 00000001 00000001 00000001 00000001 00000001 00000001 00000001 00000001 00000001 00000001 00000001 00000001 00000001 00000001 00000001 00000001 00000001 00000001 00000001 00000001 00000001 00000001 00000001 
core   4: 0x8000027c (0x5e02c0d7) vmv.v.x v1, x5
core   4: 3 0x8000027c (0x5e02c0d7) c8_vstart 0x00000000 e32 m1 l32 v1  ffffffff 0x00000001 00000001 00000001 00000001 00000001 00000001 00000001 00000001 00000001 00000001 00000001 00000001 00000001 00000001 00000001 00000001 00000001 00000001 00000001 00000001 00000001 00000001 00000001 00000001 00000001 00000001 00000001 00000001 00000001 00000001 00000001 00000001 
core   5: 0x8000027c (0x5e02c0d7) vmv.v.x v1, x5
core   5: 3 0x8000027c (0x5e02c0d7) c8_vstart 0x00000000 e32 m1 l32 v1  ffffffff 0x00000001 00000001 00000001 00000001 00000001 00000001 00000001 00000001 00000001 00000001 00000001 00000001 00000001 00000001 00000001 00000001 00000001 00000001 00000001 00000001 00000001 00000001 00000001 00000001 00000001 00000001 00000001 00000001 00000001 00000001 00000001 00000001 
core   6: 0x8000027c (0x5e02c0d7) vmv.v.x v1, x5
core   6: 3 0x8000027c (0x5e02c0d7) c8_vstart 0x00000000 e32 m1 l32 v1  ffffffff 0x00000001 00000001 00000001 00000001 00000001 00000001 00000001 00000001 00000001 00000001 00000001 00000001 00000001 00000001 00000001 00000001 00000001 00000001 00000001 00000001 00000001 00000001 00000001 00000001 00000001 00000001 00000001 00000001 00000001 00000001 00000001 00000001 
core   7: 0x8000027c (0x5e02c0d7) vmv.v.x v1, x5
core   7: 3 0x8000027c (0x5e02c0d7) c8_vstart 0x00000000 e32 m1 l32 v1  ffffffff 0x00000001 00000001 00000001 00000001 00000001 00000001 00000001 00000001 00000001 00000001 00000001 00000001 00000001 00000001 00000001 00000001 00000001 00000001 00000001 00000001 00000001 00000001 00000001 00000001 00000001 00000001 00000001 00000001 00000001 00000001 00000001 00000001 
core   0: 0x80000280 (0x00000317) auipc   x6, 0x0
core   0: 3 0x80000280 (0x00000317) x6  0x80000280
core   1: 0x80000280 (0x00000317) auipc   x6, 0x0
core   1: 3 0x80000280 (0x00000317) x6  0x80000280
core   2: 0x80000280 (0x00000317) auipc   x6, 0x0
core   2: 3 0x80000280 (0x00000317) x6  0x80000280
core   3: 0x80000280 (0x00000317) auipc   x6, 0x0
core   3: 3 0x80000280 (0x00000317) x6  0x80000280
core   4: 0x80000280 (0x00000317) auipc   x6, 0x0
core   4: 3 0x80000280 (0x00000317) x6  0x80000280
core   5: 0x80000280 (0x00000317) auipc   x6, 0x0
core   5: 3 0x80000280 (0x00000317) x6  0x80000280
core   6: 0x80000280 (0x00000317) auipc   x6, 0x0
core   6: 3 0x80000280 (0x00000317) x6  0x80000280
core   7: 0x80000280 (0x00000317) auipc   x6, 0x0
core   7: 3 0x80000280 (0x00000317) x6  0x80000280
core   0: 0x80000284 (0x0383305b) setrpc  x0, x6, 56
core   0: 3 0x80000284 (0x0383305b) c2060_rpc 0x800002b8 current mask:	ffffffff current npc:	80000278 stack size: 0
core   1: 0x80000284 (0x0383305b) setrpc  x0, x6, 56
core   1: 3 0x80000284 (0x0383305b) c2060_rpc 0x800002b8 current mask:	ffffffff current npc:	80000278 stack size: 0
core   2: 0x80000284 (0x0383305b) setrpc  x0, x6, 56
core   2: 3 0x80000284 (0x0383305b) c2060_rpc 0x800002b8 current mask:	ffffffff current npc:	80000278 stack size: 0
core   3: 0x80000284 (0x0383305b) setrpc  x0, x6, 56
core   3: 3 0x80000284 (0x0383305b) c2060_rpc 0x800002b8 current mask:	ffffffff current npc:	80000278 stack size: 0
core   4: 0x80000284 (0x0383305b) setrpc  x0, x6, 56
core   4: 3 0x80000284 (0x0383305b) c2060_rpc 0x800002b8 current mask:	ffffffff current npc:	80000278 stack size: 0
core   5: 0x80000284 (0x0383305b) setrpc  x0, x6, 56
core   5: 3 0x80000284 (0x0383305b) c2060_rpc 0x800002b8 current mask:	ffffffff current npc:	80000278 stack size: 0
core   6: 0x80000284 (0x0383305b) setrpc  x0, x6, 56
core   6: 3 0x80000284 (0x0383305b) c2060_rpc 0x800002b8 current mask:	ffffffff current npc:	80000278 stack size: 0
core   7: 0x80000284 (0x0383305b) setrpc  x0, x6, 56
core   7: 3 0x80000284 (0x0383305b) c2060_rpc 0x800002b8 current mask:	ffffffff current npc:	80000278 stack size: 0
core   0: 0x80000288 (0x0200825b) vbeq    v0, v1, pc + 36
core   0: 3 0x80000288 (0x0200825b) c8_vstart 0x00000000 e32 m1 l32 current mask:	ffffffff current npc:	8000028c stack size: 0
core   1: 0x80000288 (0x0200825b) vbeq    v0, v1, pc + 36
core   1: 3 0x80000288 (0x0200825b) c8_vstart 0x00000000 e32 m1 l32 current mask:	ffffffff current npc:	8000028c stack size: 0
core   2: 0x80000288 (0x0200825b) vbeq    v0, v1, pc + 36
core   2: 3 0x80000288 (0x0200825b) c8_vstart 0x00000000 e32 m1 l32 current mask:	ffffffff current npc:	8000028c stack size: 0
core   3: 0x80000288 (0x0200825b) vbeq    v0, v1, pc + 36
core   3: 3 0x80000288 (0x0200825b) c8_vstart 0x00000000 e32 m1 l32 current mask:	ffffffff current npc:	8000028c stack size: 0
core   4: 0x80000288 (0x0200825b) vbeq    v0, v1, pc + 36
core   4: 3 0x80000288 (0x0200825b) c8_vstart 0x00000000 e32 m1 l32 current mask:	ffffffff current npc:	8000028c stack size: 0
core   5: 0x80000288 (0x0200825b) vbeq    v0, v1, pc + 36
core   5: 3 0x80000288 (0x0200825b) c8_vstart 0x00000000 e32 m1 l32 current mask:	ffffffff current npc:	8000028c stack size: 0
core   6: 0x80000288 (0x0200825b) vbeq    v0, v1, pc + 36
core   6: 3 0x80000288 (0x0200825b) c8_vstart 0x00000000 e32 m1 l32 current mask:	ffffffff current npc:	8000028c stack size: 0
core   7: 0x80000288 (0x0200825b) vbeq    v0, v1, pc + 36
core   7: 3 0x80000288 (0x0200825b) c8_vstart 0x00000000 e32 m1 l32 current mask:	ffffffff current npc:	8000028c stack size: 0
core   0: 0x8000028c (0x5e0040d7) vmv.v.x v1, x0
core   0: 3 0x8000028c (0x5e0040d7) c8_vstart 0x00000000 e32 m1 l32 v1  ffffffff 0x00000000 00000000 00000000 00000000 00000000 00000000 00000000 00000000 00000000 00000000 00000000 00000000 00000000 00000000 00000000 00000000 00000000 00000000 00000000 00000000 00000000 00000000 00000000 00000000 00000000 00000000 00000000 00000000 00000000 00000000 00000000 00000000 
core   1: 0x8000028c (0x5e0040d7) vmv.v.x v1, x0
core   1: 3 0x8000028c (0x5e0040d7) c8_vstart 0x00000000 e32 m1 l32 v1  ffffffff 0x00000000 00000000 00000000 00000000 00000000 00000000 00000000 00000000 00000000 00000000 00000000 00000000 00000000 00000000 00000000 00000000 00000000 00000000 00000000 00000000 00000000 00000000 00000000 00000000 00000000 00000000 00000000 00000000 00000000 00000000 00000000 00000000 
core   2: 0x8000028c (0x5e0040d7) vmv.v.x v1, x0
core   2: 3 0x8000028c (0x5e0040d7) c8_vstart 0x00000000 e32 m1 l32 v1  ffffffff 0x00000000 00000000 00000000 00000000 00000000 00000000 00000000 00000000 00000000 00000000 00000000 00000000 00000000 00000000 00000000 00000000 00000000 00000000 00000000 00000000 00000000 00000000 00000000 00000000 00000000 00000000 00000000 00000000 00000000 00000000 00000000 00000000 
core   3: 0x8000028c (0x5e0040d7) vmv.v.x v1, x0
core   3: 3 0x8000028c (0x5e0040d7) c8_vstart 0x00000000 e32 m1 l32 v1  ffffffff 0x00000000 00000000 00000000 00000000 00000000 00000000 00000000 00000000 00000000 00000000 00000000 00000000 00000000 00000000 00000000 00000000 00000000 00000000 00000000 00000000 00000000 00000000 00000000 00000000 00000000 00000000 00000000 00000000 00000000 00000000 00000000 00000000 
core   4: 0x8000028c (0x5e0040d7) vmv.v.x v1, x0
core   4: 3 0x8000028c (0x5e0040d7) c8_vstart 0x00000000 e32 m1 l32 v1  ffffffff 0x00000000 00000000 00000000 00000000 00000000 00000000 00000000 00000000 00000000 00000000 00000000 00000000 00000000 00000000 00000000 00000000 00000000 00000000 00000000 00000000 00000000 00000000 00000000 00000000 00000000 00000000 00000000 00000000 00000000 00000000 00000000 00000000 
core   5: 0x8000028c (0x5e0040d7) vmv.v.x v1, x0
core   5: 3 0x8000028c (0x5e0040d7) c8_vstart 0x00000000 e32 m1 l32 v1  ffffffff 0x00000000 00000000 00000000 00000000 00000000 00000000 00000000 00000000 00000000 00000000 00000000 00000000 00000000 00000000 00000000 00000000 00000000 00000000 00000000 00000000 00000000 00000000 00000000 00000000 00000000 00000000 00000000 00000000 00000000 00000000 00000000 00000000 
core   6: 0x8000028c (0x5e0040d7) vmv.v.x v1, x0
core   6: 3 0x8000028c (0x5e0040d7) c8_vstart 0x00000000 e32 m1 l32 v1  ffffffff 0x00000000 00000000 00000000 00000000 00000000 00000000 00000000 00000000 00000000 00000000 00000000 00000000 00000000 00000000 00000000 00000000 00000000 00000000 00000000 00000000 00000000 00000000 00000000 00000000 00000000 00000000 00000000 00000000 00000000 00000000 00000000 00000000 
core   7: 0x8000028c (0x5e0040d7) vmv.v.x v1, x0
core   7: 3 0x8000028c (0x5e0040d7) c8_vstart 0x00000000 e32 m1 l32 v1  ffffffff 0x00000000 00000000 00000000 00000000 00000000 00000000 00000000 00000000 00000000 00000000 00000000 00000000 00000000 00000000 00000000 00000000 00000000 00000000 00000000 00000000 00000000 00000000 00000000 00000000 00000000 00000000 00000000 00000000 00000000 00000000 00000000 00000000 
core   0: 0x80000290 (0x00000317) auipc   x6, 0x0
core   0: 3 0x80000290 (0x00000317) x6  0x80000290
core   1: 0x80000290 (0x00000317) auipc   x6, 0x0
core   1: 3 0x80000290 (0x00000317) x6  0x80000290
core   2: 0x80000290 (0x00000317) auipc   x6, 0x0
core   2: 3 0x80000290 (0x00000317) x6  0x80000290
core   3: 0x80000290 (0x00000317) auipc   x6, 0x0
core   3: 3 0x80000290 (0x00000317) x6  0x80000290
core   4: 0x80000290 (0x00000317) auipc   x6, 0x0
core   4: 3 0x80000290 (0x00000317) x6  0x80000290
core   5: 0x80000290 (0x00000317) auipc   x6, 0x0
core   5: 3 0x80000290 (0x00000317) x6  0x80000290
core   6: 0x80000290 (0x00000317) auipc   x6, 0x0
core   6: 3 0x80000290 (0x00000317) x6  0x80000290
core   7: 0x80000290 (0x00000317) auipc   x6, 0x0
core   7: 3 0x80000290 (0x00000317) x6  0x80000290
core   0: 0x80000294 (0x0283305b) setrpc  x0, x6, 40
core   0: 3 0x80000294 (0x0283305b) c2060_rpc 0x800002b8 current mask:	ffffffff current npc:	8000028c stack size: 0
core   1: 0x80000294 (0x0283305b) setrpc  x0, x6, 40
core   1: 3 0x80000294 (0x0283305b) c2060_rpc 0x800002b8 current mask:	ffffffff current npc:	8000028c stack size: 0
core   2: 0x80000294 (0x0283305b) setrpc  x0, x6, 40
core   2: 3 0x80000294 (0x0283305b) c2060_rpc 0x800002b8 current mask:	ffffffff current npc:	8000028c stack size: 0
core   3: 0x80000294 (0x0283305b) setrpc  x0, x6, 40
core   3: 3 0x80000294 (0x0283305b) c2060_rpc 0x800002b8 current mask:	ffffffff current npc:	8000028c stack size: 0
core   4: 0x80000294 (0x0283305b) setrpc  x0, x6, 40
core   4: 3 0x80000294 (0x0283305b) c2060_rpc 0x800002b8 current mask:	ffffffff current npc:	8000028c stack size: 0
core   5: 0x80000294 (0x0283305b) setrpc  x0, x6, 40
core   5: 3 0x80000294 (0x0283305b) c2060_rpc 0x800002b8 current mask:	ffffffff current npc:	8000028c stack size: 0
core   6: 0x80000294 (0x0283305b) setrpc  x0, x6, 40
core   6: 3 0x80000294 (0x0283305b) c2060_rpc 0x800002b8 current mask:	ffffffff current npc:	8000028c stack size: 0
core   7: 0x80000294 (0x0283305b) setrpc  x0, x6, 40
core   7: 3 0x80000294 (0x0283305b) c2060_rpc 0x800002b8 current mask:	ffffffff current npc:	8000028c stack size: 0
core   0: 0x80000298 (0x00009e5b) vbne    v0, v1, pc + 28
core   0: 3 0x80000298 (0x00009e5b) c8_vstart 0x00000000 e32 m1 l32 current mask:	ffffffff current npc:	8000029c stack size: 0
core   1: 0x80000298 (0x00009e5b) vbne    v0, v1, pc + 28
core   1: 3 0x80000298 (0x00009e5b) c8_vstart 0x00000000 e32 m1 l32 current mask:	ffffffff current npc:	8000029c stack size: 0
core   2: 0x80000298 (0x00009e5b) vbne    v0, v1, pc + 28
core   2: 3 0x80000298 (0x00009e5b) c8_vstart 0x00000000 e32 m1 l32 current mask:	ffffffff current npc:	8000029c stack size: 0
core   3: 0x80000298 (0x00009e5b) vbne    v0, v1, pc + 28
core   3: 3 0x80000298 (0x00009e5b) c8_vstart 0x00000000 e32 m1 l32 current mask:	ffffffff current npc:	8000029c stack size: 0
core   4: 0x80000298 (0x00009e5b) vbne    v0, v1, pc + 28
core   4: 3 0x80000298 (0x00009e5b) c8_vstart 0x00000000 e32 m1 l32 current mask:	ffffffff current npc:	8000029c stack size: 0
core   5: 0x80000298 (0x00009e5b) vbne    v0, v1, pc + 28
core   5: 3 0x80000298 (0x00009e5b) c8_vstart 0x00000000 e32 m1 l32 current mask:	ffffffff current npc:	8000029c stack size: 0
core   6: 0x80000298 (0x00009e5b) vbne    v0, v1, pc + 28
core   6: 3 0x80000298 (0x00009e5b) c8_vstart 0x00000000 e32 m1 l32 current mask:	ffffffff current npc:	8000029c stack size: 0
core   7: 0x80000298 (0x00009e5b) vbne    v0, v1, pc + 28
core   7: 3 0x80000298 (0x00009e5b) c8_vstart 0x00000000 e32 m1 l32 current mask:	ffffffff current npc:	8000029c stack size: 0
core   0: 0x8000029c (0x160000ef) jal     pc + 0x160
core   0: 3 0x8000029c (0x160000ef) x1  0x800002a0
core   1: 0x8000029c (0x160000ef) jal     pc + 0x160
core   1: 3 0x8000029c (0x160000ef) x1  0x800002a0
core   2: 0x8000029c (0x160000ef) jal     pc + 0x160
core   2: 3 0x8000029c (0x160000ef) x1  0x800002a0
core   3: 0x8000029c (0x160000ef) jal     pc + 0x160
core   3: 3 0x8000029c (0x160000ef) x1  0x800002a0
core   4: 0x8000029c (0x160000ef) jal     pc + 0x160
core   4: 3 0x8000029c (0x160000ef) x1  0x800002a0
core   5: 0x8000029c (0x160000ef) jal     pc + 0x160
core   5: 3 0x8000029c (0x160000ef) x1  0x800002a0
core   6: 0x8000029c (0x160000ef) jal     pc + 0x160
core   6: 3 0x8000029c (0x160000ef) x1  0x800002a0
core   7: 0x8000029c (0x160000ef) jal     pc + 0x160
core   7: 3 0x8000029c (0x160000ef) x1  0x800002a0
core   0: 0x800003fc (0x00410113) addi    x2, x2, 4
core   0: 3 0x800003fc (0x00410113) x2  0x70000014
core   1: 0x800003fc (0x00410113) addi    x2, x2, 4
core   1: 3 0x800003fc (0x00410113) x2  0x70000414
core   2: 0x800003fc (0x00410113) addi    x2, x2, 4
core   2: 3 0x800003fc (0x00410113) x2  0x70000814
core   3: 0x800003fc (0x00410113) addi    x2, x2, 4
core   3: 3 0x800003fc (0x00410113) x2  0x70000c14
core   4: 0x800003fc (0x00410113) addi    x2, x2, 4
core   4: 3 0x800003fc (0x00410113) x2  0x70001014
core   5: 0x800003fc (0x00410113) addi    x2, x2, 4
core   5: 3 0x800003fc (0x00410113) x2  0x70001414
core   6: 0x800003fc (0x00410113) addi    x2, x2, 4
core   6: 3 0x800003fc (0x00410113) x2  0x70001814
core   7: 0x800003fc (0x00410113) addi    x2, x2, 4
core   7: 3 0x800003fc (0x00410113) x2  0x70001c14
core   0: 0x80000400 (0x00112023) sw      x1, 0(x2)
core   0: 3 0x80000400 (0x00112023) mem 0x70000014 0x800002a0
core   1: 0x80000400 (0x00112023) sw      x1, 0(x2)
core   1: 3 0x80000400 (0x00112023) mem 0x70000414 0x800002a0
core   2: 0x80000400 (0x00112023) sw      x1, 0(x2)
core   2: 3 0x80000400 (0x00112023) mem 0x70000814 0x800002a0
core   3: 0x80000400 (0x00112023) sw      x1, 0(x2)
core   3: 3 0x80000400 (0x00112023) mem 0x70000c14 0x800002a0
core   4: 0x80000400 (0x00112023) sw      x1, 0(x2)
core   4: 3 0x80000400 (0x00112023) mem 0x70001014 0x800002a0
core   5: 0x80000400 (0x00112023) sw      x1, 0(x2)
core   5: 3 0x80000400 (0x00112023) mem 0x70001414 0x800002a0
core   6: 0x80000400 (0x00112023) sw      x1, 0(x2)
core   6: 3 0x80000400 (0x00112023) mem 0x70001814 0x800002a0
core   7: 0x80000400 (0x00112023) sw      x1, 0(x2)
core   7: 3 0x80000400 (0x00112023) mem 0x70001c14 0x800002a0
core   0: 0x80000404 (0xf71ff0ef) jal     pc - 0x90
core   0: 3 0x80000404 (0xf71ff0ef) x1  0x80000408
core   1: 0x80000404 (0xf71ff0ef) jal     pc - 0x90
core   1: 3 0x80000404 (0xf71ff0ef) x1  0x80000408
core   2: 0x80000404 (0xf71ff0ef) jal     pc - 0x90
core   2: 3 0x80000404 (0xf71ff0ef) x1  0x80000408
core   3: 0x80000404 (0xf71ff0ef) jal     pc - 0x90
core   3: 3 0x80000404 (0xf71ff0ef) x1  0x80000408
core   4: 0x80000404 (0xf71ff0ef) jal     pc - 0x90
core   4: 3 0x80000404 (0xf71ff0ef) x1  0x80000408
core   5: 0x80000404 (0xf71ff0ef) jal     pc - 0x90
core   5: 3 0x80000404 (0xf71ff0ef) x1  0x80000408
core   6: 0x80000404 (0xf71ff0ef) jal     pc - 0x90
core   6: 3 0x80000404 (0xf71ff0ef) x1  0x80000408
core   7: 0x80000404 (0xf71ff0ef) jal     pc - 0x90
core   7: 3 0x80000404 (0xf71ff0ef) x1  0x80000408
core   0: 0x80000374 (0x80302573) csrr    x10, knl
core   0: 3 0x80000374 (0x80302573) x10 0x90c1f000
core   1: 0x80000374 (0x80302573) csrr    x10, knl
core   1: 3 0x80000374 (0x80302573) x10 0x90c1f000
core   2: 0x80000374 (0x80302573) csrr    x10, knl
core   2: 3 0x80000374 (0x80302573) x10 0x90c1f000
core   3: 0x80000374 (0x80302573) csrr    x10, knl
core   3: 3 0x80000374 (0x80302573) x10 0x90c1f000
core   4: 0x80000374 (0x80302573) csrr    x10, knl
core   4: 3 0x80000374 (0x80302573) x10 0x90c1f000
core   5: 0x80000374 (0x80302573) csrr    x10, knl
core   5: 3 0x80000374 (0x80302573) x10 0x90c1f000
core   6: 0x80000374 (0x80302573) csrr    x10, knl
core   6: 3 0x80000374 (0x80302573) x10 0x90c1f000
core   7: 0x80000374 (0x80302573) csrr    x10, knl
core   7: 3 0x80000374 (0x80302573) x10 0x90c1f000
core   0: 0x80000378 (0x00852283) lw      x5, 8(x10)
core   0: 3 0x80000378 (0x00852283) x5  0x00000002 mem 0x90c1f008
core   1: 0x80000378 (0x00852283) lw      x5, 8(x10)
core   1: 3 0x80000378 (0x00852283) x5  0x00000002 mem 0x90c1f008
core   2: 0x80000378 (0x00852283) lw      x5, 8(x10)
core   2: 3 0x80000378 (0x00852283) x5  0x00000002 mem 0x90c1f008
core   3: 0x80000378 (0x00852283) lw      x5, 8(x10)
core   3: 3 0x80000378 (0x00852283) x5  0x00000002 mem 0x90c1f008
core   4: 0x80000378 (0x00852283) lw      x5, 8(x10)
core   4: 3 0x80000378 (0x00852283) x5  0x00000002 mem 0x90c1f008
core   5: 0x80000378 (0x00852283) lw      x5, 8(x10)
core   5: 3 0x80000378 (0x00852283) x5  0x00000002 mem 0x90c1f008
core   6: 0x80000378 (0x00852283) lw      x5, 8(x10)
core   6: 3 0x80000378 (0x00852283) x5  0x00000002 mem 0x90c1f008
core   7: 0x80000378 (0x00852283) lw      x5, 8(x10)
core   7: 3 0x80000378 (0x00852283) x5  0x00000002 mem 0x90c1f008
core   0: 0x8000037c (0x80002373) csrr    x6, tid
core   0: 3 0x8000037c (0x80002373) x6  0x00000000
core   1: 0x8000037c (0x80002373) csrr    x6, tid
core   1: 3 0x8000037c (0x80002373) x6  0x00000020
core   2: 0x8000037c (0x80002373) csrr    x6, tid
core   2: 3 0x8000037c (0x80002373) x6  0x00000040
core   3: 0x8000037c (0x80002373) csrr    x6, tid
core   3: 3 0x8000037c (0x80002373) x6  0x00000060
core   4: 0x8000037c (0x80002373) csrr    x6, tid
core   4: 3 0x8000037c (0x80002373) x6  0x00000080
core   5: 0x8000037c (0x80002373) csrr    x6, tid
core   5: 3 0x8000037c (0x80002373) x6  0x000000a0
core   6: 0x8000037c (0x80002373) csrr    x6, tid
core   6: 3 0x8000037c (0x80002373) x6  0x000000c0
core   7: 0x8000037c (0x80002373) csrr    x6, tid
core   7: 3 0x8000037c (0x80002373) x6  0x000000e0
core   0: 0x80000380 (0x5208a157) vid.v   v2
core   0: 3 0x80000380 (0x5208a157) c8_vstart 0x00000000 e32 m1 l32 v2  ffffffff 0x0000001f 0000001e 0000001d 0000001c 0000001b 0000001a 00000019 00000018 00000017 00000016 00000015 00000014 00000013 00000012 00000011 00000010 0000000f 0000000e 0000000d 0000000c 0000000b 0000000a 00000009 00000008 00000007 00000006 00000005 00000004 00000003 00000002 00000001 00000000 
core   1: 0x80000380 (0x5208a157) vid.v   v2
core   1: 3 0x80000380 (0x5208a157) c8_vstart 0x00000000 e32 m1 l32 v2  ffffffff 0x0000001f 0000001e 0000001d 0000001c 0000001b 0000001a 00000019 00000018 00000017 00000016 00000015 00000014 00000013 00000012 00000011 00000010 0000000f 0000000e 0000000d 0000000c 0000000b 0000000a 00000009 00000008 00000007 00000006 00000005 00000004 00000003 00000002 00000001 00000000 
core   2: 0x80000380 (0x5208a157) vid.v   v2
core   2: 3 0x80000380 (0x5208a157) c8_vstart 0x00000000 e32 m1 l32 v2  ffffffff 0x0000001f 0000001e 0000001d 0000001c 0000001b 0000001a 00000019 00000018 00000017 00000016 00000015 00000014 00000013 00000012 00000011 00000010 0000000f 0000000e 0000000d 0000000c 0000000b 0000000a 00000009 00000008 00000007 00000006 00000005 00000004 00000003 00000002 00000001 00000000 
core   3: 0x80000380 (0x5208a157) vid.v   v2
core   3: 3 0x80000380 (0x5208a157) c8_vstart 0x00000000 e32 m1 l32 v2  ffffffff 0x0000001f 0000001e 0000001d 0000001c 0000001b 0000001a 00000019 00000018 00000017 00000016 00000015 00000014 00000013 00000012 00000011 00000010 0000000f 0000000e 0000000d 0000000c 0000000b 0000000a 00000009 00000008 00000007 00000006 00000005 00000004 00000003 00000002 00000001 00000000 
core   4: 0x80000380 (0x5208a157) vid.v   v2
core   4: 3 0x80000380 (0x5208a157) c8_vstart 0x00000000 e32 m1 l32 v2  ffffffff 0x0000001f 0000001e 0000001d 0000001c 0000001b 0000001a 00000019 00000018 00000017 00000016 00000015 00000014 00000013 00000012 00000011 00000010 0000000f 0000000e 0000000d 0000000c 0000000b 0000000a 00000009 00000008 00000007 00000006 00000005 00000004 00000003 00000002 00000001 00000000 
core   5: 0x80000380 (0x5208a157) vid.v   v2
core   5: 3 0x80000380 (0x5208a157) c8_vstart 0x00000000 e32 m1 l32 v2  ffffffff 0x0000001f 0000001e 0000001d 0000001c 0000001b 0000001a 00000019 00000018 00000017 00000016 00000015 00000014 00000013 00000012 00000011 00000010 0000000f 0000000e 0000000d 0000000c 0000000b 0000000a 00000009 00000008 00000007 00000006 00000005 00000004 00000003 00000002 00000001 00000000 
core   6: 0x80000380 (0x5208a157) vid.v   v2
core   6: 3 0x80000380 (0x5208a157) c8_vstart 0x00000000 e32 m1 l32 v2  ffffffff 0x0000001f 0000001e 0000001d 0000001c 0000001b 0000001a 00000019 00000018 00000017 00000016 00000015 00000014 00000013 00000012 00000011 00000010 0000000f 0000000e 0000000d 0000000c 0000000b 0000000a 00000009 00000008 00000007 00000006 00000005 00000004 00000003 00000002 00000001 00000000 
core   7: 0x80000380 (0x5208a157) vid.v   v2
core   7: 3 0x80000380 (0x5208a157) c8_vstart 0x00000000 e32 m1 l32 v2  ffffffff 0x0000001f 0000001e 0000001d 0000001c 0000001b 0000001a 00000019 00000018 00000017 00000016 00000015 00000014 00000013 00000012 00000011 00000010 0000000f 0000000e 0000000d 0000000c 0000000b 0000000a 00000009 00000008 00000007 00000006 00000005 00000004 00000003 00000002 00000001 00000000 
core   0: 0x80000384 (0x02234057) vadd.vx v0, v2, x6
core   0: 3 0x80000384 (0x02234057) c8_vstart 0x00000000 e32 m1 l32 v0  ffffffff 0x0000001f 0000001e 0000001d 0000001c 0000001b 0000001a 00000019 00000018 00000017 00000016 00000015 00000014 00000013 00000012 00000011 00000010 0000000f 0000000e 0000000d 0000000c 0000000b 0000000a 00000009 00000008 00000007 00000006 00000005 00000004 00000003 00000002 00000001 00000000 
core   1: 0x80000384 (0x02234057) vadd.vx v0, v2, x6
core   1: 3 0x80000384 (0x02234057) c8_vstart 0x00000000 e32 m1 l32 v0  ffffffff 0x0000003f 0000003e 0000003d 0000003c 0000003b 0000003a 00000039 00000038 00000037 00000036 00000035 00000034 00000033 00000032 00000031 00000030 0000002f 0000002e 0000002d 0000002c 0000002b 0000002a 00000029 00000028 00000027 00000026 00000025 00000024 00000023 00000022 00000021 00000020 
core   2: 0x80000384 (0x02234057) vadd.vx v0, v2, x6
core   2: 3 0x80000384 (0x02234057) c8_vstart 0x00000000 e32 m1 l32 v0  ffffffff 0x0000005f 0000005e 0000005d 0000005c 0000005b 0000005a 00000059 00000058 00000057 00000056 00000055 00000054 00000053 00000052 00000051 00000050 0000004f 0000004e 0000004d 0000004c 0000004b 0000004a 00000049 00000048 00000047 00000046 00000045 00000044 00000043 00000042 00000041 00000040 
core   3: 0x80000384 (0x02234057) vadd.vx v0, v2, x6
core   3: 3 0x80000384 (0x02234057) c8_vstart 0x00000000 e32 m1 l32 v0  ffffffff 0x0000007f 0000007e 0000007d 0000007c 0000007b 0000007a 00000079 00000078 00000077 00000076 00000075 00000074 00000073 00000072 00000071 00000070 0000006f 0000006e 0000006d 0000006c 0000006b 0000006a 00000069 00000068 00000067 00000066 00000065 00000064 00000063 00000062 00000061 00000060 
core   4: 0x80000384 (0x02234057) vadd.vx v0, v2, x6
core   4: 3 0x80000384 (0x02234057) c8_vstart 0x00000000 e32 m1 l32 v0  ffffffff 0x0000009f 0000009e 0000009d 0000009c 0000009b 0000009a 00000099 00000098 00000097 00000096 00000095 00000094 00000093 00000092 00000091 00000090 0000008f 0000008e 0000008d 0000008c 0000008b 0000008a 00000089 00000088 00000087 00000086 00000085 00000084 00000083 00000082 00000081 00000080 
core   5: 0x80000384 (0x02234057) vadd.vx v0, v2, x6
core   5: 3 0x80000384 (0x02234057) c8_vstart 0x00000000 e32 m1 l32 v0  ffffffff 0x000000bf 000000be 000000bd 000000bc 000000bb 000000ba 000000b9 000000b8 000000b7 000000b6 000000b5 000000b4 000000b3 000000b2 000000b1 000000b0 000000af 000000ae 000000ad 000000ac 000000ab 000000aa 000000a9 000000a8 000000a7 000000a6 000000a5 000000a4 000000a3 000000a2 000000a1 000000a0 
core   6: 0x80000384 (0x02234057) vadd.vx v0, v2, x6
core   6: 3 0x80000384 (0x02234057) c8_vstart 0x00000000 e32 m1 l32 v0  ffffffff 0x000000df 000000de 000000dd 000000dc 000000db 000000da 000000d9 000000d8 000000d7 000000d6 000000d5 000000d4 000000d3 000000d2 000000d1 000000d0 000000cf 000000ce 000000cd 000000cc 000000cb 000000ca 000000c9 000000c8 000000c7 000000c6 000000c5 000000c4 000000c3 000000c2 000000c1 000000c0 
core   7: 0x80000384 (0x02234057) vadd.vx v0, v2, x6
core   7: 3 0x80000384 (0x02234057) c8_vstart 0x00000000 e32 m1 l32 v0  ffffffff 0x000000ff 000000fe 000000fd 000000fc 000000fb 000000fa 000000f9 000000f8 000000f7 000000f6 000000f5 000000f4 000000f3 000000f2 000000f1 000000f0 000000ef 000000ee 000000ed 000000ec 000000eb 000000ea 000000e9 000000e8 000000e7 000000e6 000000e5 000000e4 000000e3 000000e2 000000e1 000000e0 
core   0: 0x80000388 (0x00100393) li      x7, 1
core   0: 3 0x80000388 (0x00100393) x7  0x00000001
core   1: 0x80000388 (0x00100393) li      x7, 1
core   1: 3 0x80000388 (0x00100393) x7  0x00000001
core   2: 0x80000388 (0x00100393) li      x7, 1
core   2: 3 0x80000388 (0x00100393) x7  0x00000001
core   3: 0x80000388 (0x00100393) li      x7, 1
core   3: 3 0x80000388 (0x00100393) x7  0x00000001
core   4: 0x80000388 (0x00100393) li      x7, 1
core   4: 3 0x80000388 (0x00100393) x7  0x00000001
core   5: 0x80000388 (0x00100393) li      x7, 1
core   5: 3 0x80000388 (0x00100393) x7  0x00000001
core   6: 0x80000388 (0x00100393) li      x7, 1
core   6: 3 0x80000388 (0x00100393) x7  0x00000001
core   7: 0x80000388 (0x00100393) li      x7, 1
core   7: 3 0x80000388 (0x00100393) x7  0x00000001
core   0: 0x8000038c (0x00728663) beq     x5, x7, pc + 12
core   0: 3 0x8000038c (0x00728663)
core   1: 0x8000038c (0x00728663) beq     x5, x7, pc + 12
core   1: 3 0x8000038c (0x00728663)
core   2: 0x8000038c (0x00728663) beq     x5, x7, pc + 12
core   2: 3 0x8000038c (0x00728663)
core   3: 0x8000038c (0x00728663) beq     x5, x7, pc + 12
core   3: 3 0x8000038c (0x00728663)
core   4: 0x8000038c (0x00728663) beq     x5, x7, pc + 12
core   4: 3 0x8000038c (0x00728663)
core   5: 0x8000038c (0x00728663) beq     x5, x7, pc + 12
core   5: 3 0x8000038c (0x00728663)
core   6: 0x8000038c (0x00728663) beq     x5, x7, pc + 12
core   6: 3 0x8000038c (0x00728663)
core   7: 0x8000038c (0x00728663) beq     x5, x7, pc + 12
core   7: 3 0x8000038c (0x00728663)
core   0: 0x80000390 (0x01852e03) lw      x28, 24(x10)
core   0: 3 0x80000390 (0x01852e03) x28 0x00000100 mem 0x90c1f018
core   1: 0x80000390 (0x01852e03) lw      x28, 24(x10)
core   1: 3 0x80000390 (0x01852e03) x28 0x00000100 mem 0x90c1f018
core   2: 0x80000390 (0x01852e03) lw      x28, 24(x10)
core   2: 3 0x80000390 (0x01852e03) x28 0x00000100 mem 0x90c1f018
core   3: 0x80000390 (0x01852e03) lw      x28, 24(x10)
core   3: 3 0x80000390 (0x01852e03) x28 0x00000100 mem 0x90c1f018
core   4: 0x80000390 (0x01852e03) lw      x28, 24(x10)
core   4: 3 0x80000390 (0x01852e03) x28 0x00000100 mem 0x90c1f018
core   5: 0x80000390 (0x01852e03) lw      x28, 24(x10)
core   5: 3 0x80000390 (0x01852e03) x28 0x00000100 mem 0x90c1f018
core   6: 0x80000390 (0x01852e03) lw      x28, 24(x10)
core   6: 3 0x80000390 (0x01852e03) x28 0x00000100 mem 0x90c1f018
core   7: 0x80000390 (0x01852e03) lw      x28, 24(x10)
core   7: 3 0x80000390 (0x01852e03) x28 0x00000100 mem 0x90c1f018
core   0: 0x80000394 (0x8a0e6057) vremu.vx v0, v0, x28
core   0: 3 0x80000394 (0x8a0e6057) c8_vstart 0x00000000 e32 m1 l32 v0  ffffffff 0x0000001f 0000001e 0000001d 0000001c 0000001b 0000001a 00000019 00000018 00000017 00000016 00000015 00000014 00000013 00000012 00000011 00000010 0000000f 0000000e 0000000d 0000000c 0000000b 0000000a 00000009 00000008 00000007 00000006 00000005 00000004 00000003 00000002 00000001 00000000 
core   1: 0x80000394 (0x8a0e6057) vremu.vx v0, v0, x28
core   1: 3 0x80000394 (0x8a0e6057) c8_vstart 0x00000000 e32 m1 l32 v0  ffffffff 0x0000003f 0000003e 0000003d 0000003c 0000003b 0000003a 00000039 00000038 00000037 00000036 00000035 00000034 00000033 00000032 00000031 00000030 0000002f 0000002e 0000002d 0000002c 0000002b 0000002a 00000029 00000028 00000027 00000026 00000025 00000024 00000023 00000022 00000021 00000020 
core   2: 0x80000394 (0x8a0e6057) vremu.vx v0, v0, x28
core   2: 3 0x80000394 (0x8a0e6057) c8_vstart 0x00000000 e32 m1 l32 v0  ffffffff 0x0000005f 0000005e 0000005d 0000005c 0000005b 0000005a 00000059 00000058 00000057 00000056 00000055 00000054 00000053 00000052 00000051 00000050 0000004f 0000004e 0000004d 0000004c 0000004b 0000004a 00000049 00000048 00000047 00000046 00000045 00000044 00000043 00000042 00000041 00000040 
core   3: 0x80000394 (0x8a0e6057) vremu.vx v0, v0, x28
core   3: 3 0x80000394 (0x8a0e6057) c8_vstart 0x00000000 e32 m1 l32 v0  ffffffff 0x0000007f 0000007e 0000007d 0000007c 0000007b 0000007a 00000079 00000078 00000077 00000076 00000075 00000074 00000073 00000072 00000071 00000070 0000006f 0000006e 0000006d 0000006c 0000006b 0000006a 00000069 00000068 00000067 00000066 00000065 00000064 00000063 00000062 00000061 00000060 
core   4: 0x80000394 (0x8a0e6057) vremu.vx v0, v0, x28
core   4: 3 0x80000394 (0x8a0e6057) c8_vstart 0x00000000 e32 m1 l32 v0  ffffffff 0x0000009f 0000009e 0000009d 0000009c 0000009b 0000009a 00000099 00000098 00000097 00000096 00000095 00000094 00000093 00000092 00000091 00000090 0000008f 0000008e 0000008d 0000008c 0000008b 0000008a 00000089 00000088 00000087 00000086 00000085 00000084 00000083 00000082 00000081 00000080 
core   5: 0x80000394 (0x8a0e6057) vremu.vx v0, v0, x28
core   5: 3 0x80000394 (0x8a0e6057) c8_vstart 0x00000000 e32 m1 l32 v0  ffffffff 0x000000bf 000000be 000000bd 000000bc 000000bb 000000ba 000000b9 000000b8 000000b7 000000b6 000000b5 000000b4 000000b3 000000b2 000000b1 000000b0 000000af 000000ae 000000ad 000000ac 000000ab 000000aa 000000a9 000000a8 000000a7 000000a6 000000a5 000000a4 000000a3 000000a2 000000a1 000000a0 
core   6: 0x80000394 (0x8a0e6057) vremu.vx v0, v0, x28
core   6: 3 0x80000394 (0x8a0e6057) c8_vstart 0x00000000 e32 m1 l32 v0  ffffffff 0x000000df 000000de 000000dd 000000dc 000000db 000000da 000000d9 000000d8 000000d7 000000d6 000000d5 000000d4 000000d3 000000d2 000000d1 000000d0 000000cf 000000ce 000000cd 000000cc 000000cb 000000ca 000000c9 000000c8 000000c7 000000c6 000000c5 000000c4 000000c3 000000c2 000000c1 000000c0 
core   7: 0x80000394 (0x8a0e6057) vremu.vx v0, v0, x28
core   7: 3 0x80000394 (0x8a0e6057) c8_vstart 0x00000000 e32 m1 l32 v0  ffffffff 0x000000ff 000000fe 000000fd 000000fc 000000fb 000000fa 000000f9 000000f8 000000f7 000000f6 000000f5 000000f4 000000f3 000000f2 000000f1 000000f0 000000ef 000000ee 000000ed 000000ec 000000eb 000000ea 000000e9 000000e8 000000e7 000000e6 000000e5 000000e4 000000e3 000000e2 000000e1 000000e0 
core   0: 0x80000398 (0x00008067) ret
core   0: 3 0x80000398 (0x00008067)
core   1: 0x80000398 (0x00008067) ret
core   1: 3 0x80000398 (0x00008067)
core   2: 0x80000398 (0x00008067) ret
core   2: 3 0x80000398 (0x00008067)
core   3: 0x80000398 (0x00008067) ret
core   3: 3 0x80000398 (0x00008067)
core   4: 0x80000398 (0x00008067) ret
core   4: 3 0x80000398 (0x00008067)
core   5: 0x80000398 (0x00008067) ret
core   5: 3 0x80000398 (0x00008067)
core   6: 0x80000398 (0x00008067) ret
core   6: 3 0x80000398 (0x00008067)
core   7: 0x80000398 (0x00008067) ret
core   7: 3 0x80000398 (0x00008067)
core   0: 0x80000408 (0x80302573) csrr    x10, knl
core   0: 3 0x80000408 (0x80302573) x10 0x90c1f000
core   1: 0x80000408 (0x80302573) csrr    x10, knl
core   1: 3 0x80000408 (0x80302573) x10 0x90c1f000
core   2: 0x80000408 (0x80302573) csrr    x10, knl
core   2: 3 0x80000408 (0x80302573) x10 0x90c1f000
core   3: 0x80000408 (0x80302573) csrr    x10, knl
core   3: 3 0x80000408 (0x80302573) x10 0x90c1f000
core   4: 0x80000408 (0x80302573) csrr    x10, knl
core   4: 3 0x80000408 (0x80302573) x10 0x90c1f000
core   5: 0x80000408 (0x80302573) csrr    x10, knl
core   5: 3 0x80000408 (0x80302573) x10 0x90c1f000
core   6: 0x80000408 (0x80302573) csrr    x10, knl
core   6: 3 0x80000408 (0x80302573) x10 0x90c1f000
core   7: 0x80000408 (0x80302573) csrr    x10, knl
core   7: 3 0x80000408 (0x80302573) x10 0x90c1f000
core   0: 0x8000040c (0x80802373) csrr    x6, gidx
core   0: 3 0x8000040c (0x80802373) x6  0x00000000
core   1: 0x8000040c (0x80802373) csrr    x6, gidx
core   1: 3 0x8000040c (0x80802373) x6  0x00000000
core   2: 0x8000040c (0x80802373) csrr    x6, gidx
core   2: 3 0x8000040c (0x80802373) x6  0x00000000
core   3: 0x8000040c (0x80802373) csrr    x6, gidx
core   3: 3 0x8000040c (0x80802373) x6  0x00000000
core   4: 0x8000040c (0x80802373) csrr    x6, gidx
core   4: 3 0x8000040c (0x80802373) x6  0x00000000
core   5: 0x8000040c (0x80802373) csrr    x6, gidx
core   5: 3 0x8000040c (0x80802373) x6  0x00000000
core   6: 0x8000040c (0x80802373) csrr    x6, gidx
core   6: 3 0x8000040c (0x80802373) x6  0x00000000
core   7: 0x8000040c (0x80802373) csrr    x6, gidx
core   7: 3 0x8000040c (0x80802373) x6  0x00000000
core   0: 0x80000410 (0x01852e03) lw      x28, 24(x10)
core   0: 3 0x80000410 (0x01852e03) x28 0x00000100 mem 0x90c1f018
core   1: 0x80000410 (0x01852e03) lw      x28, 24(x10)
core   1: 3 0x80000410 (0x01852e03) x28 0x00000100 mem 0x90c1f018
core   2: 0x80000410 (0x01852e03) lw      x28, 24(x10)
core   2: 3 0x80000410 (0x01852e03) x28 0x00000100 mem 0x90c1f018
core   3: 0x80000410 (0x01852e03) lw      x28, 24(x10)
core   3: 3 0x80000410 (0x01852e03) x28 0x00000100 mem 0x90c1f018
core   4: 0x80000410 (0x01852e03) lw      x28, 24(x10)
core   4: 3 0x80000410 (0x01852e03) x28 0x00000100 mem 0x90c1f018
core   5: 0x80000410 (0x01852e03) lw      x28, 24(x10)
core   5: 3 0x80000410 (0x01852e03) x28 0x00000100 mem 0x90c1f018
core   6: 0x80000410 (0x01852e03) lw      x28, 24(x10)
core   6: 3 0x80000410 (0x01852e03) x28 0x00000100 mem 0x90c1f018
core   7: 0x80000410 (0x01852e03) lw      x28, 24(x10)
core   7: 3 0x80000410 (0x01852e03) x28 0x00000100 mem 0x90c1f018
core   0: 0x80000414 (0x03c30fb3) mul     x31, x6, x28
core   0: 3 0x80000414 (0x03c30fb3) x31 0x00000000
core   1: 0x80000414 (0x03c30fb3) mul     x31, x6, x28
core   1: 3 0x80000414 (0x03c30fb3) x31 0x00000000
core   2: 0x80000414 (0x03c30fb3) mul     x31, x6, x28
core   2: 3 0x80000414 (0x03c30fb3) x31 0x00000000
core   3: 0x80000414 (0x03c30fb3) mul     x31, x6, x28
core   3: 3 0x80000414 (0x03c30fb3) x31 0x00000000
core   4: 0x80000414 (0x03c30fb3) mul     x31, x6, x28
core   4: 3 0x80000414 (0x03c30fb3) x31 0x00000000
core   5: 0x80000414 (0x03c30fb3) mul     x31, x6, x28
core   5: 3 0x80000414 (0x03c30fb3) x31 0x00000000
core   6: 0x80000414 (0x03c30fb3) mul     x31, x6, x28
core   6: 3 0x80000414 (0x03c30fb3) x31 0x00000000
core   7: 0x80000414 (0x03c30fb3) mul     x31, x6, x28
core   7: 3 0x80000414 (0x03c30fb3) x31 0x00000000
core   0: 0x80000418 (0x020fc057) vadd.vx v0, v0, x31
core   0: 3 0x80000418 (0x020fc057) c8_vstart 0x00000000 e32 m1 l32 v0  ffffffff 0x0000001f 0000001e 0000001d 0000001c 0000001b 0000001a 00000019 00000018 00000017 00000016 00000015 00000014 00000013 00000012 00000011 00000010 0000000f 0000000e 0000000d 0000000c 0000000b 0000000a 00000009 00000008 00000007 00000006 00000005 00000004 00000003 00000002 00000001 00000000 
core   1: 0x80000418 (0x020fc057) vadd.vx v0, v0, x31
core   1: 3 0x80000418 (0x020fc057) c8_vstart 0x00000000 e32 m1 l32 v0  ffffffff 0x0000003f 0000003e 0000003d 0000003c 0000003b 0000003a 00000039 00000038 00000037 00000036 00000035 00000034 00000033 00000032 00000031 00000030 0000002f 0000002e 0000002d 0000002c 0000002b 0000002a 00000029 00000028 00000027 00000026 00000025 00000024 00000023 00000022 00000021 00000020 
core   2: 0x80000418 (0x020fc057) vadd.vx v0, v0, x31
core   2: 3 0x80000418 (0x020fc057) c8_vstart 0x00000000 e32 m1 l32 v0  ffffffff 0x0000005f 0000005e 0000005d 0000005c 0000005b 0000005a 00000059 00000058 00000057 00000056 00000055 00000054 00000053 00000052 00000051 00000050 0000004f 0000004e 0000004d 0000004c 0000004b 0000004a 00000049 00000048 00000047 00000046 00000045 00000044 00000043 00000042 00000041 00000040 
core   3: 0x80000418 (0x020fc057) vadd.vx v0, v0, x31
core   3: 3 0x80000418 (0x020fc057) c8_vstart 0x00000000 e32 m1 l32 v0  ffffffff 0x0000007f 0000007e 0000007d 0000007c 0000007b 0000007a 00000079 00000078 00000077 00000076 00000075 00000074 00000073 00000072 00000071 00000070 0000006f 0000006e 0000006d 0000006c 0000006b 0000006a 00000069 00000068 00000067 00000066 00000065 00000064 00000063 00000062 00000061 00000060 
core   4: 0x80000418 (0x020fc057) vadd.vx v0, v0, x31
core   4: 3 0x80000418 (0x020fc057) c8_vstart 0x00000000 e32 m1 l32 v0  ffffffff 0x0000009f 0000009e 0000009d 0000009c 0000009b 0000009a 00000099 00000098 00000097 00000096 00000095 00000094 00000093 00000092 00000091 00000090 0000008f 0000008e 0000008d 0000008c 0000008b 0000008a 00000089 00000088 00000087 00000086 00000085 00000084 00000083 00000082 00000081 00000080 
core   5: 0x80000418 (0x020fc057) vadd.vx v0, v0, x31
core   5: 3 0x80000418 (0x020fc057) c8_vstart 0x00000000 e32 m1 l32 v0  ffffffff 0x000000bf 000000be 000000bd 000000bc 000000bb 000000ba 000000b9 000000b8 000000b7 000000b6 000000b5 000000b4 000000b3 000000b2 000000b1 000000b0 000000af 000000ae 000000ad 000000ac 000000ab 000000aa 000000a9 000000a8 000000a7 000000a6 000000a5 000000a4 000000a3 000000a2 000000a1 000000a0 
core   6: 0x80000418 (0x020fc057) vadd.vx v0, v0, x31
core   6: 3 0x80000418 (0x020fc057) c8_vstart 0x00000000 e32 m1 l32 v0  ffffffff 0x000000df 000000de 000000dd 000000dc 000000db 000000da 000000d9 000000d8 000000d7 000000d6 000000d5 000000d4 000000d3 000000d2 000000d1 000000d0 000000cf 000000ce 000000cd 000000cc 000000cb 000000ca 000000c9 000000c8 000000c7 000000c6 000000c5 000000c4 000000c3 000000c2 000000c1 000000c0 
core   7: 0x80000418 (0x020fc057) vadd.vx v0, v0, x31
core   7: 3 0x80000418 (0x020fc057) c8_vstart 0x00000000 e32 m1 l32 v0  ffffffff 0x000000ff 000000fe 000000fd 000000fc 000000fb 000000fa 000000f9 000000f8 000000f7 000000f6 000000f5 000000f4 000000f3 000000f2 000000f1 000000f0 000000ef 000000ee 000000ed 000000ec 000000eb 000000ea 000000e9 000000e8 000000e7 000000e6 000000e5 000000e4 000000e3 000000e2 000000e1 000000e0 
core   0: 0x8000041c (0x00012083) lw      x1, 0(x2)
core   0: 3 0x8000041c (0x00012083) x1  0x800002a0 mem 0x70000014
core   1: 0x8000041c (0x00012083) lw      x1, 0(x2)
core   1: 3 0x8000041c (0x00012083) x1  0x800002a0 mem 0x70000414
core   2: 0x8000041c (0x00012083) lw      x1, 0(x2)
core   2: 3 0x8000041c (0x00012083) x1  0x800002a0 mem 0x70000814
core   3: 0x8000041c (0x00012083) lw      x1, 0(x2)
core   3: 3 0x8000041c (0x00012083) x1  0x800002a0 mem 0x70000c14
core   4: 0x8000041c (0x00012083) lw      x1, 0(x2)
core   4: 3 0x8000041c (0x00012083) x1  0x800002a0 mem 0x70001014
core   5: 0x8000041c (0x00012083) lw      x1, 0(x2)
core   5: 3 0x8000041c (0x00012083) x1  0x800002a0 mem 0x70001414
core   6: 0x8000041c (0x00012083) lw      x1, 0(x2)
core   6: 3 0x8000041c (0x00012083) x1  0x800002a0 mem 0x70001814
core   7: 0x8000041c (0x00012083) lw      x1, 0(x2)
core   7: 3 0x8000041c (0x00012083) x1  0x800002a0 mem 0x70001c14
core   0: 0x80000420 (0xffc10113) addi    x2, x2, -4
core   0: 3 0x80000420 (0xffc10113) x2  0x70000010
core   1: 0x80000420 (0xffc10113) addi    x2, x2, -4
core   1: 3 0x80000420 (0xffc10113) x2  0x70000410
core   2: 0x80000420 (0xffc10113) addi    x2, x2, -4
core   2: 3 0x80000420 (0xffc10113) x2  0x70000810
core   3: 0x80000420 (0xffc10113) addi    x2, x2, -4
core   3: 3 0x80000420 (0xffc10113) x2  0x70000c10
core   4: 0x80000420 (0xffc10113) addi    x2, x2, -4
core   4: 3 0x80000420 (0xffc10113) x2  0x70001010
core   5: 0x80000420 (0xffc10113) addi    x2, x2, -4
core   5: 3 0x80000420 (0xffc10113) x2  0x70001410
core   6: 0x80000420 (0xffc10113) addi    x2, x2, -4
core   6: 3 0x80000420 (0xffc10113) x2  0x70001810
core   7: 0x80000420 (0xffc10113) addi    x2, x2, -4
core   7: 3 0x80000420 (0xffc10113) x2  0x70001c10
core   0: 0x80000424 (0x00008067) ret
core   0: 3 0x80000424 (0x00008067)
core   1: 0x80000424 (0x00008067) ret
core   1: 3 0x80000424 (0x00008067)
core   2: 0x80000424 (0x00008067) ret
core   2: 3 0x80000424 (0x00008067)
core   3: 0x80000424 (0x00008067) ret
core   3: 3 0x80000424 (0x00008067)
core   4: 0x80000424 (0x00008067) ret
core   4: 3 0x80000424 (0x00008067)
core   5: 0x80000424 (0x00008067) ret
core   5: 3 0x80000424 (0x00008067)
core   6: 0x80000424 (0x00008067) ret
core   6: 3 0x80000424 (0x00008067)
core   7: 0x80000424 (0x00008067) ret
core   7: 3 0x80000424 (0x00008067)
core   0: 0x800002a0 (0x0180006f) j       pc + 0x18
core   0: 3 0x800002a0 (0x0180006f)
core   1: 0x800002a0 (0x0180006f) j       pc + 0x18
core   1: 3 0x800002a0 (0x0180006f)
core   2: 0x800002a0 (0x0180006f) j       pc + 0x18
core   2: 3 0x800002a0 (0x0180006f)
core   3: 0x800002a0 (0x0180006f) j       pc + 0x18
core   3: 3 0x800002a0 (0x0180006f)
core   4: 0x800002a0 (0x0180006f) j       pc + 0x18
core   4: 3 0x800002a0 (0x0180006f)
core   5: 0x800002a0 (0x0180006f) j       pc + 0x18
core   5: 3 0x800002a0 (0x0180006f)
core   6: 0x800002a0 (0x0180006f) j       pc + 0x18
core   6: 3 0x800002a0 (0x0180006f)
core   7: 0x800002a0 (0x0180006f) j       pc + 0x18
core   7: 3 0x800002a0 (0x0180006f)
core   0: 0x800002b8 (0x0000205b) join    v0, v0, pc + 0
core   0: 3 0x800002b8 (0x0000205b) current mask:	ffffffff current npc:	8000029c stack size: 0
core   1: 0x800002b8 (0x0000205b) join    v0, v0, pc + 0
core   1: 3 0x800002b8 (0x0000205b) current mask:	ffffffff current npc:	8000029c stack size: 0
core   2: 0x800002b8 (0x0000205b) join    v0, v0, pc + 0
core   2: 3 0x800002b8 (0x0000205b) current mask:	ffffffff current npc:	8000029c stack size: 0
core   3: 0x800002b8 (0x0000205b) join    v0, v0, pc + 0
core   3: 3 0x800002b8 (0x0000205b) current mask:	ffffffff current npc:	8000029c stack size: 0
core   4: 0x800002b8 (0x0000205b) join    v0, v0, pc + 0
core   4: 3 0x800002b8 (0x0000205b) current mask:	ffffffff current npc:	8000029c stack size: 0
core   5: 0x800002b8 (0x0000205b) join    v0, v0, pc + 0
core   5: 3 0x800002b8 (0x0000205b) current mask:	ffffffff current npc:	8000029c stack size: 0
core   6: 0x800002b8 (0x0000205b) join    v0, v0, pc + 0
core   6: 3 0x800002b8 (0x0000205b) current mask:	ffffffff current npc:	8000029c stack size: 0
core   7: 0x800002b8 (0x0000205b) join    v0, v0, pc + 0
core   7: 3 0x800002b8 (0x0000205b) current mask:	ffffffff current npc:	8000029c stack size: 0
core   0: 0x800002bc (0x00012083) lw      x1, 0(x2)
core   0: 3 0x800002bc (0x00012083) x1  0x800001e4 mem 0x70000010
core   1: 0x800002bc (0x00012083) lw      x1, 0(x2)
core   1: 3 0x800002bc (0x00012083) x1  0x800001e4 mem 0x70000410
core   2: 0x800002bc (0x00012083) lw      x1, 0(x2)
core   2: 3 0x800002bc (0x00012083) x1  0x800001e4 mem 0x70000810
core   3: 0x800002bc (0x00012083) lw      x1, 0(x2)
core   3: 3 0x800002bc (0x00012083) x1  0x800001e4 mem 0x70000c10
core   4: 0x800002bc (0x00012083) lw      x1, 0(x2)
core   4: 3 0x800002bc (0x00012083) x1  0x800001e4 mem 0x70001010
core   5: 0x800002bc (0x00012083) lw      x1, 0(x2)
core   5: 3 0x800002bc (0x00012083) x1  0x800001e4 mem 0x70001410
core   6: 0x800002bc (0x00012083) lw      x1, 0(x2)
core   6: 3 0x800002bc (0x00012083) x1  0x800001e4 mem 0x70001810
core   7: 0x800002bc (0x00012083) lw      x1, 0(x2)
core   7: 3 0x800002bc (0x00012083) x1  0x800001e4 mem 0x70001c10
core   0: 0x800002c0 (0xffc10113) addi    x2, x2, -4
core   0: 3 0x800002c0 (0xffc10113) x2  0x7000000c
core   1: 0x800002c0 (0xffc10113) addi    x2, x2, -4
core   1: 3 0x800002c0 (0xffc10113) x2  0x7000040c
core   2: 0x800002c0 (0xffc10113) addi    x2, x2, -4
core   2: 3 0x800002c0 (0xffc10113) x2  0x7000080c
core   3: 0x800002c0 (0xffc10113) addi    x2, x2, -4
core   3: 3 0x800002c0 (0xffc10113) x2  0x70000c0c
core   4: 0x800002c0 (0xffc10113) addi    x2, x2, -4
core   4: 3 0x800002c0 (0xffc10113) x2  0x7000100c
core   5: 0x800002c0 (0xffc10113) addi    x2, x2, -4
core   5: 3 0x800002c0 (0xffc10113) x2  0x7000140c
core   6: 0x800002c0 (0xffc10113) addi    x2, x2, -4
core   6: 3 0x800002c0 (0xffc10113) x2  0x7000180c
core   7: 0x800002c0 (0xffc10113) addi    x2, x2, -4
core   7: 3 0x800002c0 (0xffc10113) x2  0x70001c0c
core   0: 0x800002c4 (0x00008067) ret
core   0: 3 0x800002c4 (0x00008067)
core   1: 0x800002c4 (0x00008067) ret
core   1: 3 0x800002c4 (0x00008067)
core   2: 0x800002c4 (0x00008067) ret
core   2: 3 0x800002c4 (0x00008067)
core   3: 0x800002c4 (0x00008067) ret
core   3: 3 0x800002c4 (0x00008067)
core   4: 0x800002c4 (0x00008067) ret
core   4: 3 0x800002c4 (0x00008067)
core   5: 0x800002c4 (0x00008067) ret
core   5: 3 0x800002c4 (0x00008067)
core   6: 0x800002c4 (0x00008067) ret
core   6: 3 0x800002c4 (0x00008067)
core   7: 0x800002c4 (0x00008067) ret
core   7: 3 0x800002c4 (0x00008067)
core   0: 0x800001e4 (0xff812283) lw      x5, -8(x2)
core   0: 3 0x800001e4 (0xff812283) x5  0x00000100 mem 0x70000004
core   1: 0x800001e4 (0xff812283) lw      x5, -8(x2)
core   1: 3 0x800001e4 (0xff812283) x5  0x00000100 mem 0x70000404
core   2: 0x800001e4 (0xff812283) lw      x5, -8(x2)
core   2: 3 0x800001e4 (0xff812283) x5  0x00000100 mem 0x70000804
core   3: 0x800001e4 (0xff812283) lw      x5, -8(x2)
core   3: 3 0x800001e4 (0xff812283) x5  0x00000100 mem 0x70000c04
core   4: 0x800001e4 (0xff812283) lw      x5, -8(x2)
core   4: 3 0x800001e4 (0xff812283) x5  0x00000100 mem 0x70001004
core   5: 0x800001e4 (0xff812283) lw      x5, -8(x2)
core   5: 3 0x800001e4 (0xff812283) x5  0x00000100 mem 0x70001404
core   6: 0x800001e4 (0xff812283) lw      x5, -8(x2)
core   6: 3 0x800001e4 (0xff812283) x5  0x00000100 mem 0x70001804
core   7: 0x800001e4 (0xff812283) lw      x5, -8(x2)
core   7: 3 0x800001e4 (0xff812283) x5  0x00000100 mem 0x70001c04
core   0: 0x800001e8 (0x5e02c0d7) vmv.v.x v1, x5
core   0: 3 0x800001e8 (0x5e02c0d7) c8_vstart 0x00000000 e32 m1 l32 v1  ffffffff 0x00000100 00000100 00000100 00000100 00000100 00000100 00000100 00000100 00000100 00000100 00000100 00000100 00000100 00000100 00000100 00000100 00000100 00000100 00000100 00000100 00000100 00000100 00000100 00000100 00000100 00000100 00000100 00000100 00000100 00000100 00000100 00000100 
core   1: 0x800001e8 (0x5e02c0d7) vmv.v.x v1, x5
core   1: 3 0x800001e8 (0x5e02c0d7) c8_vstart 0x00000000 e32 m1 l32 v1  ffffffff 0x00000100 00000100 00000100 00000100 00000100 00000100 00000100 00000100 00000100 00000100 00000100 00000100 00000100 00000100 00000100 00000100 00000100 00000100 00000100 00000100 00000100 00000100 00000100 00000100 00000100 00000100 00000100 00000100 00000100 00000100 00000100 00000100 
core   2: 0x800001e8 (0x5e02c0d7) vmv.v.x v1, x5
core   2: 3 0x800001e8 (0x5e02c0d7) c8_vstart 0x00000000 e32 m1 l32 v1  ffffffff 0x00000100 00000100 00000100 00000100 00000100 00000100 00000100 00000100 00000100 00000100 00000100 00000100 00000100 00000100 00000100 00000100 00000100 00000100 00000100 00000100 00000100 00000100 00000100 00000100 00000100 00000100 00000100 00000100 00000100 00000100 00000100 00000100 
core   3: 0x800001e8 (0x5e02c0d7) vmv.v.x v1, x5
core   3: 3 0x800001e8 (0x5e02c0d7) c8_vstart 0x00000000 e32 m1 l32 v1  ffffffff 0x00000100 00000100 00000100 00000100 00000100 00000100 00000100 00000100 00000100 00000100 00000100 00000100 00000100 00000100 00000100 00000100 00000100 00000100 00000100 00000100 00000100 00000100 00000100 00000100 00000100 00000100 00000100 00000100 00000100 00000100 00000100 00000100 
core   4: 0x800001e8 (0x5e02c0d7) vmv.v.x v1, x5
core   4: 3 0x800001e8 (0x5e02c0d7) c8_vstart 0x00000000 e32 m1 l32 v1  ffffffff 0x00000100 00000100 00000100 00000100 00000100 00000100 00000100 00000100 00000100 00000100 00000100 00000100 00000100 00000100 00000100 00000100 00000100 00000100 00000100 00000100 00000100 00000100 00000100 00000100 00000100 00000100 00000100 00000100 00000100 00000100 00000100 00000100 
core   5: 0x800001e8 (0x5e02c0d7) vmv.v.x v1, x5
core   5: 3 0x800001e8 (0x5e02c0d7) c8_vstart 0x00000000 e32 m1 l32 v1  ffffffff 0x00000100 00000100 00000100 00000100 00000100 00000100 00000100 00000100 00000100 00000100 00000100 00000100 00000100 00000100 00000100 00000100 00000100 00000100 00000100 00000100 00000100 00000100 00000100 00000100 00000100 00000100 00000100 00000100 00000100 00000100 00000100 00000100 
core   6: 0x800001e8 (0x5e02c0d7) vmv.v.x v1, x5
core   6: 3 0x800001e8 (0x5e02c0d7) c8_vstart 0x00000000 e32 m1 l32 v1  ffffffff 0x00000100 00000100 00000100 00000100 00000100 00000100 00000100 00000100 00000100 00000100 00000100 00000100 00000100 00000100 00000100 00000100 00000100 00000100 00000100 00000100 00000100 00000100 00000100 00000100 00000100 00000100 00000100 00000100 00000100 00000100 00000100 00000100 
core   7: 0x800001e8 (0x5e02c0d7) vmv.v.x v1, x5
core   7: 3 0x800001e8 (0x5e02c0d7) c8_vstart 0x00000000 e32 m1 l32 v1  ffffffff 0x00000100 00000100 00000100 00000100 00000100 00000100 00000100 00000100 00000100 00000100 00000100 00000100 00000100 00000100 00000100 00000100 00000100 00000100 00000100 00000100 00000100 00000100 00000100 00000100 00000100 00000100 00000100 00000100 00000100 00000100 00000100 00000100 
core   0: 0x800001ec (0x00000317) auipc   x6, 0x0
core   0: 3 0x800001ec (0x00000317) x6  0x800001ec
core   1: 0x800001ec (0x00000317) auipc   x6, 0x0
core   1: 3 0x800001ec (0x00000317) x6  0x800001ec
core   2: 0x800001ec (0x00000317) auipc   x6, 0x0
core   2: 3 0x800001ec (0x00000317) x6  0x800001ec
core   3: 0x800001ec (0x00000317) auipc   x6, 0x0
core   3: 3 0x800001ec (0x00000317) x6  0x800001ec
core   4: 0x800001ec (0x00000317) auipc   x6, 0x0
core   4: 3 0x800001ec (0x00000317) x6  0x800001ec
core   5: 0x800001ec (0x00000317) auipc   x6, 0x0
core   5: 3 0x800001ec (0x00000317) x6  0x800001ec
core   6: 0x800001ec (0x00000317) auipc   x6, 0x0
core   6: 3 0x800001ec (0x00000317) x6  0x800001ec
core   7: 0x800001ec (0x00000317) auipc   x6, 0x0
core   7: 3 0x800001ec (0x00000317) x6  0x800001ec
core   0: 0x800001f0 (0x0603305b) setrpc  x0, x6, 96
core   0: 3 0x800001f0 (0x0603305b) c2060_rpc 0x8000024c current mask:	ffffffff current npc:	8000029c stack size: 0
core   1: 0x800001f0 (0x0603305b) setrpc  x0, x6, 96
core   1: 3 0x800001f0 (0x0603305b) c2060_rpc 0x8000024c current mask:	ffffffff current npc:	8000029c stack size: 0
core   2: 0x800001f0 (0x0603305b) setrpc  x0, x6, 96
core   2: 3 0x800001f0 (0x0603305b) c2060_rpc 0x8000024c current mask:	ffffffff current npc:	8000029c stack size: 0
core   3: 0x800001f0 (0x0603305b) setrpc  x0, x6, 96
core   3: 3 0x800001f0 (0x0603305b) c2060_rpc 0x8000024c current mask:	ffffffff current npc:	8000029c stack size: 0
core   4: 0x800001f0 (0x0603305b) setrpc  x0, x6, 96
core   4: 3 0x800001f0 (0x0603305b) c2060_rpc 0x8000024c current mask:	ffffffff current npc:	8000029c stack size: 0
core   5: 0x800001f0 (0x0603305b) setrpc  x0, x6, 96
core   5: 3 0x800001f0 (0x0603305b) c2060_rpc 0x8000024c current mask:	ffffffff current npc:	8000029c stack size: 0
core   6: 0x800001f0 (0x0603305b) setrpc  x0, x6, 96
core   6: 3 0x800001f0 (0x0603305b) c2060_rpc 0x8000024c current mask:	ffffffff current npc:	8000029c stack size: 0
core   7: 0x800001f0 (0x0603305b) setrpc  x0, x6, 96
core   7: 3 0x800001f0 (0x0603305b) c2060_rpc 0x8000024c current mask:	ffffffff current npc:	8000029c stack size: 0
core   0: 0x800001f4 (0x0400dc5b) vbge    v0, v1, pc + 88
core   0: 3 0x800001f4 (0x0400dc5b) c8_vstart 0x00000000 e32 m1 l32 current mask:	ffffffff current npc:	800001f8 stack size: 0
core   1: 0x800001f4 (0x0400dc5b) vbge    v0, v1, pc + 88
core   1: 3 0x800001f4 (0x0400dc5b) c8_vstart 0x00000000 e32 m1 l32 current mask:	ffffffff current npc:	800001f8 stack size: 0
core   2: 0x800001f4 (0x0400dc5b) vbge    v0, v1, pc + 88
core   2: 3 0x800001f4 (0x0400dc5b) c8_vstart 0x00000000 e32 m1 l32 current mask:	ffffffff current npc:	800001f8 stack size: 0
core   3: 0x800001f4 (0x0400dc5b) vbge    v0, v1, pc + 88
core   3: 3 0x800001f4 (0x0400dc5b) c8_vstart 0x00000000 e32 m1 l32 current mask:	ffffffff current npc:	800001f8 stack size: 0
core   4: 0x800001f4 (0x0400dc5b) vbge    v0, v1, pc + 88
core   4: 3 0x800001f4 (0x0400dc5b) c8_vstart 0x00000000 e32 m1 l32 current mask:	ffffffff current npc:	800001f8 stack size: 0
core   5: 0x800001f4 (0x0400dc5b) vbge    v0, v1, pc + 88
core   5: 3 0x800001f4 (0x0400dc5b) c8_vstart 0x00000000 e32 m1 l32 current mask:	ffffffff current npc:	800001f8 stack size: 0
core   6: 0x800001f4 (0x0400dc5b) vbge    v0, v1, pc + 88
core   6: 3 0x800001f4 (0x0400dc5b) c8_vstart 0x00000000 e32 m1 l32 current mask:	ffffffff current npc:	800001f8 stack size: 0
core   7: 0x800001f4 (0x0400dc5b) vbge    v0, v1, pc + 88
core   7: 3 0x800001f4 (0x0400dc5b) c8_vstart 0x00000000 e32 m1 l32 current mask:	ffffffff current npc:	800001f8 stack size: 0
core   0: 0x800001f8 (0xffc12283) lw      x5, -4(x2)
core   0: 3 0x800001f8 (0xffc12283) x5  0x90b1e000 mem 0x70000008
core   1: 0x800001f8 (0xffc12283) lw      x5, -4(x2)
core   1: 3 0x800001f8 (0xffc12283) x5  0x90b1e000 mem 0x70000408
core   2: 0x800001f8 (0xffc12283) lw      x5, -4(x2)
core   2: 3 0x800001f8 (0xffc12283) x5  0x90b1e000 mem 0x70000808
core   3: 0x800001f8 (0xffc12283) lw      x5, -4(x2)
core   3: 3 0x800001f8 (0xffc12283) x5  0x90b1e000 mem 0x70000c08
core   4: 0x800001f8 (0xffc12283) lw      x5, -4(x2)
core   4: 3 0x800001f8 (0xffc12283) x5  0x90b1e000 mem 0x70001008
core   5: 0x800001f8 (0xffc12283) lw      x5, -4(x2)
core   5: 3 0x800001f8 (0xffc12283) x5  0x90b1e000 mem 0x70001408
core   6: 0x800001f8 (0xffc12283) lw      x5, -4(x2)
core   6: 3 0x800001f8 (0xffc12283) x5  0x90b1e000 mem 0x70001808
core   7: 0x800001f8 (0xffc12283) lw      x5, -4(x2)
core   7: 3 0x800001f8 (0xffc12283) x5  0x90b1e000 mem 0x70001c08
core   0: 0x800001fc (0x0042a283) lw      x5, 4(x5)
core   0: 3 0x800001fc (0x0042a283) x5  0x90004000 mem 0x90b1e004
core   1: 0x800001fc (0x0042a283) lw      x5, 4(x5)
core   1: 3 0x800001fc (0x0042a283) x5  0x90004000 mem 0x90b1e004
core   2: 0x800001fc (0x0042a283) lw      x5, 4(x5)
core   2: 3 0x800001fc (0x0042a283) x5  0x90004000 mem 0x90b1e004
core   3: 0x800001fc (0x0042a283) lw      x5, 4(x5)
core   3: 3 0x800001fc (0x0042a283) x5  0x90004000 mem 0x90b1e004
core   4: 0x800001fc (0x0042a283) lw      x5, 4(x5)
core   4: 3 0x800001fc (0x0042a283) x5  0x90004000 mem 0x90b1e004
core   5: 0x800001fc (0x0042a283) lw      x5, 4(x5)
core   5: 3 0x800001fc (0x0042a283) x5  0x90004000 mem 0x90b1e004
core   6: 0x800001fc (0x0042a283) lw      x5, 4(x5)
core   6: 3 0x800001fc (0x0042a283) x5  0x90004000 mem 0x90b1e004
core   7: 0x800001fc (0x0042a283) lw      x5, 4(x5)
core   7: 3 0x800001fc (0x0042a283) x5  0x90004000 mem 0x90b1e004
core   0: 0x80000200 (0x0202c0d7) vadd.vx v1, v0, x5
core   0: 3 0x80000200 (0x0202c0d7) c8_vstart 0x00000000 e32 m1 l32 v1  ffffffff 0x9000401f 9000401e 9000401d 9000401c 9000401b 9000401a 90004019 90004018 90004017 90004016 90004015 90004014 90004013 90004012 90004011 90004010 9000400f 9000400e 9000400d 9000400c 9000400b 9000400a 90004009 90004008 90004007 90004006 90004005 90004004 90004003 90004002 90004001 90004000 
core   1: 0x80000200 (0x0202c0d7) vadd.vx v1, v0, x5
core   1: 3 0x80000200 (0x0202c0d7) c8_vstart 0x00000000 e32 m1 l32 v1  ffffffff 0x9000403f 9000403e 9000403d 9000403c 9000403b 9000403a 90004039 90004038 90004037 90004036 90004035 90004034 90004033 90004032 90004031 90004030 9000402f 9000402e 9000402d 9000402c 9000402b 9000402a 90004029 90004028 90004027 90004026 90004025 90004024 90004023 90004022 90004021 90004020 
core   2: 0x80000200 (0x0202c0d7) vadd.vx v1, v0, x5
core   2: 3 0x80000200 (0x0202c0d7) c8_vstart 0x00000000 e32 m1 l32 v1  ffffffff 0x9000405f 9000405e 9000405d 9000405c 9000405b 9000405a 90004059 90004058 90004057 90004056 90004055 90004054 90004053 90004052 90004051 90004050 9000404f 9000404e 9000404d 9000404c 9000404b 9000404a 90004049 90004048 90004047 90004046 90004045 90004044 90004043 90004042 90004041 90004040 
core   3: 0x80000200 (0x0202c0d7) vadd.vx v1, v0, x5
core   3: 3 0x80000200 (0x0202c0d7) c8_vstart 0x00000000 e32 m1 l32 v1  ffffffff 0x9000407f 9000407e 9000407d 9000407c 9000407b 9000407a 90004079 90004078 90004077 90004076 90004075 90004074 90004073 90004072 90004071 90004070 9000406f 9000406e 9000406d 9000406c 9000406b 9000406a 90004069 90004068 90004067 90004066 90004065 90004064 90004063 90004062 90004061 90004060 
core   4: 0x80000200 (0x0202c0d7) vadd.vx v1, v0, x5
core   4: 3 0x80000200 (0x0202c0d7) c8_vstart 0x00000000 e32 m1 l32 v1  ffffffff 0x9000409f 9000409e 9000409d 9000409c 9000409b 9000409a 90004099 90004098 90004097 90004096 90004095 90004094 90004093 90004092 90004091 90004090 9000408f 9000408e 9000408d 9000408c 9000408b 9000408a 90004089 90004088 90004087 90004086 90004085 90004084 90004083 90004082 90004081 90004080 
core   5: 0x80000200 (0x0202c0d7) vadd.vx v1, v0, x5
core   5: 3 0x80000200 (0x0202c0d7) c8_vstart 0x00000000 e32 m1 l32 v1  ffffffff 0x900040bf 900040be 900040bd 900040bc 900040bb 900040ba 900040b9 900040b8 900040b7 900040b6 900040b5 900040b4 900040b3 900040b2 900040b1 900040b0 900040af 900040ae 900040ad 900040ac 900040ab 900040aa 900040a9 900040a8 900040a7 900040a6 900040a5 900040a4 900040a3 900040a2 900040a1 900040a0 
core   6: 0x80000200 (0x0202c0d7) vadd.vx v1, v0, x5
core   6: 3 0x80000200 (0x0202c0d7) c8_vstart 0x00000000 e32 m1 l32 v1  ffffffff 0x900040df 900040de 900040dd 900040dc 900040db 900040da 900040d9 900040d8 900040d7 900040d6 900040d5 900040d4 900040d3 900040d2 900040d1 900040d0 900040cf 900040ce 900040cd 900040cc 900040cb 900040ca 900040c9 900040c8 900040c7 900040c6 900040c5 900040c4 900040c3 900040c2 900040c1 900040c0 
core   7: 0x80000200 (0x0202c0d7) vadd.vx v1, v0, x5
core   7: 3 0x80000200 (0x0202c0d7) c8_vstart 0x00000000 e32 m1 l32 v1  ffffffff 0x900040ff 900040fe 900040fd 900040fc 900040fb 900040fa 900040f9 900040f8 900040f7 900040f6 900040f5 900040f4 900040f3 900040f2 900040f1 900040f0 900040ef 900040ee 900040ed 900040ec 900040eb 900040ea 900040e9 900040e8 900040e7 900040e6 900040e5 900040e4 900040e3 900040e2 900040e1 900040e0 
core   0: 0x80000204 (0x0000c17b) vlbu12.v v2, v1, 0
core   0: 3 0x80000204 (0x0000c17b) e32 m1 l32 v2  ffffffff 0x00000000 00000000 00000000 00000000 00000000 00000000 00000000 00000000 00000000 00000000 00000000 00000000 00000000 00000000 00000000 00000000 00000000 00000000 00000000 00000000 00000000 00000000 00000000 00000000 00000000 00000000 00000000 00000000 00000000 00000000 00000000 00000000  c8_vstart 0x00000000 mem 0x90004000 mem 0x90004001 mem 0x90004002 mem 0x90004003 mem 0x90004004 mem 0x90004005 mem 0x90004006 mem 0x90004007 mem 0x90004008 mem 0x90004009 mem 0x9000400a mem 0x9000400b mem 0x9000400c mem 0x9000400d mem 0x9000400e mem 0x9000400f mem 0x90004010 mem 0x90004011 mem 0x90004012 mem 0x90004013 mem 0x90004014 mem 0x90004015 mem 0x90004016 mem 0x90004017 mem 0x90004018 mem 0x90004019 mem 0x9000401a mem 0x9000401b mem 0x9000401c mem 0x9000401d mem 0x9000401e mem 0x9000401f
core   1: 0x80000204 (0x0000c17b) vlbu12.v v2, v1, 0
core   1: 3 0x80000204 (0x0000c17b) e32 m1 l32 v2  ffffffff 0x00000000 00000000 00000000 00000000 00000000 00000000 00000000 00000000 00000000 00000000 00000000 00000000 00000000 00000000 00000000 00000000 00000000 00000000 00000000 00000000 00000000 00000000 00000000 00000000 00000000 00000000 00000000 00000000 00000000 00000000 00000000 00000000  c8_vstart 0x00000000 mem 0x90004020 mem 0x90004021 mem 0x90004022 mem 0x90004023 mem 0x90004024 mem 0x90004025 mem 0x90004026 mem 0x90004027 mem 0x90004028 mem 0x90004029 mem 0x9000402a mem 0x9000402b mem 0x9000402c mem 0x9000402d mem 0x9000402e mem 0x9000402f mem 0x90004030 mem 0x90004031 mem 0x90004032 mem 0x90004033 mem 0x90004034 mem 0x90004035 mem 0x90004036 mem 0x90004037 mem 0x90004038 mem 0x90004039 mem 0x9000403a mem 0x9000403b mem 0x9000403c mem 0x9000403d mem 0x9000403e mem 0x9000403f
core   2: 0x80000204 (0x0000c17b) vlbu12.v v2, v1, 0
core   2: 3 0x80000204 (0x0000c17b) e32 m1 l32 v2  ffffffff 0x00000000 00000000 00000000 00000000 00000000 00000000 00000000 00000000 00000000 00000000 00000000 00000000 00000000 00000000 00000000 00000000 00000000 00000000 00000000 00000000 00000000 00000000 00000000 00000000 00000000 00000000 00000000 00000000 00000000 00000000 00000000 00000000  c8_vstart 0x00000000 mem 0x90004040 mem 0x90004041 mem 0x90004042 mem 0x90004043 mem 0x90004044 mem 0x90004045 mem 0x90004046 mem 0x90004047 mem 0x90004048 mem 0x90004049 mem 0x9000404a mem 0x9000404b mem 0x9000404c mem 0x9000404d mem 0x9000404e mem 0x9000404f mem 0x90004050 mem 0x90004051 mem 0x90004052 mem 0x90004053 mem 0x90004054 mem 0x90004055 mem 0x90004056 mem 0x90004057 mem 0x90004058 mem 0x90004059 mem 0x9000405a mem 0x9000405b mem 0x9000405c mem 0x9000405d mem 0x9000405e mem 0x9000405f
core   3: 0x80000204 (0x0000c17b) vlbu12.v v2, v1, 0
core   3: 3 0x80000204 (0x0000c17b) e32 m1 l32 v2  ffffffff 0x00000000 00000000 00000000 00000000 00000000 00000000 00000000 00000000 00000000 00000000 00000000 00000000 00000000 00000000 00000000 00000000 00000000 00000000 00000000 00000000 00000000 00000000 00000000 00000000 00000000 00000000 00000000 00000000 00000000 00000000 00000000 00000000  c8_vstart 0x00000000 mem 0x90004060 mem 0x90004061 mem 0x90004062 mem 0x90004063 mem 0x90004064 mem 0x90004065 mem 0x90004066 mem 0x90004067 mem 0x90004068 mem 0x90004069 mem 0x9000406a mem 0x9000406b mem 0x9000406c mem 0x9000406d mem 0x9000406e mem 0x9000406f mem 0x90004070 mem 0x90004071 mem 0x90004072 mem 0x90004073 mem 0x90004074 mem 0x90004075 mem 0x90004076 mem 0x90004077 mem 0x90004078 mem 0x90004079 mem 0x9000407a mem 0x9000407b mem 0x9000407c mem 0x9000407d mem 0x9000407e mem 0x9000407f
core   4: 0x80000204 (0x0000c17b) vlbu12.v v2, v1, 0
core   4: 3 0x80000204 (0x0000c17b) e32 m1 l32 v2  ffffffff 0x00000000 00000000 00000000 00000000 00000000 00000000 00000000 00000000 00000000 00000000 00000000 00000000 00000000 00000000 00000000 00000000 00000000 00000000 00000000 00000000 00000000 00000000 00000000 00000000 00000000 00000000 00000000 00000000 00000000 00000000 00000000 00000000  c8_vstart 0x00000000 mem 0x90004080 mem 0x90004081 mem 0x90004082 mem 0x90004083 mem 0x90004084 mem 0x90004085 mem 0x90004086 mem 0x90004087 mem 0x90004088 mem 0x90004089 mem 0x9000408a mem 0x9000408b mem 0x9000408c mem 0x9000408d mem 0x9000408e mem 0x9000408f mem 0x90004090 mem 0x90004091 mem 0x90004092 mem 0x90004093 mem 0x90004094 mem 0x90004095 mem 0x90004096 mem 0x90004097 mem 0x90004098 mem 0x90004099 mem 0x9000409a mem 0x9000409b mem 0x9000409c mem 0x9000409d mem 0x9000409e mem 0x9000409f
core   5: 0x80000204 (0x0000c17b) vlbu12.v v2, v1, 0
core   5: 3 0x80000204 (0x0000c17b) e32 m1 l32 v2  ffffffff 0x00000000 00000000 00000000 00000000 00000000 00000000 00000000 00000000 00000000 00000000 00000000 00000000 00000000 00000000 00000000 00000000 00000000 00000000 00000000 00000000 00000000 00000000 00000000 00000000 00000000 00000000 00000000 00000000 00000000 00000000 00000000 00000000  c8_vstart 0x00000000 mem 0x900040a0 mem 0x900040a1 mem 0x900040a2 mem 0x900040a3 mem 0x900040a4 mem 0x900040a5 mem 0x900040a6 mem 0x900040a7 mem 0x900040a8 mem 0x900040a9 mem 0x900040aa mem 0x900040ab mem 0x900040ac mem 0x900040ad mem 0x900040ae mem 0x900040af mem 0x900040b0 mem 0x900040b1 mem 0x900040b2 mem 0x900040b3 mem 0x900040b4 mem 0x900040b5 mem 0x900040b6 mem 0x900040b7 mem 0x900040b8 mem 0x900040b9 mem 0x900040ba mem 0x900040bb mem 0x900040bc mem 0x900040bd mem 0x900040be mem 0x900040bf
core   6: 0x80000204 (0x0000c17b) vlbu12.v v2, v1, 0
core   6: 3 0x80000204 (0x0000c17b) e32 m1 l32 v2  ffffffff 0x00000000 00000000 00000000 00000000 00000000 00000000 00000000 00000000 00000000 00000000 00000000 00000000 00000000 00000000 00000000 00000000 00000000 00000000 00000000 00000000 00000000 00000000 00000000 00000000 00000000 00000000 00000000 00000000 00000000 00000000 00000000 00000000  c8_vstart 0x00000000 mem 0x900040c0 mem 0x900040c1 mem 0x900040c2 mem 0x900040c3 mem 0x900040c4 mem 0x900040c5 mem 0x900040c6 mem 0x900040c7 mem 0x900040c8 mem 0x900040c9 mem 0x900040ca mem 0x900040cb mem 0x900040cc mem 0x900040cd mem 0x900040ce mem 0x900040cf mem 0x900040d0 mem 0x900040d1 mem 0x900040d2 mem 0x900040d3 mem 0x900040d4 mem 0x900040d5 mem 0x900040d6 mem 0x900040d7 mem 0x900040d8 mem 0x900040d9 mem 0x900040da mem 0x900040db mem 0x900040dc mem 0x900040dd mem 0x900040de mem 0x900040df
core   7: 0x80000204 (0x0000c17b) vlbu12.v v2, v1, 0
core   7: 3 0x80000204 (0x0000c17b) e32 m1 l32 v2  ffffffff 0x00000000 00000000 00000000 00000000 00000000 00000000 00000000 00000000 00000000 00000000 00000000 00000000 00000000 00000000 00000000 00000000 00000000 00000000 00000000 00000000 00000000 00000000 00000000 00000000 00000000 00000000 00000000 00000000 00000000 00000000 00000000 00000000  c8_vstart 0x00000000 mem 0x900040e0 mem 0x900040e1 mem 0x900040e2 mem 0x900040e3 mem 0x900040e4 mem 0x900040e5 mem 0x900040e6 mem 0x900040e7 mem 0x900040e8 mem 0x900040e9 mem 0x900040ea mem 0x900040eb mem 0x900040ec mem 0x900040ed mem 0x900040ee mem 0x900040ef mem 0x900040f0 mem 0x900040f1 mem 0x900040f2 mem 0x900040f3 mem 0x900040f4 mem 0x900040f5 mem 0x900040f6 mem 0x900040f7 mem 0x900040f8 mem 0x900040f9 mem 0x900040fa mem 0x900040fb mem 0x900040fc mem 0x900040fd mem 0x900040fe mem 0x900040ff
core   0: 0x80000208 (0x5e0041d7) vmv.v.x v3, x0
core   0: 3 0x80000208 (0x5e0041d7) c8_vstart 0x00000000 e32 m1 l32 v3  ffffffff 0x00000000 00000000 00000000 00000000 00000000 00000000 00000000 00000000 00000000 00000000 00000000 00000000 00000000 00000000 00000000 00000000 00000000 00000000 00000000 00000000 00000000 00000000 00000000 00000000 00000000 00000000 00000000 00000000 00000000 00000000 00000000 00000000 
core   1: 0x80000208 (0x5e0041d7) vmv.v.x v3, x0
core   1: 3 0x80000208 (0x5e0041d7) c8_vstart 0x00000000 e32 m1 l32 v3  ffffffff 0x00000000 00000000 00000000 00000000 00000000 00000000 00000000 00000000 00000000 00000000 00000000 00000000 00000000 00000000 00000000 00000000 00000000 00000000 00000000 00000000 00000000 00000000 00000000 00000000 00000000 00000000 00000000 00000000 00000000 00000000 00000000 00000000 
core   2: 0x80000208 (0x5e0041d7) vmv.v.x v3, x0
core   2: 3 0x80000208 (0x5e0041d7) c8_vstart 0x00000000 e32 m1 l32 v3  ffffffff 0x00000000 00000000 00000000 00000000 00000000 00000000 00000000 00000000 00000000 00000000 00000000 00000000 00000000 00000000 00000000 00000000 00000000 00000000 00000000 00000000 00000000 00000000 00000000 00000000 00000000 00000000 00000000 00000000 00000000 00000000 00000000 00000000 
core   3: 0x80000208 (0x5e0041d7) vmv.v.x v3, x0
core   3: 3 0x80000208 (0x5e0041d7) c8_vstart 0x00000000 e32 m1 l32 v3  ffffffff 0x00000000 00000000 00000000 00000000 00000000 00000000 00000000 00000000 00000000 00000000 00000000 00000000 00000000 00000000 00000000 00000000 00000000 00000000 00000000 00000000 00000000 00000000 00000000 00000000 00000000 00000000 00000000 00000000 00000000 00000000 00000000 00000000 
core   4: 0x80000208 (0x5e0041d7) vmv.v.x v3, x0
core   4: 3 0x80000208 (0x5e0041d7) c8_vstart 0x00000000 e32 m1 l32 v3  ffffffff 0x00000000 00000000 00000000 00000000 00000000 00000000 00000000 00000000 00000000 00000000 00000000 00000000 00000000 00000000 00000000 00000000 00000000 00000000 00000000 00000000 00000000 00000000 00000000 00000000 00000000 00000000 00000000 00000000 00000000 00000000 00000000 00000000 
core   5: 0x80000208 (0x5e0041d7) vmv.v.x v3, x0
core   5: 3 0x80000208 (0x5e0041d7) c8_vstart 0x00000000 e32 m1 l32 v3  ffffffff 0x00000000 00000000 00000000 00000000 00000000 00000000 00000000 00000000 00000000 00000000 00000000 00000000 00000000 00000000 00000000 00000000 00000000 00000000 00000000 00000000 00000000 00000000 00000000 00000000 00000000 00000000 00000000 00000000 00000000 00000000 00000000 00000000 
core   6: 0x80000208 (0x5e0041d7) vmv.v.x v3, x0
core   6: 3 0x80000208 (0x5e0041d7) c8_vstart 0x00000000 e32 m1 l32 v3  ffffffff 0x00000000 00000000 00000000 00000000 00000000 00000000 00000000 00000000 00000000 00000000 00000000 00000000 00000000 00000000 00000000 00000000 00000000 00000000 00000000 00000000 00000000 00000000 00000000 00000000 00000000 00000000 00000000 00000000 00000000 00000000 00000000 00000000 
core   7: 0x80000208 (0x5e0041d7) vmv.v.x v3, x0
core   7: 3 0x80000208 (0x5e0041d7) c8_vstart 0x00000000 e32 m1 l32 v3  ffffffff 0x00000000 00000000 00000000 00000000 00000000 00000000 00000000 00000000 00000000 00000000 00000000 00000000 00000000 00000000 00000000 00000000 00000000 00000000 00000000 00000000 00000000 00000000 00000000 00000000 00000000 00000000 00000000 00000000 00000000 00000000 00000000 00000000 
core   0: 0x8000020c (0x00000317) auipc   x6, 0x0
core   0: 3 0x8000020c (0x00000317) x6  0x8000020c
core   1: 0x8000020c (0x00000317) auipc   x6, 0x0
core   1: 3 0x8000020c (0x00000317) x6  0x8000020c
core   2: 0x8000020c (0x00000317) auipc   x6, 0x0
core   2: 3 0x8000020c (0x00000317) x6  0x8000020c
core   3: 0x8000020c (0x00000317) auipc   x6, 0x0
core   3: 3 0x8000020c (0x00000317) x6  0x8000020c
core   4: 0x8000020c (0x00000317) auipc   x6, 0x0
core   4: 3 0x8000020c (0x00000317) x6  0x8000020c
core   5: 0x8000020c (0x00000317) auipc   x6, 0x0
core   5: 3 0x8000020c (0x00000317) x6  0x8000020c
core   6: 0x8000020c (0x00000317) auipc   x6, 0x0
core   6: 3 0x8000020c (0x00000317) x6  0x8000020c
core   7: 0x8000020c (0x00000317) auipc   x6, 0x0
core   7: 3 0x8000020c (0x00000317) x6  0x8000020c
core   0: 0x80000210 (0x0403305b) setrpc  x0, x6, 64
core   0: 3 0x80000210 (0x0403305b) c2060_rpc 0x8000024c current mask:	ffffffff current npc:	800001f8 stack size: 0
core   1: 0x80000210 (0x0403305b) setrpc  x0, x6, 64
core   1: 3 0x80000210 (0x0403305b) c2060_rpc 0x8000024c current mask:	ffffffff current npc:	800001f8 stack size: 0
core   2: 0x80000210 (0x0403305b) setrpc  x0, x6, 64
core   2: 3 0x80000210 (0x0403305b) c2060_rpc 0x8000024c current mask:	ffffffff current npc:	800001f8 stack size: 0
core   3: 0x80000210 (0x0403305b) setrpc  x0, x6, 64
core   3: 3 0x80000210 (0x0403305b) c2060_rpc 0x8000024c current mask:	ffffffff current npc:	800001f8 stack size: 0
core   4: 0x80000210 (0x0403305b) setrpc  x0, x6, 64
core   4: 3 0x80000210 (0x0403305b) c2060_rpc 0x8000024c current mask:	ffffffff current npc:	800001f8 stack size: 0
core   5: 0x80000210 (0x0403305b) setrpc  x0, x6, 64
core   5: 3 0x80000210 (0x0403305b) c2060_rpc 0x8000024c current mask:	ffffffff current npc:	800001f8 stack size: 0
core   6: 0x80000210 (0x0403305b) setrpc  x0, x6, 64
core   6: 3 0x80000210 (0x0403305b) c2060_rpc 0x8000024c current mask:	ffffffff current npc:	800001f8 stack size: 0
core   7: 0x80000210 (0x0403305b) setrpc  x0, x6, 64
core   7: 3 0x80000210 (0x0403305b) c2060_rpc 0x8000024c current mask:	ffffffff current npc:	800001f8 stack size: 0
core   0: 0x80000214 (0x02218c5b) vbeq    v2, v3, pc + 56
core   0: 3 0x80000214 (0x02218c5b) c8_vstart 0x00000000 e32 m1 l32 current mask:	ffffffff current npc:	8000024c stack size: 0
core   1: 0x80000214 (0x02218c5b) vbeq    v2, v3, pc + 56
core   1: 3 0x80000214 (0x02218c5b) c8_vstart 0x00000000 e32 m1 l32 current mask:	ffffffff current npc:	8000024c stack size: 0
core   2: 0x80000214 (0x02218c5b) vbeq    v2, v3, pc + 56
core   2: 3 0x80000214 (0x02218c5b) c8_vstart 0x00000000 e32 m1 l32 current mask:	ffffffff current npc:	8000024c stack size: 0
core   3: 0x80000214 (0x02218c5b) vbeq    v2, v3, pc + 56
core   3: 3 0x80000214 (0x02218c5b) c8_vstart 0x00000000 e32 m1 l32 current mask:	ffffffff current npc:	8000024c stack size: 0
core   4: 0x80000214 (0x02218c5b) vbeq    v2, v3, pc + 56
core   4: 3 0x80000214 (0x02218c5b) c8_vstart 0x00000000 e32 m1 l32 current mask:	ffffffff current npc:	8000024c stack size: 0
core   5: 0x80000214 (0x02218c5b) vbeq    v2, v3, pc + 56
core   5: 3 0x80000214 (0x02218c5b) c8_vstart 0x00000000 e32 m1 l32 current mask:	ffffffff current npc:	8000024c stack size: 0
core   6: 0x80000214 (0x02218c5b) vbeq    v2, v3, pc + 56
core   6: 3 0x80000214 (0x02218c5b) c8_vstart 0x00000000 e32 m1 l32 current mask:	ffffffff current npc:	8000024c stack size: 0
core   7: 0x80000214 (0x02218c5b) vbeq    v2, v3, pc + 56
core   7: 3 0x80000214 (0x02218c5b) c8_vstart 0x00000000 e32 m1 l32 current mask:	ffffffff current npc:	8000024c stack size: 0
core   0: 0x8000024c (0x0000205b) join    v0, v0, pc + 0
core   0: 3 0x8000024c (0x0000205b) current mask:	ffffffff current npc:	8000024c stack size: 0
core   1: 0x8000024c (0x0000205b) join    v0, v0, pc + 0
core   1: 3 0x8000024c (0x0000205b) current mask:	ffffffff current npc:	8000024c stack size: 0
core   2: 0x8000024c (0x0000205b) join    v0, v0, pc + 0
core   2: 3 0x8000024c (0x0000205b) current mask:	ffffffff current npc:	8000024c stack size: 0
core   3: 0x8000024c (0x0000205b) join    v0, v0, pc + 0
core   3: 3 0x8000024c (0x0000205b) current mask:	ffffffff current npc:	8000024c stack size: 0
core   4: 0x8000024c (0x0000205b) join    v0, v0, pc + 0
core   4: 3 0x8000024c (0x0000205b) current mask:	ffffffff current npc:	8000024c stack size: 0
core   5: 0x8000024c (0x0000205b) join    v0, v0, pc + 0
core   5: 3 0x8000024c (0x0000205b) current mask:	ffffffff current npc:	8000024c stack size: 0
core   6: 0x8000024c (0x0000205b) join    v0, v0, pc + 0
core   6: 3 0x8000024c (0x0000205b) current mask:	ffffffff current npc:	8000024c stack size: 0
core   7: 0x8000024c (0x0000205b) join    v0, v0, pc + 0
core   7: 3 0x8000024c (0x0000205b) current mask:	ffffffff current npc:	8000024c stack size: 0
core   0: 0x80000250 (0x00012083) lw      x1, 0(x2)
core   0: 3 0x80000250 (0x00012083) x1  0x80000090 mem 0x7000000c
core   1: 0x80000250 (0x00012083) lw      x1, 0(x2)
core   1: 3 0x80000250 (0x00012083) x1  0x80000090 mem 0x7000040c
core   2: 0x80000250 (0x00012083) lw      x1, 0(x2)
core   2: 3 0x80000250 (0x00012083) x1  0x80000090 mem 0x7000080c
core   3: 0x80000250 (0x00012083) lw      x1, 0(x2)
core   3: 3 0x80000250 (0x00012083) x1  0x80000090 mem 0x70000c0c
core   4: 0x80000250 (0x00012083) lw      x1, 0(x2)
core   4: 3 0x80000250 (0x00012083) x1  0x80000090 mem 0x7000100c
core   5: 0x80000250 (0x00012083) lw      x1, 0(x2)
core   5: 3 0x80000250 (0x00012083) x1  0x80000090 mem 0x7000140c
core   6: 0x80000250 (0x00012083) lw      x1, 0(x2)
core   6: 3 0x80000250 (0x00012083) x1  0x80000090 mem 0x7000180c
core   7: 0x80000250 (0x00012083) lw      x1, 0(x2)
core   7: 3 0x80000250 (0x00012083) x1  0x80000090 mem 0x70001c0c
core   0: 0x80000254 (0xff410113) addi    x2, x2, -12
core   0: 3 0x80000254 (0xff410113) x2  0x70000000
core   1: 0x80000254 (0xff410113) addi    x2, x2, -12
core   1: 3 0x80000254 (0xff410113) x2  0x70000400
core   2: 0x80000254 (0xff410113) addi    x2, x2, -12
core   2: 3 0x80000254 (0xff410113) x2  0x70000800
core   3: 0x80000254 (0xff410113) addi    x2, x2, -12
core   3: 3 0x80000254 (0xff410113) x2  0x70000c00
core   4: 0x80000254 (0xff410113) addi    x2, x2, -12
core   4: 3 0x80000254 (0xff410113) x2  0x70001000
core   5: 0x80000254 (0xff410113) addi    x2, x2, -12
core   5: 3 0x80000254 (0xff410113) x2  0x70001400
core   6: 0x80000254 (0xff410113) addi    x2, x2, -12
core   6: 3 0x80000254 (0xff410113) x2  0x70001800
core   7: 0x80000254 (0xff410113) addi    x2, x2, -12
core   7: 3 0x80000254 (0xff410113) x2  0x70001c00
core   0: 0x80000258 (0x00008067) ret
core   0: 3 0x80000258 (0x00008067)
core   1: 0x80000258 (0x00008067) ret
core   1: 3 0x80000258 (0x00008067)
core   2: 0x80000258 (0x00008067) ret
core   2: 3 0x80000258 (0x00008067)
core   3: 0x80000258 (0x00008067) ret
core   3: 3 0x80000258 (0x00008067)
core   4: 0x80000258 (0x00008067) ret
core   4: 3 0x80000258 (0x00008067)
core   5: 0x80000258 (0x00008067) ret
core   5: 3 0x80000258 (0x00008067)
core   6: 0x80000258 (0x00008067) ret
core   6: 3 0x80000258 (0x00008067)
core   7: 0x80000258 (0x00008067) ret
core   7: 3 0x80000258 (0x00008067)
core   0: 0x80000090 (0x0000400b) endprg  x0, x0, x0
core   0: 3 0x80000090 (0x0000400b)
core   1: 0x80000090 (0x0000400b) endprg  x0, x0, x0
core   1: 3 0x80000090 (0x0000400b)
core   2: 0x80000090 (0x0000400b) endprg  x0, x0, x0
core   2: 3 0x80000090 (0x0000400b)
core   3: 0x80000090 (0x0000400b) endprg  x0, x0, x0
core   3: 3 0x80000090 (0x0000400b)
core   4: 0x80000090 (0x0000400b) endprg  x0, x0, x0
core   4: 3 0x80000090 (0x0000400b)
core   5: 0x80000090 (0x0000400b) endprg  x0, x0, x0
core   5: 3 0x80000090 (0x0000400b)
core   6: 0x80000090 (0x0000400b) endprg  x0, x0, x0
core   6: 3 0x80000090 (0x0000400b)
core   7: 0x80000090 (0x0000400b) endprg  x0, x0, x0
core   7: 3 0x80000090 (0x0000400b)
core   0: 0x80000094 (0x0040006f) j       pc + 0x4
core   0: 3 0x80000094 (0x0040006f)
core   0: 0x80000098 (0x00100313) li      x6, 1
core   0: 3 0x80000098 (0x00100313) x6  0x00000001
core   0: 0x8000009c (0x00001297) auipc   x5, 0x1
core   0: 3 0x8000009c (0x00001297) x5  0x8000109c
core   0: 0x800000a0 (0xf6428293) addi    x5, x5, -156
core   0: 3 0x800000a0 (0xf6428293) x5  0x80001000
core   0: 0x800000a4 (0x0062a023) sw      x6, 0(x5)
core   0: 3 0x800000a4 (0x0062a023) mem 0x80001000 0x00000001
